This is pdfTeX, Version 3.1415926-2.5-1.40.14 (TeX Live 2013/Debian) (format=pdflatex 2018.10.12)  11 JUN 2019 16:39
entering extended mode
 restricted \write18 enabled.
 %&-line parsing enabled.
**chap4.tex
(./chap4.tex
LaTeX2e <2011/06/27>
Babel <3.9h> and hyphenation patterns for 78 languages loaded.
(/usr/share/texlive/texmf-dist/tex/latex/base/article.cls
Document Class: article 2007/10/19 v1.4h Standard LaTeX document class
(/usr/share/texlive/texmf-dist/tex/latex/base/size10.clo
File: size10.clo 2007/10/19 v1.4h Standard LaTeX file (size option)
)
\c@part=\count79
\c@section=\count80
\c@subsection=\count81
\c@subsubsection=\count82
\c@paragraph=\count83
\c@subparagraph=\count84
\c@figure=\count85
\c@table=\count86
\abovecaptionskip=\skip41
\belowcaptionskip=\skip42
\bibindent=\dimen102
) (/usr/share/texmf/tex/latex/lm/lmodern.sty
Package: lmodern 2009/10/30 v1.6 Latin Modern Fonts
LaTeX Font Info:    Overwriting symbol font `operators' in version `normal'
(Font)                  OT1/cmr/m/n --> OT1/lmr/m/n on input line 22.
LaTeX Font Info:    Overwriting symbol font `letters' in version `normal'
(Font)                  OML/cmm/m/it --> OML/lmm/m/it on input line 23.
LaTeX Font Info:    Overwriting symbol font `symbols' in version `normal'
(Font)                  OMS/cmsy/m/n --> OMS/lmsy/m/n on input line 24.
LaTeX Font Info:    Overwriting symbol font `largesymbols' in version `normal'
(Font)                  OMX/cmex/m/n --> OMX/lmex/m/n on input line 25.
LaTeX Font Info:    Overwriting symbol font `operators' in version `bold'
(Font)                  OT1/cmr/bx/n --> OT1/lmr/bx/n on input line 26.
LaTeX Font Info:    Overwriting symbol font `letters' in version `bold'
(Font)                  OML/cmm/b/it --> OML/lmm/b/it on input line 27.
LaTeX Font Info:    Overwriting symbol font `symbols' in version `bold'
(Font)                  OMS/cmsy/b/n --> OMS/lmsy/b/n on input line 28.
LaTeX Font Info:    Overwriting symbol font `largesymbols' in version `bold'
(Font)                  OMX/cmex/m/n --> OMX/lmex/m/n on input line 29.
LaTeX Font Info:    Overwriting math alphabet `\mathbf' in version `normal'
(Font)                  OT1/cmr/bx/n --> OT1/lmr/bx/n on input line 31.
LaTeX Font Info:    Overwriting math alphabet `\mathsf' in version `normal'
(Font)                  OT1/cmss/m/n --> OT1/lmss/m/n on input line 32.
LaTeX Font Info:    Overwriting math alphabet `\mathit' in version `normal'
(Font)                  OT1/cmr/m/it --> OT1/lmr/m/it on input line 33.
LaTeX Font Info:    Overwriting math alphabet `\mathtt' in version `normal'
(Font)                  OT1/cmtt/m/n --> OT1/lmtt/m/n on input line 34.
LaTeX Font Info:    Overwriting math alphabet `\mathbf' in version `bold'
(Font)                  OT1/cmr/bx/n --> OT1/lmr/bx/n on input line 35.
LaTeX Font Info:    Overwriting math alphabet `\mathsf' in version `bold'
(Font)                  OT1/cmss/bx/n --> OT1/lmss/bx/n on input line 36.
LaTeX Font Info:    Overwriting math alphabet `\mathit' in version `bold'
(Font)                  OT1/cmr/bx/it --> OT1/lmr/bx/it on input line 37.
LaTeX Font Info:    Overwriting math alphabet `\mathtt' in version `bold'
(Font)                  OT1/cmtt/m/n --> OT1/lmtt/m/n on input line 38.
) (/usr/share/texlive/texmf-dist/tex/latex/amsfonts/amssymb.sty
Package: amssymb 2013/01/14 v3.01 AMS font symbols
(/usr/share/texlive/texmf-dist/tex/latex/amsfonts/amsfonts.sty
Package: amsfonts 2013/01/14 v3.01 Basic AMSFonts support
\@emptytoks=\toks14
\symAMSa=\mathgroup4
\symAMSb=\mathgroup5
LaTeX Font Info:    Overwriting math alphabet `\mathfrak' in version `bold'
(Font)                  U/euf/m/n --> U/euf/b/n on input line 106.
)) (/usr/share/texlive/texmf-dist/tex/latex/amsmath/amsmath.sty
Package: amsmath 2013/01/14 v2.14 AMS math features
\@mathmargin=\skip43
For additional information on amsmath, use the `?' option.
(/usr/share/texlive/texmf-dist/tex/latex/amsmath/amstext.sty
Package: amstext 2000/06/29 v2.01
(/usr/share/texlive/texmf-dist/tex/latex/amsmath/amsgen.sty
File: amsgen.sty 1999/11/30 v2.0
\@emptytoks=\toks15
\ex@=\dimen103
)) (/usr/share/texlive/texmf-dist/tex/latex/amsmath/amsbsy.sty
Package: amsbsy 1999/11/29 v1.2d
\pmbraise@=\dimen104
) (/usr/share/texlive/texmf-dist/tex/latex/amsmath/amsopn.sty
Package: amsopn 1999/12/14 v2.01 operator names
)
\inf@bad=\count87
LaTeX Info: Redefining \frac on input line 210.
\uproot@=\count88
\leftroot@=\count89
LaTeX Info: Redefining \overline on input line 306.
\classnum@=\count90
\DOTSCASE@=\count91
LaTeX Info: Redefining \ldots on input line 378.
LaTeX Info: Redefining \dots on input line 381.
LaTeX Info: Redefining \cdots on input line 466.
\Mathstrutbox@=\box26
\strutbox@=\box27
\big@size=\dimen105
LaTeX Font Info:    Redeclaring font encoding OML on input line 566.
LaTeX Font Info:    Redeclaring font encoding OMS on input line 567.
\macc@depth=\count92
\c@MaxMatrixCols=\count93
\dotsspace@=\muskip10
\c@parentequation=\count94
\dspbrk@lvl=\count95
\tag@help=\toks16
\row@=\count96
\column@=\count97
\maxfields@=\count98
\andhelp@=\toks17
\eqnshift@=\dimen106
\alignsep@=\dimen107
\tagshift@=\dimen108
\tagwidth@=\dimen109
\totwidth@=\dimen110
\lineht@=\dimen111
\@envbody=\toks18
\multlinegap=\skip44
\multlinetaggap=\skip45
\mathdisplay@stack=\toks19
LaTeX Info: Redefining \[ on input line 2665.
LaTeX Info: Redefining \] on input line 2666.
) (/usr/share/texlive/texmf-dist/tex/generic/ifxetex/ifxetex.sty
Package: ifxetex 2010/09/12 v0.6 Provides ifxetex conditional
) (/usr/share/texlive/texmf-dist/tex/generic/oberdiek/ifluatex.sty
Package: ifluatex 2010/03/01 v1.3 Provides the ifluatex switch (HO)
Package ifluatex Info: LuaTeX not detected.
) (/usr/share/texlive/texmf-dist/tex/latex/base/fixltx2e.sty
Package: fixltx2e 2006/09/13 v1.1m fixes to LaTeX
LaTeX Info: Redefining \em on input line 420.
LaTeX Info: The control sequence `\[' is already robust on input line 471.
LaTeX Info: The control sequence `\]' is already robust on input line 472.
) (/usr/share/texlive/texmf-dist/tex/latex/base/fontenc.sty
Package: fontenc 2005/09/27 v1.99g Standard LaTeX package
(/usr/share/texlive/texmf-dist/tex/latex/base/t1enc.def
File: t1enc.def 2005/09/27 v1.99g Standard LaTeX file
LaTeX Font Info:    Redeclaring font encoding T1 on input line 43.
)) (/usr/share/texlive/texmf-dist/tex/latex/base/inputenc.sty
Package: inputenc 2008/03/30 v1.1d Input encoding file
\inpenc@prehook=\toks20
\inpenc@posthook=\toks21
(/usr/share/texlive/texmf-dist/tex/latex/base/utf8.def
File: utf8.def 2008/04/05 v1.1m UTF-8 support for inputenc
Now handling font encoding OML ...
... no UTF-8 mapping file for font encoding OML
Now handling font encoding T1 ...
... processing UTF-8 mapping file for font encoding T1
(/usr/share/texlive/texmf-dist/tex/latex/base/t1enc.dfu
File: t1enc.dfu 2008/04/05 v1.1m UTF-8 support for inputenc
   defining Unicode char U+00A1 (decimal 161)
   defining Unicode char U+00A3 (decimal 163)
   defining Unicode char U+00AB (decimal 171)
   defining Unicode char U+00BB (decimal 187)
   defining Unicode char U+00BF (decimal 191)
   defining Unicode char U+00C0 (decimal 192)
   defining Unicode char U+00C1 (decimal 193)
   defining Unicode char U+00C2 (decimal 194)
   defining Unicode char U+00C3 (decimal 195)
   defining Unicode char U+00C4 (decimal 196)
   defining Unicode char U+00C5 (decimal 197)
   defining Unicode char U+00C6 (decimal 198)
   defining Unicode char U+00C7 (decimal 199)
   defining Unicode char U+00C8 (decimal 200)
   defining Unicode char U+00C9 (decimal 201)
   defining Unicode char U+00CA (decimal 202)
   defining Unicode char U+00CB (decimal 203)
   defining Unicode char U+00CC (decimal 204)
   defining Unicode char U+00CD (decimal 205)
   defining Unicode char U+00CE (decimal 206)
   defining Unicode char U+00CF (decimal 207)
   defining Unicode char U+00D0 (decimal 208)
   defining Unicode char U+00D1 (decimal 209)
   defining Unicode char U+00D2 (decimal 210)
   defining Unicode char U+00D3 (decimal 211)
   defining Unicode char U+00D4 (decimal 212)
   defining Unicode char U+00D5 (decimal 213)
   defining Unicode char U+00D6 (decimal 214)
   defining Unicode char U+00D8 (decimal 216)
   defining Unicode char U+00D9 (decimal 217)
   defining Unicode char U+00DA (decimal 218)
   defining Unicode char U+00DB (decimal 219)
   defining Unicode char U+00DC (decimal 220)
   defining Unicode char U+00DD (decimal 221)
   defining Unicode char U+00DE (decimal 222)
   defining Unicode char U+00DF (decimal 223)
   defining Unicode char U+00E0 (decimal 224)
   defining Unicode char U+00E1 (decimal 225)
   defining Unicode char U+00E2 (decimal 226)
   defining Unicode char U+00E3 (decimal 227)
   defining Unicode char U+00E4 (decimal 228)
   defining Unicode char U+00E5 (decimal 229)
   defining Unicode char U+00E6 (decimal 230)
   defining Unicode char U+00E7 (decimal 231)
   defining Unicode char U+00E8 (decimal 232)
   defining Unicode char U+00E9 (decimal 233)
   defining Unicode char U+00EA (decimal 234)
   defining Unicode char U+00EB (decimal 235)
   defining Unicode char U+00EC (decimal 236)
   defining Unicode char U+00ED (decimal 237)
   defining Unicode char U+00EE (decimal 238)
   defining Unicode char U+00EF (decimal 239)
   defining Unicode char U+00F0 (decimal 240)
   defining Unicode char U+00F1 (decimal 241)
   defining Unicode char U+00F2 (decimal 242)
   defining Unicode char U+00F3 (decimal 243)
   defining Unicode char U+00F4 (decimal 244)
   defining Unicode char U+00F5 (decimal 245)
   defining Unicode char U+00F6 (decimal 246)
   defining Unicode char U+00F8 (decimal 248)
   defining Unicode char U+00F9 (decimal 249)
   defining Unicode char U+00FA (decimal 250)
   defining Unicode char U+00FB (decimal 251)
   defining Unicode char U+00FC (decimal 252)
   defining Unicode char U+00FD (decimal 253)
   defining Unicode char U+00FE (decimal 254)
   defining Unicode char U+00FF (decimal 255)
   defining Unicode char U+0102 (decimal 258)
   defining Unicode char U+0103 (decimal 259)
   defining Unicode char U+0104 (decimal 260)
   defining Unicode char U+0105 (decimal 261)
   defining Unicode char U+0106 (decimal 262)
   defining Unicode char U+0107 (decimal 263)
   defining Unicode char U+010C (decimal 268)
   defining Unicode char U+010D (decimal 269)
   defining Unicode char U+010E (decimal 270)
   defining Unicode char U+010F (decimal 271)
   defining Unicode char U+0110 (decimal 272)
   defining Unicode char U+0111 (decimal 273)
   defining Unicode char U+0118 (decimal 280)
   defining Unicode char U+0119 (decimal 281)
   defining Unicode char U+011A (decimal 282)
   defining Unicode char U+011B (decimal 283)
   defining Unicode char U+011E (decimal 286)
   defining Unicode char U+011F (decimal 287)
   defining Unicode char U+0130 (decimal 304)
   defining Unicode char U+0131 (decimal 305)
   defining Unicode char U+0132 (decimal 306)
   defining Unicode char U+0133 (decimal 307)
   defining Unicode char U+0139 (decimal 313)
   defining Unicode char U+013A (decimal 314)
   defining Unicode char U+013D (decimal 317)
   defining Unicode char U+013E (decimal 318)
   defining Unicode char U+0141 (decimal 321)
   defining Unicode char U+0142 (decimal 322)
   defining Unicode char U+0143 (decimal 323)
   defining Unicode char U+0144 (decimal 324)
   defining Unicode char U+0147 (decimal 327)
   defining Unicode char U+0148 (decimal 328)
   defining Unicode char U+014A (decimal 330)
   defining Unicode char U+014B (decimal 331)
   defining Unicode char U+0150 (decimal 336)
   defining Unicode char U+0151 (decimal 337)
   defining Unicode char U+0152 (decimal 338)
   defining Unicode char U+0153 (decimal 339)
   defining Unicode char U+0154 (decimal 340)
   defining Unicode char U+0155 (decimal 341)
   defining Unicode char U+0158 (decimal 344)
   defining Unicode char U+0159 (decimal 345)
   defining Unicode char U+015A (decimal 346)
   defining Unicode char U+015B (decimal 347)
   defining Unicode char U+015E (decimal 350)
   defining Unicode char U+015F (decimal 351)
   defining Unicode char U+0160 (decimal 352)
   defining Unicode char U+0161 (decimal 353)
   defining Unicode char U+0162 (decimal 354)
   defining Unicode char U+0163 (decimal 355)
   defining Unicode char U+0164 (decimal 356)
   defining Unicode char U+0165 (decimal 357)
   defining Unicode char U+016E (decimal 366)
   defining Unicode char U+016F (decimal 367)
   defining Unicode char U+0170 (decimal 368)
   defining Unicode char U+0171 (decimal 369)
   defining Unicode char U+0178 (decimal 376)
   defining Unicode char U+0179 (decimal 377)
   defining Unicode char U+017A (decimal 378)
   defining Unicode char U+017B (decimal 379)
   defining Unicode char U+017C (decimal 380)
   defining Unicode char U+017D (decimal 381)
   defining Unicode char U+017E (decimal 382)
   defining Unicode char U+200C (decimal 8204)
   defining Unicode char U+2013 (decimal 8211)
   defining Unicode char U+2014 (decimal 8212)
   defining Unicode char U+2018 (decimal 8216)
   defining Unicode char U+2019 (decimal 8217)
   defining Unicode char U+201A (decimal 8218)
   defining Unicode char U+201C (decimal 8220)
   defining Unicode char U+201D (decimal 8221)
   defining Unicode char U+201E (decimal 8222)
   defining Unicode char U+2030 (decimal 8240)
   defining Unicode char U+2031 (decimal 8241)
   defining Unicode char U+2039 (decimal 8249)
   defining Unicode char U+203A (decimal 8250)
   defining Unicode char U+2423 (decimal 9251)
)
Now handling font encoding OT1 ...
... processing UTF-8 mapping file for font encoding OT1
(/usr/share/texlive/texmf-dist/tex/latex/base/ot1enc.dfu
File: ot1enc.dfu 2008/04/05 v1.1m UTF-8 support for inputenc
   defining Unicode char U+00A1 (decimal 161)
   defining Unicode char U+00A3 (decimal 163)
   defining Unicode char U+00B8 (decimal 184)
   defining Unicode char U+00BF (decimal 191)
   defining Unicode char U+00C5 (decimal 197)
   defining Unicode char U+00C6 (decimal 198)
   defining Unicode char U+00D8 (decimal 216)
   defining Unicode char U+00DF (decimal 223)
   defining Unicode char U+00E6 (decimal 230)
   defining Unicode char U+00EC (decimal 236)
   defining Unicode char U+00ED (decimal 237)
   defining Unicode char U+00EE (decimal 238)
   defining Unicode char U+00EF (decimal 239)
   defining Unicode char U+00F8 (decimal 248)
   defining Unicode char U+0131 (decimal 305)
   defining Unicode char U+0141 (decimal 321)
   defining Unicode char U+0142 (decimal 322)
   defining Unicode char U+0152 (decimal 338)
   defining Unicode char U+0153 (decimal 339)
   defining Unicode char U+2013 (decimal 8211)
   defining Unicode char U+2014 (decimal 8212)
   defining Unicode char U+2018 (decimal 8216)
   defining Unicode char U+2019 (decimal 8217)
   defining Unicode char U+201C (decimal 8220)
   defining Unicode char U+201D (decimal 8221)
)
Now handling font encoding OMS ...
... processing UTF-8 mapping file for font encoding OMS
(/usr/share/texlive/texmf-dist/tex/latex/base/omsenc.dfu
File: omsenc.dfu 2008/04/05 v1.1m UTF-8 support for inputenc
   defining Unicode char U+00A7 (decimal 167)
   defining Unicode char U+00B6 (decimal 182)
   defining Unicode char U+00B7 (decimal 183)
   defining Unicode char U+2020 (decimal 8224)
   defining Unicode char U+2021 (decimal 8225)
   defining Unicode char U+2022 (decimal 8226)
)
Now handling font encoding OMX ...
... no UTF-8 mapping file for font encoding OMX
Now handling font encoding U ...
... no UTF-8 mapping file for font encoding U
   defining Unicode char U+00A9 (decimal 169)
   defining Unicode char U+00AA (decimal 170)
   defining Unicode char U+00AE (decimal 174)
   defining Unicode char U+00BA (decimal 186)
   defining Unicode char U+02C6 (decimal 710)
   defining Unicode char U+02DC (decimal 732)
   defining Unicode char U+200C (decimal 8204)
   defining Unicode char U+2026 (decimal 8230)
   defining Unicode char U+2122 (decimal 8482)
   defining Unicode char U+2423 (decimal 9251)
)) (/usr/share/texlive/texmf-dist/tex/latex/upquote/upquote.sty
Package: upquote 2012/04/19 v1.3 upright-quote and grave-accent glyphs in verba
tim
(/usr/share/texlive/texmf-dist/tex/latex/base/textcomp.sty
Package: textcomp 2005/09/27 v1.99g Standard LaTeX package
Package textcomp Info: Sub-encoding information:
(textcomp)               5 = only ISO-Adobe without \textcurrency
(textcomp)               4 = 5 + \texteuro
(textcomp)               3 = 4 + \textohm
(textcomp)               2 = 3 + \textestimated + \textcurrency
(textcomp)               1 = TS1 - \textcircled - \t
(textcomp)               0 = TS1 (full)
(textcomp)             Font families with sub-encoding setting implement
(textcomp)             only a restricted character set as indicated.
(textcomp)             Family '?' is the default used for unknown fonts.
(textcomp)             See the documentation for details.
Package textcomp Info: Setting ? sub-encoding to TS1/1 on input line 71.
(/usr/share/texlive/texmf-dist/tex/latex/base/ts1enc.def
File: ts1enc.def 2001/06/05 v3.0e (jk/car/fm) Standard LaTeX file
Now handling font encoding TS1 ...
... processing UTF-8 mapping file for font encoding TS1
(/usr/share/texlive/texmf-dist/tex/latex/base/ts1enc.dfu
File: ts1enc.dfu 2008/04/05 v1.1m UTF-8 support for inputenc
   defining Unicode char U+00A2 (decimal 162)
   defining Unicode char U+00A3 (decimal 163)
   defining Unicode char U+00A4 (decimal 164)
   defining Unicode char U+00A5 (decimal 165)
   defining Unicode char U+00A6 (decimal 166)
   defining Unicode char U+00A7 (decimal 167)
   defining Unicode char U+00A8 (decimal 168)
   defining Unicode char U+00A9 (decimal 169)
   defining Unicode char U+00AA (decimal 170)
   defining Unicode char U+00AC (decimal 172)
   defining Unicode char U+00AE (decimal 174)
   defining Unicode char U+00AF (decimal 175)
   defining Unicode char U+00B0 (decimal 176)
   defining Unicode char U+00B1 (decimal 177)
   defining Unicode char U+00B2 (decimal 178)
   defining Unicode char U+00B3 (decimal 179)
   defining Unicode char U+00B4 (decimal 180)
   defining Unicode char U+00B5 (decimal 181)
   defining Unicode char U+00B6 (decimal 182)
   defining Unicode char U+00B7 (decimal 183)
   defining Unicode char U+00B9 (decimal 185)
   defining Unicode char U+00BA (decimal 186)
   defining Unicode char U+00BC (decimal 188)
   defining Unicode char U+00BD (decimal 189)
   defining Unicode char U+00BE (decimal 190)
   defining Unicode char U+00D7 (decimal 215)
   defining Unicode char U+00F7 (decimal 247)
   defining Unicode char U+0192 (decimal 402)
   defining Unicode char U+02C7 (decimal 711)
   defining Unicode char U+02D8 (decimal 728)
   defining Unicode char U+02DD (decimal 733)
   defining Unicode char U+0E3F (decimal 3647)
   defining Unicode char U+2016 (decimal 8214)
   defining Unicode char U+2020 (decimal 8224)
   defining Unicode char U+2021 (decimal 8225)
   defining Unicode char U+2022 (decimal 8226)
   defining Unicode char U+2030 (decimal 8240)
   defining Unicode char U+2031 (decimal 8241)
   defining Unicode char U+203B (decimal 8251)
   defining Unicode char U+203D (decimal 8253)
   defining Unicode char U+2044 (decimal 8260)
   defining Unicode char U+204E (decimal 8270)
   defining Unicode char U+2052 (decimal 8274)
   defining Unicode char U+20A1 (decimal 8353)
   defining Unicode char U+20A4 (decimal 8356)
   defining Unicode char U+20A6 (decimal 8358)
   defining Unicode char U+20A9 (decimal 8361)
   defining Unicode char U+20AB (decimal 8363)
   defining Unicode char U+20AC (decimal 8364)
   defining Unicode char U+20B1 (decimal 8369)
   defining Unicode char U+2103 (decimal 8451)
   defining Unicode char U+2116 (decimal 8470)
   defining Unicode char U+2117 (decimal 8471)
   defining Unicode char U+211E (decimal 8478)
   defining Unicode char U+2120 (decimal 8480)
   defining Unicode char U+2122 (decimal 8482)
   defining Unicode char U+2126 (decimal 8486)
   defining Unicode char U+2127 (decimal 8487)
   defining Unicode char U+212E (decimal 8494)
   defining Unicode char U+2190 (decimal 8592)
   defining Unicode char U+2191 (decimal 8593)
   defining Unicode char U+2192 (decimal 8594)
   defining Unicode char U+2193 (decimal 8595)
   defining Unicode char U+2329 (decimal 9001)
   defining Unicode char U+232A (decimal 9002)
   defining Unicode char U+2422 (decimal 9250)
   defining Unicode char U+25E6 (decimal 9702)
   defining Unicode char U+25EF (decimal 9711)
   defining Unicode char U+266A (decimal 9834)
))
LaTeX Info: Redefining \oldstylenums on input line 266.
Package textcomp Info: Setting cmr sub-encoding to TS1/0 on input line 281.
Package textcomp Info: Setting cmss sub-encoding to TS1/0 on input line 282.
Package textcomp Info: Setting cmtt sub-encoding to TS1/0 on input line 283.
Package textcomp Info: Setting cmvtt sub-encoding to TS1/0 on input line 284.
Package textcomp Info: Setting cmbr sub-encoding to TS1/0 on input line 285.
Package textcomp Info: Setting cmtl sub-encoding to TS1/0 on input line 286.
Package textcomp Info: Setting ccr sub-encoding to TS1/0 on input line 287.
Package textcomp Info: Setting ptm sub-encoding to TS1/4 on input line 288.
Package textcomp Info: Setting pcr sub-encoding to TS1/4 on input line 289.
Package textcomp Info: Setting phv sub-encoding to TS1/4 on input line 290.
Package textcomp Info: Setting ppl sub-encoding to TS1/3 on input line 291.
Package textcomp Info: Setting pag sub-encoding to TS1/4 on input line 292.
Package textcomp Info: Setting pbk sub-encoding to TS1/4 on input line 293.
Package textcomp Info: Setting pnc sub-encoding to TS1/4 on input line 294.
Package textcomp Info: Setting pzc sub-encoding to TS1/4 on input line 295.
Package textcomp Info: Setting bch sub-encoding to TS1/4 on input line 296.
Package textcomp Info: Setting put sub-encoding to TS1/5 on input line 297.
Package textcomp Info: Setting uag sub-encoding to TS1/5 on input line 298.
Package textcomp Info: Setting ugq sub-encoding to TS1/5 on input line 299.
Package textcomp Info: Setting ul8 sub-encoding to TS1/4 on input line 300.
Package textcomp Info: Setting ul9 sub-encoding to TS1/4 on input line 301.
Package textcomp Info: Setting augie sub-encoding to TS1/5 on input line 302.
Package textcomp Info: Setting dayrom sub-encoding to TS1/3 on input line 303.
Package textcomp Info: Setting dayroms sub-encoding to TS1/3 on input line 304.

Package textcomp Info: Setting pxr sub-encoding to TS1/0 on input line 305.
Package textcomp Info: Setting pxss sub-encoding to TS1/0 on input line 306.
Package textcomp Info: Setting pxtt sub-encoding to TS1/0 on input line 307.
Package textcomp Info: Setting txr sub-encoding to TS1/0 on input line 308.
Package textcomp Info: Setting txss sub-encoding to TS1/0 on input line 309.
Package textcomp Info: Setting txtt sub-encoding to TS1/0 on input line 310.
Package textcomp Info: Setting lmr sub-encoding to TS1/0 on input line 311.
Package textcomp Info: Setting lmdh sub-encoding to TS1/0 on input line 312.
Package textcomp Info: Setting lmss sub-encoding to TS1/0 on input line 313.
Package textcomp Info: Setting lmssq sub-encoding to TS1/0 on input line 314.
Package textcomp Info: Setting lmvtt sub-encoding to TS1/0 on input line 315.
Package textcomp Info: Setting qhv sub-encoding to TS1/0 on input line 316.
Package textcomp Info: Setting qag sub-encoding to TS1/0 on input line 317.
Package textcomp Info: Setting qbk sub-encoding to TS1/0 on input line 318.
Package textcomp Info: Setting qcr sub-encoding to TS1/0 on input line 319.
Package textcomp Info: Setting qcs sub-encoding to TS1/0 on input line 320.
Package textcomp Info: Setting qpl sub-encoding to TS1/0 on input line 321.
Package textcomp Info: Setting qtm sub-encoding to TS1/0 on input line 322.
Package textcomp Info: Setting qzc sub-encoding to TS1/0 on input line 323.
Package textcomp Info: Setting qhvc sub-encoding to TS1/0 on input line 324.
Package textcomp Info: Setting futs sub-encoding to TS1/4 on input line 325.
Package textcomp Info: Setting futx sub-encoding to TS1/4 on input line 326.
Package textcomp Info: Setting futj sub-encoding to TS1/4 on input line 327.
Package textcomp Info: Setting hlh sub-encoding to TS1/3 on input line 328.
Package textcomp Info: Setting hls sub-encoding to TS1/3 on input line 329.
Package textcomp Info: Setting hlst sub-encoding to TS1/3 on input line 330.
Package textcomp Info: Setting hlct sub-encoding to TS1/5 on input line 331.
Package textcomp Info: Setting hlx sub-encoding to TS1/5 on input line 332.
Package textcomp Info: Setting hlce sub-encoding to TS1/5 on input line 333.
Package textcomp Info: Setting hlcn sub-encoding to TS1/5 on input line 334.
Package textcomp Info: Setting hlcw sub-encoding to TS1/5 on input line 335.
Package textcomp Info: Setting hlcf sub-encoding to TS1/5 on input line 336.
Package textcomp Info: Setting pplx sub-encoding to TS1/3 on input line 337.
Package textcomp Info: Setting pplj sub-encoding to TS1/3 on input line 338.
Package textcomp Info: Setting ptmx sub-encoding to TS1/4 on input line 339.
Package textcomp Info: Setting ptmj sub-encoding to TS1/4 on input line 340.
)) (/usr/share/texlive/texmf-dist/tex/latex/microtype/microtype.sty
Package: microtype 2013/05/23 v2.5a Micro-typographical refinements (RS)
(/usr/share/texlive/texmf-dist/tex/latex/graphics/keyval.sty
Package: keyval 1999/03/16 v1.13 key=value parser (DPC)
\KV@toks@=\toks22
)
\MT@toks=\toks23
\MT@count=\count99
LaTeX Info: Redefining \textls on input line 766.
\MT@outer@kern=\dimen112
LaTeX Info: Redefining \textmicrotypecontext on input line 1285.
\MT@listname@count=\count100
(/usr/share/texlive/texmf-dist/tex/latex/microtype/microtype-pdftex.def
File: microtype-pdftex.def 2013/05/23 v2.5a Definitions specific to pdftex (RS)

LaTeX Info: Redefining \lsstyle on input line 915.
LaTeX Info: Redefining \lslig on input line 915.
\MT@outer@space=\skip46
)
Package microtype Info: Loading configuration file microtype.cfg.
(/usr/share/texlive/texmf-dist/tex/latex/microtype/microtype.cfg
File: microtype.cfg 2013/05/23 v2.5a microtype main configuration file (RS)
)) (/usr/share/texlive/texmf-dist/tex/latex/geometry/geometry.sty
Package: geometry 2010/09/12 v5.6 Page Geometry
(/usr/share/texlive/texmf-dist/tex/generic/oberdiek/ifpdf.sty
Package: ifpdf 2011/01/30 v2.3 Provides the ifpdf switch (HO)
Package ifpdf Info: pdfTeX in PDF mode is detected.
) (/usr/share/texlive/texmf-dist/tex/generic/oberdiek/ifvtex.sty
Package: ifvtex 2010/03/01 v1.5 Detect VTeX and its facilities (HO)
Package ifvtex Info: VTeX not detected.
)
\Gm@cnth=\count101
\Gm@cntv=\count102
\c@Gm@tempcnt=\count103
\Gm@bindingoffset=\dimen113
\Gm@wd@mp=\dimen114
\Gm@odd@mp=\dimen115
\Gm@even@mp=\dimen116
\Gm@layoutwidth=\dimen117
\Gm@layoutheight=\dimen118
\Gm@layouthoffset=\dimen119
\Gm@layoutvoffset=\dimen120
\Gm@dimlist=\toks24
) (/usr/share/texlive/texmf-dist/tex/latex/hyperref/hyperref.sty
Package: hyperref 2012/11/06 v6.83m Hypertext links for LaTeX
(/usr/share/texlive/texmf-dist/tex/generic/oberdiek/hobsub-hyperref.sty
Package: hobsub-hyperref 2012/05/28 v1.13 Bundle oberdiek, subset hyperref (HO)

(/usr/share/texlive/texmf-dist/tex/generic/oberdiek/hobsub-generic.sty
Package: hobsub-generic 2012/05/28 v1.13 Bundle oberdiek, subset generic (HO)
Package: hobsub 2012/05/28 v1.13 Construct package bundles (HO)
Package: infwarerr 2010/04/08 v1.3 Providing info/warning/error messages (HO)
Package: ltxcmds 2011/11/09 v1.22 LaTeX kernel commands for general use (HO)
Package hobsub Info: Skipping package `ifluatex' (already loaded).
Package hobsub Info: Skipping package `ifvtex' (already loaded).
Package: intcalc 2007/09/27 v1.1 Expandable calculations with integers (HO)
Package hobsub Info: Skipping package `ifpdf' (already loaded).
Package: etexcmds 2011/02/16 v1.5 Avoid name clashes with e-TeX commands (HO)
Package etexcmds Info: Could not find \expanded.
(etexcmds)             That can mean that you are not using pdfTeX 1.50 or
(etexcmds)             that some package has redefined \expanded.
(etexcmds)             In the latter case, load this package earlier.
Package: kvsetkeys 2012/04/25 v1.16 Key value parser (HO)
Package: kvdefinekeys 2011/04/07 v1.3 Define keys (HO)
Package: pdftexcmds 2011/11/29 v0.20 Utility functions of pdfTeX for LuaTeX (HO
)
Package pdftexcmds Info: LuaTeX not detected.
Package pdftexcmds Info: \pdf@primitive is available.
Package pdftexcmds Info: \pdf@ifprimitive is available.
Package pdftexcmds Info: \pdfdraftmode found.
Package: pdfescape 2011/11/25 v1.13 Implements pdfTeX's escape features (HO)
Package: bigintcalc 2012/04/08 v1.3 Expandable calculations on big integers (HO
)
Package: bitset 2011/01/30 v1.1 Handle bit-vector datatype (HO)
Package: uniquecounter 2011/01/30 v1.2 Provide unlimited unique counter (HO)
)
Package hobsub Info: Skipping package `hobsub' (already loaded).
Package: letltxmacro 2010/09/02 v1.4 Let assignment for LaTeX macros (HO)
Package: hopatch 2012/05/28 v1.2 Wrapper for package hooks (HO)
Package: xcolor-patch 2011/01/30 xcolor patch
Package: atveryend 2011/06/30 v1.8 Hooks at the very end of document (HO)
Package atveryend Info: \enddocument detected (standard20110627).
Package: atbegshi 2011/10/05 v1.16 At begin shipout hook (HO)
Package: refcount 2011/10/16 v3.4 Data extraction from label references (HO)
Package: hycolor 2011/01/30 v1.7 Color options for hyperref/bookmark (HO)
) (/usr/share/texlive/texmf-dist/tex/latex/oberdiek/auxhook.sty
Package: auxhook 2011/03/04 v1.3 Hooks for auxiliary files (HO)
) (/usr/share/texlive/texmf-dist/tex/latex/oberdiek/kvoptions.sty
Package: kvoptions 2011/06/30 v3.11 Key value format for package options (HO)
)
\@linkdim=\dimen121
\Hy@linkcounter=\count104
\Hy@pagecounter=\count105
(/usr/share/texlive/texmf-dist/tex/latex/hyperref/pd1enc.def
File: pd1enc.def 2012/11/06 v6.83m Hyperref: PDFDocEncoding definition (HO)
Now handling font encoding PD1 ...
... no UTF-8 mapping file for font encoding PD1
)
\Hy@SavedSpaceFactor=\count106
(/usr/share/texlive/texmf-dist/tex/latex/latexconfig/hyperref.cfg
File: hyperref.cfg 2002/06/06 v1.2 hyperref configuration of TeXLive
)
Package hyperref Info: Hyper figures OFF on input line 4443.
Package hyperref Info: Link nesting OFF on input line 4448.
Package hyperref Info: Hyper index ON on input line 4451.
Package hyperref Info: Plain pages OFF on input line 4458.
Package hyperref Info: Backreferencing OFF on input line 4463.
Package hyperref Info: Implicit mode ON; LaTeX internals redefined.
Package hyperref Info: Bookmarks ON on input line 4688.
\c@Hy@tempcnt=\count107
(/usr/share/texlive/texmf-dist/tex/latex/url/url.sty
\Urlmuskip=\muskip11
Package: url 2013/09/16  ver 3.4  Verb mode for urls, etc.
)
LaTeX Info: Redefining \url on input line 5041.
\XeTeXLinkMargin=\dimen122
\Fld@menulength=\count108
\Field@Width=\dimen123
\Fld@charsize=\dimen124
Package hyperref Info: Hyper figures OFF on input line 6295.
Package hyperref Info: Link nesting OFF on input line 6300.
Package hyperref Info: Hyper index ON on input line 6303.
Package hyperref Info: backreferencing OFF on input line 6310.
Package hyperref Info: Link coloring OFF on input line 6315.
Package hyperref Info: Link coloring with OCG OFF on input line 6320.
Package hyperref Info: PDF/A mode OFF on input line 6325.
LaTeX Info: Redefining \ref on input line 6365.
LaTeX Info: Redefining \pageref on input line 6369.
\Hy@abspage=\count109
\c@Item=\count110
\c@Hfootnote=\count111
)

Package hyperref Message: Driver (autodetected): hpdftex.

(/usr/share/texlive/texmf-dist/tex/latex/hyperref/hpdftex.def
File: hpdftex.def 2012/11/06 v6.83m Hyperref driver for pdfTeX
\Fld@listcount=\count112
\c@bookmark@seq@number=\count113
(/usr/share/texlive/texmf-dist/tex/latex/oberdiek/rerunfilecheck.sty
Package: rerunfilecheck 2011/04/15 v1.7 Rerun checks for auxiliary files (HO)
Package uniquecounter Info: New unique counter `rerunfilecheck' on input line 2
82.
)
\Hy@SectionHShift=\skip47
)
Package hyperref Info: Option `unicode' set `true' on input line 28.
(/usr/share/texlive/texmf-dist/tex/latex/hyperref/puenc.def
File: puenc.def 2012/11/06 v6.83m Hyperref: PDF Unicode definition (HO)
Now handling font encoding PU ...
... no UTF-8 mapping file for font encoding PU
)
Package hyperref Info: Option `breaklinks' set `true' on input line 28.
(/usr/share/texlive/texmf-dist/tex/latex/graphics/color.sty
Package: color 2005/11/14 v1.0j Standard LaTeX Color (DPC)
(/usr/share/texlive/texmf-dist/tex/latex/latexconfig/color.cfg
File: color.cfg 2007/01/18 v1.5 color configuration of teTeX/TeXLive
)
Package color Info: Driver file: pdftex.def on input line 130.
(/usr/share/texlive/texmf-dist/tex/latex/pdftex-def/pdftex.def
File: pdftex.def 2011/05/27 v0.06d Graphics/color for pdfTeX
\Gread@gobject=\count114
)) (/usr/share/texlive/texmf-dist/tex/latex/fancyvrb/fancyvrb.sty
Package: fancyvrb 2008/02/07

Style option: `fancyvrb' v2.7a, with DG/SPQR fixes, and firstline=lastline fix 
<2008/02/07> (tvz)
\FV@CodeLineNo=\count115
\FV@InFile=\read1
\FV@TabBox=\box28
\c@FancyVerbLine=\count116
\FV@StepNumber=\count117
\FV@OutFile=\write3
) (/usr/share/texlive/texmf-dist/tex/latex/framed/framed.sty
Package: framed 2011/10/22 v 0.96: framed or shaded text with page breaks
\OuterFrameSep=\skip48
\fb@frw=\dimen125
\fb@frh=\dimen126
\FrameRule=\dimen127
\FrameSep=\dimen128
) (/usr/share/texlive/texmf-dist/tex/latex/tools/longtable.sty
Package: longtable 2004/02/01 v4.11 Multi-page Table package (DPC)
\LTleft=\skip49
\LTright=\skip50
\LTpre=\skip51
\LTpost=\skip52
\LTchunksize=\count118
\LTcapwidth=\dimen129
\LT@head=\box29
\LT@firsthead=\box30
\LT@foot=\box31
\LT@lastfoot=\box32
\LT@cols=\count119
\LT@rows=\count120
\c@LT@tables=\count121
\c@LT@chunks=\count122
\LT@p@ftn=\toks25
) (/usr/share/texlive/texmf-dist/tex/latex/booktabs/booktabs.sty
Package: booktabs 2005/04/14 v1.61803 publication quality tables
\heavyrulewidth=\dimen130
\lightrulewidth=\dimen131
\cmidrulewidth=\dimen132
\belowrulesep=\dimen133
\belowbottomsep=\dimen134
\aboverulesep=\dimen135
\abovetopsep=\dimen136
\cmidrulesep=\dimen137
\cmidrulekern=\dimen138
\defaultaddspace=\dimen139
\@cmidla=\count123
\@cmidlb=\count124
\@aboverulesep=\dimen140
\@belowrulesep=\dimen141
\@thisruleclass=\count125
\@lastruleclass=\count126
\@thisrulewidth=\dimen142
) (/usr/share/texlive/texmf-dist/tex/latex/graphics/graphicx.sty
Package: graphicx 1999/02/16 v1.0f Enhanced LaTeX Graphics (DPC,SPQR)
(/usr/share/texlive/texmf-dist/tex/latex/graphics/graphics.sty
Package: graphics 2009/02/05 v1.0o Standard LaTeX Graphics (DPC,SPQR)
(/usr/share/texlive/texmf-dist/tex/latex/graphics/trig.sty
Package: trig 1999/03/16 v1.09 sin cos tan (DPC)
) (/usr/share/texlive/texmf-dist/tex/latex/latexconfig/graphics.cfg
File: graphics.cfg 2010/04/23 v1.9 graphics configuration of TeX Live
)
Package graphics Info: Driver file: pdftex.def on input line 91.
)
\Gin@req@height=\dimen143
\Gin@req@width=\dimen144
) (/usr/share/texlive/texmf-dist/tex/latex/oberdiek/grffile.sty
Package: grffile 2012/04/05 v1.16 Extended file name support for graphics (HO)
Package grffile Info: Option `multidot' is set to `true'.
Package grffile Info: Option `extendedchars' is set to `false'.
Package grffile Info: Option `space' is set to `true'.
Package grffile Info: \Gin@ii of package `graphicx' fixed on input line 486.
) (/usr/share/texlive/texmf-dist/tex/latex/parskip/parskip.sty
Package: parskip 2001/04/09 non-zero parskip adjustments
) (/usr/share/texlive/texmf-dist/tex/latex/titling/titling.sty
Package: titling 2009/09/04 v2.1d maketitle typesetting
\thanksmarkwidth=\skip53
\thanksmargin=\skip54
\droptitle=\skip55
) (/usr/share/texlive/texmf-dist/tex/latex/amscls/amsthm.sty
Package: amsthm 2004/08/06 v2.20
\thm@style=\toks26
\thm@bodyfont=\toks27
\thm@headfont=\toks28
\thm@notefont=\toks29
\thm@headpunct=\toks30
\thm@preskip=\skip56
\thm@postskip=\skip57
\thm@headsep=\skip58
\dth@everypar=\toks31
) (./chemarr.sty
Package: chemarr 2001/06/22 v1.1 Chemical reaction arrows (HO)
) (/usr/share/texlive/texmf-dist/tex/latex/subfig/subfig.sty
Package: subfig 2005/06/28 ver: 1.3 subfig package
(/usr/share/texlive/texmf-dist/tex/latex/caption/caption3.sty
Package: caption3 2013/05/02 v1.6-88 caption3 kernel (AR)
Package caption3 Info: TeX engine: e-TeX on input line 57.
\captionmargin=\dimen145
\captionmargin@=\dimen146
\captionwidth=\dimen147
\caption@tempdima=\dimen148
\caption@indent=\dimen149
\caption@parindent=\dimen150
\caption@hangindent=\dimen151
)
\c@KVtest=\count127
\sf@farskip=\skip59
\sf@captopadj=\dimen152
\sf@capskip=\skip60
\sf@nearskip=\skip61
\c@subfigure=\count128
\c@subfigure@save=\count129
\c@lofdepth=\count130
\c@subtable=\count131
\c@subtable@save=\count132
\c@lotdepth=\count133
\sf@top=\skip62
\sf@bottom=\skip63
) (./chap4.aux

LaTeX Warning: Label `fig:PriARutas2' multiply defined.

)
\openout1 = `chap4.aux'.

LaTeX Font Info:    Checking defaults for OML/cmm/m/it on input line 128.
LaTeX Font Info:    ... okay on input line 128.
LaTeX Font Info:    Checking defaults for T1/cmr/m/n on input line 128.
LaTeX Font Info:    ... okay on input line 128.
LaTeX Font Info:    Checking defaults for OT1/cmr/m/n on input line 128.
LaTeX Font Info:    ... okay on input line 128.
LaTeX Font Info:    Checking defaults for OMS/cmsy/m/n on input line 128.
LaTeX Font Info:    ... okay on input line 128.
LaTeX Font Info:    Checking defaults for OMX/cmex/m/n on input line 128.
LaTeX Font Info:    ... okay on input line 128.
LaTeX Font Info:    Checking defaults for U/cmr/m/n on input line 128.
LaTeX Font Info:    ... okay on input line 128.
LaTeX Font Info:    Checking defaults for TS1/cmr/m/n on input line 128.
LaTeX Font Info:    Try loading font information for TS1+cmr on input line 128.

(/usr/share/texlive/texmf-dist/tex/latex/base/ts1cmr.fd
File: ts1cmr.fd 1999/05/25 v2.5h Standard LaTeX font definitions
)
LaTeX Font Info:    ... okay on input line 128.
LaTeX Font Info:    Checking defaults for PD1/pdf/m/n on input line 128.
LaTeX Font Info:    ... okay on input line 128.
LaTeX Font Info:    Checking defaults for PU/pdf/m/n on input line 128.
LaTeX Font Info:    ... okay on input line 128.
LaTeX Font Info:    Try loading font information for T1+lmr on input line 128.
(/usr/share/texmf/tex/latex/lm/t1lmr.fd
File: t1lmr.fd 2009/10/30 v1.6 Font defs for Latin Modern
)
LaTeX Info: Redefining \microtypecontext on input line 128.
Package microtype Info: Generating PDF output.
Package microtype Info: Character protrusion enabled (level 2).
Package microtype Info: Using protrusion set `basicmath'.
Package microtype Info: Automatic font expansion enabled (level 2),
(microtype)             stretch: 20, shrink: 20, step: 1, non-selected.
Package microtype Info: Using default expansion set `basictext'.
Package microtype Info: No adjustment of tracking.
Package microtype Info: No adjustment of interword spacing.
Package microtype Info: No adjustment of character kerning.
(/usr/share/texlive/texmf-dist/tex/latex/microtype/mt-cmr.cfg
File: mt-cmr.cfg 2013/05/19 v2.2 microtype config. file: Computer Modern Roman 
(RS)
)
*geometry* driver: auto-detecting
*geometry* detected driver: pdftex
*geometry* verbose mode - [ preamble ] result:
* driver: pdftex
* paper: <default>
* layout: <same size as paper>
* layoutoffset:(h,v)=(0.0pt,0.0pt)
* modes: 
* h-part:(L,W,R)=(72.26999pt, 469.75502pt, 72.26999pt)
* v-part:(T,H,B)=(72.26999pt, 650.43001pt, 72.26999pt)
* \paperwidth=614.295pt
* \paperheight=794.96999pt
* \textwidth=469.75502pt
* \textheight=650.43001pt
* \oddsidemargin=0.0pt
* \evensidemargin=0.0pt
* \topmargin=-37.0pt
* \headheight=12.0pt
* \headsep=25.0pt
* \topskip=10.0pt
* \footskip=30.0pt
* \marginparwidth=65.0pt
* \marginparsep=11.0pt
* \columnsep=10.0pt
* \skip\footins=9.0pt plus 4.0pt minus 2.0pt
* \hoffset=0.0pt
* \voffset=0.0pt
* \mag=1000
* \@twocolumnfalse
* \@twosidefalse
* \@mparswitchfalse
* \@reversemarginfalse
* (1in=72.27pt=25.4mm, 1cm=28.453pt)

\AtBeginShipoutBox=\box33
Package hyperref Info: Link coloring OFF on input line 128.
(/usr/share/texlive/texmf-dist/tex/latex/hyperref/nameref.sty
Package: nameref 2012/10/27 v2.43 Cross-referencing by name of section
(/usr/share/texlive/texmf-dist/tex/generic/oberdiek/gettitlestring.sty
Package: gettitlestring 2010/12/03 v1.4 Cleanup title references (HO)
)
\c@section@level=\count134
)
LaTeX Info: Redefining \ref on input line 128.
LaTeX Info: Redefining \pageref on input line 128.
LaTeX Info: Redefining \nameref on input line 128.
(./chap4.out) (./chap4.out)
\@outlinefile=\write4
\openout4 = `chap4.out'.

(/usr/share/texlive/texmf-dist/tex/context/base/supp-pdf.mkii
[Loading MPS to PDF converter (version 2006.09.02).]
\scratchcounter=\count135
\scratchdimen=\dimen153
\scratchbox=\box34
\nofMPsegments=\count136
\nofMParguments=\count137
\everyMPshowfont=\toks32
\MPscratchCnt=\count138
\MPscratchDim=\dimen154
\MPnumerator=\count139
\makeMPintoPDFobject=\count140
\everyMPtoPDFconversion=\toks33
) (/usr/share/texlive/texmf-dist/tex/latex/oberdiek/epstopdf-base.sty
Package: epstopdf-base 2010/02/09 v2.5 Base part for package epstopdf
(/usr/share/texlive/texmf-dist/tex/latex/oberdiek/grfext.sty
Package: grfext 2010/08/19 v1.1 Manage graphics extensions (HO)
)
Package grfext Info: Graphics extension search list:
(grfext)             [.png,.pdf,.jpg,.mps,.jpeg,.jbig2,.jb2,.PNG,.PDF,.JPG,.JPE
G,.JBIG2,.JB2,.eps]
(grfext)             \AppendGraphicsExtensions on input line 452.
(/usr/share/texlive/texmf-dist/tex/latex/latexconfig/epstopdf-sys.cfg
File: epstopdf-sys.cfg 2010/07/13 v1.3 Configuration of (r)epstopdf for TeX Liv
e
))
Package caption Info: Begin \AtBeginDocument code.
Package caption Info: subfig package v1.3 is loaded.
Package caption Info: End \AtBeginDocument code.

Overfull \hbox (8.20782pt too wide) in paragraph at lines 180--182
[]|\T1/lmr/m/n/10 (-20) Familia|  
 []

LaTeX Font Info:    Try loading font information for OT1+lmr on input line 183.

(/usr/share/texmf/tex/latex/lm/ot1lmr.fd
File: ot1lmr.fd 2009/10/30 v1.6 Font defs for Latin Modern
)
LaTeX Font Info:    Try loading font information for OML+lmm on input line 183.

(/usr/share/texmf/tex/latex/lm/omllmm.fd
File: omllmm.fd 2009/10/30 v1.6 Font defs for Latin Modern
)
LaTeX Font Info:    Try loading font information for OMS+lmsy on input line 183
.
(/usr/share/texmf/tex/latex/lm/omslmsy.fd
File: omslmsy.fd 2009/10/30 v1.6 Font defs for Latin Modern
)
LaTeX Font Info:    Try loading font information for OMX+lmex on input line 183
.
(/usr/share/texmf/tex/latex/lm/omxlmex.fd
File: omxlmex.fd 2009/10/30 v1.6 Font defs for Latin Modern
)
LaTeX Font Info:    External font `lmex10' loaded for size
(Font)              <10> on input line 183.
LaTeX Font Info:    External font `lmex10' loaded for size
(Font)              <7> on input line 183.
LaTeX Font Info:    External font `lmex10' loaded for size
(Font)              <5> on input line 183.
LaTeX Font Info:    Try loading font information for U+msa on input line 183.
(/usr/share/texlive/texmf-dist/tex/latex/amsfonts/umsa.fd
File: umsa.fd 2013/01/14 v3.01 AMS symbols A
) (/usr/share/texlive/texmf-dist/tex/latex/microtype/mt-msa.cfg
File: mt-msa.cfg 2006/02/04 v1.1 microtype config. file: AMS symbols (a) (RS)
)
LaTeX Font Info:    Try loading font information for U+msb on input line 183.
(/usr/share/texlive/texmf-dist/tex/latex/amsfonts/umsb.fd
File: umsb.fd 2013/01/14 v3.01 AMS symbols B
) (/usr/share/texlive/texmf-dist/tex/latex/microtype/mt-msb.cfg
File: mt-msb.cfg 2005/06/01 v1.0 microtype config. file: AMS symbols (b) (RS)
)
Overfull \hbox (7.50812pt too wide) in paragraph at lines 182--184
\OML/lmm/m/it/10 in vivo$|  
 []


Overfull \hbox (7.50812pt too wide) in paragraph at lines 184--186
\OML/lmm/m/it/10 in vivo$|  
 []


LaTeX Font Warning: Command \tiny invalid in math mode on input line 187.


LaTeX Font Warning: Command \tiny invalid in math mode on input line 187.


Overfull \hbox (9.08717pt too wide) in paragraph at lines 186--188
[]|$\OML/lmm/m/it/10 K[]$ 
 []


Overfull \hbox (9.67038pt too wide) in paragraph at lines 186--188
[]$|  
 []


LaTeX Font Warning: Command \tiny invalid in math mode on input line 189.


LaTeX Font Warning: Command \tiny invalid in math mode on input line 189.


Overfull \hbox (13.78932pt too wide) in paragraph at lines 188--190
[]|$\OML/lmm/m/it/10 K[]$ 
 []


LaTeX Font Warning: Command \tiny invalid in math mode on input line 193.


LaTeX Font Warning: Command \tiny invalid in math mode on input line 193.


Overfull \hbox (14.37253pt too wide) in paragraph at lines 192--194
[]$|  
 []


LaTeX Font Warning: Command \tiny invalid in math mode on input line 195.


LaTeX Font Warning: Command \tiny invalid in math mode on input line 195.


Overfull \hbox (2.80733pt too wide) in paragraph at lines 196--198
[]|\T1/lmr/m/n/10 (-20) TrpF 
 []


Overfull \hbox (1.75496pt too wide) in paragraph at lines 196--198
[]$|  
 []


Overfull \hbox (2.56133pt too wide) in alignment at lines 176--202
 [] [] [] [] [] [] [] [] [] [] [] 
 []

LaTeX Font Info:    Try loading font information for TS1+lmr on input line 258.

(/usr/share/texmf/tex/latex/lm/ts1lmr.fd
File: ts1lmr.fd 2009/10/30 v1.6 Font defs for Latin Modern
)
Overfull \hbox (23.52017pt too wide) in paragraph at lines 269--271
\T1/lmr/m/n/10 (-20) occurrence_2016]|  
 []


Overfull \hbox (23.52017pt too wide) in paragraph at lines 315--317
\T1/lmr/m/n/10 (-20) occurrence_2016]|  
 []


Overfull \hbox (66.76503pt too wide) in paragraph at lines 338--340
\T1/lmr/m/n/10 (-20) garcia_identification_2010]|  
 []


Overfull \hbox (66.76503pt too wide) in paragraph at lines 361--363
\T1/lmr/m/n/10 (-20) garcia_identification_2010]|  
 []


Overfull \hbox (23.52017pt too wide) in paragraph at lines 384--386
\T1/lmr/m/n/10 (-20) occurrence_2016]|  
 []


Overfull \hbox (8.43513pt too wide) in paragraph at lines 405--407
[]|\T1/lmr/m/n/10 (-20) 0.0022|  
 []


Overfull \hbox (23.52017pt too wide) in paragraph at lines 407--409
\T1/lmr/m/n/10 (-20) occurrence_2016]|  
 []


Overfull \hbox (23.52017pt too wide) in paragraph at lines 430--432
\T1/lmr/m/n/10 (-20) occurrence_2016]|  
 []


Overfull \hbox (23.52017pt too wide) in paragraph at lines 453--455
\T1/lmr/m/n/10 (-20) occurrence_2016]|  
 []


Overfull \hbox (2.15791pt too wide) in paragraph at lines 456--458
[]|\T1/lmr/m/it/10 (-20) Corynebacterium 
 []


Overfull \hbox (12.553pt too wide) in paragraph at lines 458--460
[]|\T1/lmr/m/n/10 (-20) subHisA|  
 []


Overfull \hbox (50.15964pt too wide) in paragraph at lines 476--478
\T1/lmr/m/n/10 (-20) garcia_evolution_2013]|  
 []


Overfull \hbox (2.15791pt too wide) in paragraph at lines 479--481
[]|\T1/lmr/m/it/10 (-20) Corynebacterium 
 []


Overfull \hbox (50.15964pt too wide) in paragraph at lines 499--501
\T1/lmr/m/n/10 (-20) garcia_evolution_2013]|  
 []


Overfull \hbox (2.15791pt too wide) in paragraph at lines 502--504
[]|\T1/lmr/m/it/10 (-20) Corynebacterium 
 []


Overfull \hbox (12.553pt too wide) in paragraph at lines 504--506
[]|\T1/lmr/m/n/10 (-20) subHisA|  
 []


Overfull \hbox (50.15964pt too wide) in paragraph at lines 522--524
\T1/lmr/m/n/10 (-20) garcia_evolution_2013]|  
 []


Overfull \hbox (2.15791pt too wide) in paragraph at lines 525--527
[]|\T1/lmr/m/it/10 (-20) Corynebacterium 
 []


Overfull \hbox (12.553pt too wide) in paragraph at lines 527--529
[]|\T1/lmr/m/n/10 (-20) subHisA|  
 []


Overfull \hbox (8.43513pt too wide) in paragraph at lines 543--545
[]|\T1/lmr/m/n/10 (-20) 0.0004|  
 []


Overfull \hbox (50.15964pt too wide) in paragraph at lines 545--547
\T1/lmr/m/n/10 (-20) garcia_evolution_2013]|  
 []


Overfull \hbox (23.52017pt too wide) in paragraph at lines 568--570
\T1/lmr/m/n/10 (-20) occurrence_2016]|  
 []


Overfull \hbox (13.18954pt too wide) in paragraph at lines 573--575
[]|\T1/lmr/m/n/10 (-20) subTrpF|  
 []


Overfull \hbox (57.48404pt too wide) in paragraph at lines 591--593
\T1/lmr/m/n/10 (-20) vazquez_evolution_2017]|  
 []


Overfull \hbox (57.48404pt too wide) in paragraph at lines 614--616
\T1/lmr/m/n/10 (-20) vazquez_evolution_2017]|  
 []


Overfull \hbox (57.48404pt too wide) in paragraph at lines 637--639
\T1/lmr/m/n/10 (-20) vazquez_evolution_2017]|  
 []


Overfull \hbox (13.18954pt too wide) in paragraph at lines 642--644
[]|\T1/lmr/m/n/10 (-20) subTrpF|  
 []


Overfull \hbox (8.43513pt too wide) in paragraph at lines 658--660
[]|\T1/lmr/m/n/10 (-20) 0.0001|  
 []


Overfull \hbox (57.48404pt too wide) in paragraph at lines 660--662
\T1/lmr/m/n/10 (-20) vazquez_evolution_2017]|  
 []


Overfull \hbox (2.56133pt too wide) in alignment at lines 202--663
 [] [] [] [] [] [] [] [] [] [] [] 
 []


Overfull \hbox (57.48404pt too wide) in paragraph at lines 683--685
\T1/lmr/m/n/10 (-20) vazquez_evolution_2017]|  
 []


Overfull \hbox (57.48404pt too wide) in paragraph at lines 706--708
\T1/lmr/m/n/10 (-20) vazquez_evolution_2017]|  
 []


Overfull \hbox (57.48404pt too wide) in paragraph at lines 729--731
\T1/lmr/m/n/10 (-20) vazquez_evolution_2017]|  
 []


Overfull \hbox (57.48404pt too wide) in paragraph at lines 752--754
\T1/lmr/m/n/10 (-20) vazquez_evolution_2017]|  
 []


Overfull \hbox (31.22765pt too wide) in paragraph at lines 757--759
[]|\T1/lmr/m/n/10 (-20) Metagenoma|  
 []


Overfull \hbox (43.4628pt too wide) in paragraph at lines 775--777
\T1/lmr/m/n/10 (-20) garcia_insights_2015]|  
 []


Overfull \hbox (31.22765pt too wide) in paragraph at lines 780--782
[]|\T1/lmr/m/n/10 (-20) Metagenoma|  
 []


Overfull \hbox (43.4628pt too wide) in paragraph at lines 798--800
\T1/lmr/m/n/10 (-20) garcia_insights_2015]|  
 []


Overfull \hbox (31.22765pt too wide) in paragraph at lines 803--805
[]|\T1/lmr/m/n/10 (-20) Metagenoma|  
 []


Overfull \hbox (43.4628pt too wide) in paragraph at lines 821--823
\T1/lmr/m/n/10 (-20) garcia_insights_2015]|  
 []


Overfull \hbox (31.22765pt too wide) in paragraph at lines 826--828
[]|\T1/lmr/m/n/10 (-20) Metagenoma|  
 []


Overfull \hbox (43.4628pt too wide) in paragraph at lines 844--846
\T1/lmr/m/n/10 (-20) garcia_insights_2015]|  
 []


Overfull \hbox (17.15381pt too wide) in paragraph at lines 849--851
[]|\T1/lmr/m/n/10 (-20) Ancestral|  
 []


Overfull \hbox (14.4382pt too wide) in paragraph at lines 857--859
[]|\T1/lmr/m/n/10 (-20) 0.3\TS1/lmr/m/n/10 \T1/lmr/m/n/10 (-20) 0.009|  
 []


Overfull \hbox (4.63821pt too wide) in paragraph at lines 861--863
[]|\T1/lmr/m/n/10 (-20) 4.3\TS1/lmr/m/n/10 \T1/lmr/m/n/10 (-20) 0.4|  
 []


Overfull \hbox (9.53821pt too wide) in paragraph at lines 863--865
[]|\T1/lmr/m/n/10 (-20) 0.6\TS1/lmr/m/n/10 \T1/lmr/m/n/10 (-20) 0.02|  
 []


Overfull \hbox (17.15381pt too wide) in paragraph at lines 872--874
[]|\T1/lmr/m/n/10 (-20) Ancestral|  
 []


Overfull \hbox (4.83606pt too wide) in paragraph at lines 878--880
[]|\T1/lmr/m/n/10 (-20) 3.7\TS1/lmr/m/n/10 \T1/lmr/m/n/10 (-20) 1.01|  
 []


Overfull \hbox (9.53821pt too wide) in paragraph at lines 880--882
[]|\T1/lmr/m/n/10 (-20) 0.5\TS1/lmr/m/n/10 \T1/lmr/m/n/10 (-20) 0.03|  
 []


Overfull \hbox (15.15358pt too wide) in paragraph at lines 893--895
[]|\T1/lmr/m/n/10 (-20) SubHisA_Ancestral|  
 []


Overfull \hbox (17.15381pt too wide) in paragraph at lines 895--897
[]|\T1/lmr/m/n/10 (-20) Ancestral|  
 []


Overfull \hbox (14.4382pt too wide) in paragraph at lines 903--905
[]|\T1/lmr/m/n/10 (-20) 0.15\TS1/lmr/m/n/10 \T1/lmr/m/n/10 (-20) 0.03|  
 []


Overfull \hbox (17.15381pt too wide) in paragraph at lines 918--920
[]|\T1/lmr/m/n/10 (-20) Ancestral|  
 []


Overfull \hbox (4.83606pt too wide) in paragraph at lines 924--926
[]|\T1/lmr/m/n/10 (-20) 27.7\TS1/lmr/m/n/10 \T1/lmr/m/n/10 (-20) 3.4|  
 []


Overfull \hbox (19.3382pt too wide) in paragraph at lines 926--928
[]|\T1/lmr/m/n/10 (-20) 0.05\TS1/lmr/m/n/10 \T1/lmr/m/n/10 (-20) 0.005|  
 []


Overfull \hbox (19.3382pt too wide) in paragraph at lines 932--934
[]|\T1/lmr/m/n/10 (-20) 0.03\TS1/lmr/m/n/10 \T1/lmr/m/n/10 (-20) 0.002|  
 []


Overfull \hbox (8.43513pt too wide) in paragraph at lines 934--936
[]|\T1/lmr/m/n/10 (-20) 0.0001|  
 []


Overfull \hbox (2.56133pt too wide) in alignment at lines 663--986
 [] [] [] [] [] [] [] [] [] [] [] 
 []

[1

{/var/lib/texmf/fonts/map/pdftex/updmap/pdftex.map}] [2] [3] <chapter4/PriAExpa
nsiones.png, id=77, 569.1575pt x 165.04567pt>
File: chapter4/PriAExpansiones.png Graphic file (type png)
<use chapter4/PriAExpansiones.png>
Package pdftex.def Info: chapter4/PriAExpansiones.png used on input line 1005.
(pdftex.def)             Requested size: 469.77785pt x 136.2273pt.

Overfull \hbox (60.63406pt too wide) in alignment at lines 1013--1020
 [] [] [] [] [] [] [] 
 []


Overfull \hbox (60.63406pt too wide) in alignment at lines 1020--1025
 [] [] [] [] [] [] [] 
 []


Overfull \hbox (60.63406pt too wide) in alignment at lines 1025--1036
 [] [] [] [] [] [] [] 
 []

<chapter4/PriAEvoMining.pdf, id=88, 597.23125pt x 511.9125pt>
File: chapter4/PriAEvoMining.pdf Graphic file (type pdf)
<use chapter4/PriAEvoMining.pdf>
Package pdftex.def Info: chapter4/PriAEvoMining.pdf used on input line 1060.
(pdftex.def)             Requested size: 469.75708pt x 402.64894pt.
<chapter4/PriAEvoMiningCopies.pdf, id=89, 597.23125pt x 511.9125pt>
File: chapter4/PriAEvoMiningCopies.pdf Graphic file (type pdf)
<use chapter4/PriAEvoMiningCopies.pdf>
Package pdftex.def Info: chapter4/PriAEvoMiningCopies.pdf used on input line 10
67.
(pdftex.def)             Requested size: 469.75708pt x 402.64894pt.
<chapter4/CORASON/saxitoxin.pdf, id=90, 722.7pt x 406.51875pt>
File: chapter4/CORASON/saxitoxin.pdf Graphic file (type pdf)
<use chapter4/CORASON/saxitoxin.pdf>
Package pdftex.def Info: chapter4/CORASON/saxitoxin.pdf used on input line 1088
.
(pdftex.def)             Requested size: 469.76045pt x 264.24025pt.
[4

 <./chapter4/PriAExpansiones.png>] [5 <./chapter4/PriAEvoMining.pdf>] [6 <./cha
pter4/PriAEvoMiningCopies.pdf>] <chapter4/CORASON/CORASON.pdf, id=162, 586.4710
2pt x 458.28015pt>
File: chapter4/CORASON/CORASON.pdf Graphic file (type pdf)
<use chapter4/CORASON/CORASON.pdf>
Package pdftex.def Info: chapter4/CORASON/CORASON.pdf used on input line 1095.
(pdftex.def)             Requested size: 469.75018pt x 367.07214pt.
[7 <./chapter4/CORASON/saxitoxin.pdf> <./chapter4/CORASON/CORASON.pdf

pdfTeX warning: pdflatex (file ./chapter4/CORASON/CORASON.pdf): PDF inclusion: 
multiple pdfs with page group included in a single page
>] <conclusion/Solocirculos.png, id=223, 574.145pt x 504.88625pt>
File: conclusion/Solocirculos.png Graphic file (type png)
<use conclusion/Solocirculos.png>
Package pdftex.def Info: conclusion/Solocirculos.png used on input line 1124.
(pdftex.def)             Requested size: 469.76819pt x 413.10033pt.
<conclusion/SolocirculosPRA.png, id=224, 530.98375pt x 508.90125pt>
File: conclusion/SolocirculosPRA.png Graphic file (type png)
<use conclusion/SolocirculosPRA.png>
Package pdftex.def Info: conclusion/SolocirculosPRA.png used on input line 1131
.
(pdftex.def)             Requested size: 469.76259pt x 450.22617pt.
<conclusion/SolocirculosPRO.png, id=225, 551.05875pt x 482.80376pt>
File: conclusion/SolocirculosPRO.png Graphic file (type png)
<use conclusion/SolocirculosPRO.png>
Package pdftex.def Info: conclusion/SolocirculosPRO.png used on input line 1138
.
(pdftex.def)             Requested size: 469.77272pt x 411.58595pt.
<chapter4/Couplings/PriAMutations.pdf, id=226, 597.23125pt x 795.97375pt>
File: chapter4/Couplings/PriAMutations.pdf Graphic file (type pdf)
<use chapter4/Couplings/PriAMutations.pdf>
Package pdftex.def Info: chapter4/Couplings/PriAMutations.pdf used on input lin
e 1148.
(pdftex.def)             Requested size: 469.75708pt x 626.07964pt.

<chapter4/Couplings/PriACouplingFoldings.png, id=227, 795.97375pt x 681.54625pt
>
File: chapter4/Couplings/PriACouplingFoldings.png Graphic file (type png)
<use chapter4/Couplings/PriACouplingFoldings.png>
Package pdftex.def Info: chapter4/Couplings/PriACouplingFoldings.png used on in
put line 1158.
(pdftex.def)             Requested size: 469.75404pt x 402.22319pt.
<chapter4/Geles/PriAAbril30.png, id=228, 600.2425pt x 442.65375pt>
File: chapter4/Geles/PriAAbril30.png Graphic file (type png)
<use chapter4/Geles/PriAAbril30.png>
Package pdftex.def Info: chapter4/Geles/PriAAbril30.png used on input line 1171
.
(pdftex.def)             Requested size: 469.77176pt x 346.43703pt.
[8

 <./conclusion/Solocirculos.png>] [9 <./conclusion/SolocirculosPRA.png> <./conc
lusion/SolocirculosPRO.png>] [10 <./chapter4/Couplings/PriAMutations.pdf>] [11 
<./chapter4/Couplings/PriACouplingFoldings.png (PNG copy)> <./chapter4/Geles/Pr
iAAbril30.png>]
Overfull \hbox (38.3408pt too wide) in paragraph at lines 1209--1215
\T1/lmr/m/it/10 (-20) Mycobacterium tu-ber-cu-lo-sis \T1/lmr/m/n/10 (-20) (Mtub
 PDB:2Y88,2Y89,2Y85,3ZS4) \T1/lmr/m/it/10 (-20) Strep-to-myces coeli-color \T1/
lmr/m/n/10 (-20) (Scoe PDB:2VEP,2X30,1VZW),
 []

[12] <chapter4/MutantControl.png, id=269, 391.4625pt x 234.8775pt>
File: chapter4/MutantControl.png Graphic file (type png)
<use chapter4/MutantControl.png>
Package pdftex.def Info: chapter4/MutantControl.png used on input line 1246.
(pdftex.def)             Requested size: 391.46153pt x 234.87692pt.
<chapter4/GTPCinetica.pdf, id=270, 732.18042pt x 342.12921pt>
File: chapter4/GTPCinetica.pdf Graphic file (type pdf)
<use chapter4/GTPCinetica.pdf>
Package pdftex.def Info: chapter4/GTPCinetica.pdf used on input line 1253.
(pdftex.def)             Requested size: 469.76694pt x 219.51009pt.
[13

 <./chapter4/MutantControl.png> <./chapter4/GTPCinetica.pdf>]
LaTeX Font Info:    Try loading font information for T1+lmtt on input line 1270
.
(/usr/share/texmf/tex/latex/lm/t1lmtt.fd
File: t1lmtt.fd 2009/10/30 v1.6 Font defs for Latin Modern
)
LaTeX Font Info:    Font shape `T1/lmtt/bx/n' in size <10> not available
(Font)              Font shape `T1/lmtt/b/n' tried instead on input line 1271.

Overfull \hbox (196.63347pt too wide) in alignment at lines 1278--1284
 [] [] [] [] [] [] [] [] [] [] [] [] [] [] [] [] [] [] [] [] [] 
 []


Overfull \hbox (196.63347pt too wide) in alignment at lines 1284--1289
 [] [] [] [] [] [] [] [] [] [] [] [] [] [] [] [] [] [] [] [] [] 
 []


Overfull \hbox (196.63347pt too wide) in alignment at lines 1289--1347
 [] [] [] [] [] [] [] [] [] [] [] [] [] [] [] [] [] [] [] [] [] 
 []


Overfull \hbox (196.63347pt too wide) in alignment at lines 1347--1406
 [] [] [] [] [] [] [] [] [] [] [] [] [] [] [] [] [] [] [] [] [] 
 []


Overfull \hbox (196.63347pt too wide) in alignment at lines 1406--1465
 [] [] [] [] [] [] [] [] [] [] [] [] [] [] [] [] [] [] [] [] [] 
 []


Overfull \hbox (196.63347pt too wide) in alignment at lines 1465--1470
 [] [] [] [] [] [] [] [] [] [] [] [] [] [] [] [] [] [] [] [] [] 
 []

[14

] [15]
Overfull \hbox (15.1892pt too wide) in alignment at lines 1483--1488
 [] [] [] [] [] [] 
 []


Overfull \hbox (15.1892pt too wide) in alignment at lines 1488--1492
 [] [] [] [] [] [] 
 []


Overfull \hbox (15.1892pt too wide) in alignment at lines 1492--1518
 [] [] [] [] [] [] 
 []


Overfull \hbox (15.1892pt too wide) in alignment at lines 1518--1541
 [] [] [] [] [] [] 
 []

[16

] <chapter4/SubstratesClustering.png, id=36811, 666.49pt x 602.25pt>
File: chapter4/SubstratesClustering.png Graphic file (type png)
<use chapter4/SubstratesClustering.png>
Package pdftex.def Info: chapter4/SubstratesClustering.png used on input line 1
557.
(pdftex.def)             Requested size: 469.76364pt x 424.48521pt.
[17

 <./chapter4/SubstratesClustering.png>] <chapter4/esquema_quimico-1-1.pdf, id=3
6817, 614.295pt x 794.97pt>
File: chapter4/esquema_quimico-1-1.pdf Graphic file (type pdf)
<use chapter4/esquema_quimico-1-1.pdf>
Package pdftex.def Info: chapter4/esquema_quimico-1-1.pdf used on input line 15
68.
(pdftex.def)             Requested size: 469.75604pt x 607.9196pt.
<chapter4/esquema_quimico-2-2.pdf, id=36818, 614.295pt x 794.97pt>
File: chapter4/esquema_quimico-2-2.pdf Graphic file (type pdf)
<use chapter4/esquema_quimico-2-2.pdf>
Package pdftex.def Info: chapter4/esquema_quimico-2-2.pdf used on input line 15
75.
(pdftex.def)             Requested size: 469.75604pt x 607.9196pt.
<chapter4/esquema_quimico-3-3.pdf, id=36819, 614.295pt x 794.97pt>
File: chapter4/esquema_quimico-3-3.pdf Graphic file (type pdf)
<use chapter4/esquema_quimico-3-3.pdf>
Package pdftex.def Info: chapter4/esquema_quimico-3-3.pdf used on input line 15
82.
(pdftex.def)             Requested size: 469.75604pt x 607.9196pt.
<chapter4/esquema_quimico-4-4.pdf, id=36820, 614.295pt x 794.97pt>
File: chapter4/esquema_quimico-4-4.pdf Graphic file (type pdf)
<use chapter4/esquema_quimico-4-4.pdf>
Package pdftex.def Info: chapter4/esquema_quimico-4-4.pdf used on input line 15
89.
(pdftex.def)             Requested size: 469.75604pt x 607.9196pt.
[18

 <./chapter4/esquema_quimico-1-1.pdf>] [19 <./chapter4/esquema_quimico-2-2.pdf>
] [20 <./chapter4/esquema_quimico-3-3.pdf>] [21 <./chapter4/esquema_quimico-4-4
.pdf>]
Underfull \hbox (badness 10000) in paragraph at lines 1604--1605
[]\T1/lmtt/m/n/10 ## Called from: eval(expr, envir, enclos)   ## debug en <text
>#4: plot(density(docking[,
 []

<chap4_files/figure-latex/johan-2.pdf, id=36996, 436.63126pt x 286.06876pt>
File: chap4_files/figure-latex/johan-2.pdf Graphic file (type pdf)
<use chap4_files/figure-latex/johan-2.pdf>
Package pdftex.def Info: chap4_files/figure-latex/johan-2.pdf used on input lin
e 1606.
(pdftex.def)             Requested size: 436.63019pt x 286.06805pt.

Underfull \hbox (badness 10000) in paragraph at lines 1608--1609
[]\T1/lmtt/m/n/10 ## debug en <text>#4: rug(docking[, i])   ## debug en <text>#
4: browser()   ## debug en
 []

<chap4_files/figure-latex/johan-3.pdf, id=36997, 437.635pt x 286.06876pt>
File: chap4_files/figure-latex/johan-3.pdf Graphic file (type pdf)
<use chap4_files/figure-latex/johan-3.pdf>
Package pdftex.def Info: chap4_files/figure-latex/johan-3.pdf used on input lin
e 1610.
(pdftex.def)             Requested size: 437.6406pt x 286.07242pt.
[22 <./chap4_files/figure-latex/johan-2.pdf>]
Underfull \hbox (badness 10000) in paragraph at lines 1612--1613
[]\T1/lmtt/m/n/10 ## debug en <text>#4: rug(docking[, i])   ## debug en <text>#
4: browser()   ## debug en
 []

<chap4_files/figure-latex/johan-4.pdf, id=37010, 436.63126pt x 286.06876pt>
File: chap4_files/figure-latex/johan-4.pdf Graphic file (type pdf)
<use chap4_files/figure-latex/johan-4.pdf>
Package pdftex.def Info: chap4_files/figure-latex/johan-4.pdf used on input lin
e 1614.
(pdftex.def)             Requested size: 436.63019pt x 286.06805pt.

Underfull \hbox (badness 10000) in paragraph at lines 1616--1617
[]\T1/lmtt/m/n/10 ## debug en <text>#4: rug(docking[, i])   ## debug en <text>#
4: browser()   ## debug en
 []

<chap4_files/figure-latex/johan-5.pdf, id=37011, 436.63126pt x 286.06876pt>
File: chap4_files/figure-latex/johan-5.pdf Graphic file (type pdf)
<use chap4_files/figure-latex/johan-5.pdf>
Package pdftex.def Info: chap4_files/figure-latex/johan-5.pdf used on input lin
e 1618.
(pdftex.def)             Requested size: 436.63019pt x 286.06805pt.
[23 <./chap4_files/figure-latex/johan-3.pdf> <./chap4_files/figure-latex/johan-
4.pdf>]
Underfull \hbox (badness 10000) in paragraph at lines 1620--1621
[]\T1/lmtt/m/n/10 ## debug en <text>#4: rug(docking[, i])   ## debug en <text>#
4: browser()   ## debug en
 []

<chap4_files/figure-latex/johan-6.pdf, id=37032, 436.63126pt x 286.06876pt>
File: chap4_files/figure-latex/johan-6.pdf Graphic file (type pdf)
<use chap4_files/figure-latex/johan-6.pdf>
Package pdftex.def Info: chap4_files/figure-latex/johan-6.pdf used on input lin
e 1622.
(pdftex.def)             Requested size: 436.63019pt x 286.06805pt.

Underfull \hbox (badness 10000) in paragraph at lines 1624--1625
[]\T1/lmtt/m/n/10 ## debug en <text>#4: rug(docking[, i])   ## debug en <text>#
4: browser()   ## debug en
 []

<chap4_files/figure-latex/johan-7.pdf, id=37033, 436.63126pt x 286.06876pt>
File: chap4_files/figure-latex/johan-7.pdf Graphic file (type pdf)
<use chap4_files/figure-latex/johan-7.pdf>
Package pdftex.def Info: chap4_files/figure-latex/johan-7.pdf used on input lin
e 1626.
(pdftex.def)             Requested size: 436.63019pt x 286.06805pt.
[24 <./chap4_files/figure-latex/johan-5.pdf> <./chap4_files/figure-latex/johan-
6.pdf>]
Underfull \hbox (badness 10000) in paragraph at lines 1628--1629
[]\T1/lmtt/m/n/10 ## debug en <text>#4: rug(docking[, i])   ## debug en <text>#
4: browser()   ## debug en
 []

<chap4_files/figure-latex/johan-8.pdf, id=37054, 436.63126pt x 286.06876pt>
File: chap4_files/figure-latex/johan-8.pdf Graphic file (type pdf)
<use chap4_files/figure-latex/johan-8.pdf>
Package pdftex.def Info: chap4_files/figure-latex/johan-8.pdf used on input lin
e 1630.
(pdftex.def)             Requested size: 436.63019pt x 286.06805pt.

Underfull \hbox (badness 10000) in paragraph at lines 1632--1633
[]\T1/lmtt/m/n/10 ## debug en <text>#4: rug(docking[, i])   ## debug en <text>#
4: browser()   ## debug en
 []

<chap4_files/figure-latex/johan-9.pdf, id=37055, 436.63126pt x 286.06876pt>
File: chap4_files/figure-latex/johan-9.pdf Graphic file (type pdf)
<use chap4_files/figure-latex/johan-9.pdf>
Package pdftex.def Info: chap4_files/figure-latex/johan-9.pdf used on input lin
e 1634.
(pdftex.def)             Requested size: 436.63019pt x 286.06805pt.
[25 <./chap4_files/figure-latex/johan-7.pdf> <./chap4_files/figure-latex/johan-
8.pdf>]
Underfull \hbox (badness 10000) in paragraph at lines 1636--1637
[]\T1/lmtt/m/n/10 ## debug en <text>#4: rug(docking[, i])   ## debug en <text>#
4: browser()   ## debug en
 []

<chap4_files/figure-latex/johan-10.pdf, id=37077, 436.63126pt x 286.06876pt>
File: chap4_files/figure-latex/johan-10.pdf Graphic file (type pdf)
<use chap4_files/figure-latex/johan-10.pdf>
Package pdftex.def Info: chap4_files/figure-latex/johan-10.pdf used on input li
ne 1638.
(pdftex.def)             Requested size: 436.63019pt x 286.06805pt.

Underfull \hbox (badness 10000) in paragraph at lines 1640--1641
[]\T1/lmtt/m/n/10 ## debug en <text>#4: rug(docking[, i])   ## debug en <text>#
4: browser()   ## debug en
 []

<chap4_files/figure-latex/johan-11.pdf, id=37078, 436.63126pt x 286.06876pt>
File: chap4_files/figure-latex/johan-11.pdf Graphic file (type pdf)
<use chap4_files/figure-latex/johan-11.pdf>
Package pdftex.def Info: chap4_files/figure-latex/johan-11.pdf used on input li
ne 1642.
(pdftex.def)             Requested size: 436.63019pt x 286.06805pt.
[26 <./chap4_files/figure-latex/johan-9.pdf> <./chap4_files/figure-latex/johan-
10.pdf>]
Underfull \hbox (badness 10000) in paragraph at lines 1644--1645
[]\T1/lmtt/m/n/10 ## debug en <text>#4: rug(docking[, i])   ## debug en <text>#
4: browser()   ## debug en
 []

<chap4_files/figure-latex/johan-12.pdf, id=37100, 436.63126pt x 286.06876pt>
File: chap4_files/figure-latex/johan-12.pdf Graphic file (type pdf)
<use chap4_files/figure-latex/johan-12.pdf>
Package pdftex.def Info: chap4_files/figure-latex/johan-12.pdf used on input li
ne 1646.
(pdftex.def)             Requested size: 436.63019pt x 286.06805pt.

Underfull \hbox (badness 10000) in paragraph at lines 1648--1649
[]\T1/lmtt/m/n/10 ## debug en <text>#4: rug(docking[, i])   ## debug en <text>#
4: browser()   ## debug en
 []

<chap4_files/figure-latex/johan-13.pdf, id=37101, 436.63126pt x 286.06876pt>
File: chap4_files/figure-latex/johan-13.pdf Graphic file (type pdf)
<use chap4_files/figure-latex/johan-13.pdf>
Package pdftex.def Info: chap4_files/figure-latex/johan-13.pdf used on input li
ne 1650.
(pdftex.def)             Requested size: 436.63019pt x 286.06805pt.
[27 <./chap4_files/figure-latex/johan-11.pdf> <./chap4_files/figure-latex/johan
-12.pdf>]
Underfull \hbox (badness 10000) in paragraph at lines 1652--1653
[]\T1/lmtt/m/n/10 ## debug en <text>#4: rug(docking[, i])   ## debug en <text>#
4: browser()   ## debug en
 []

<chap4_files/figure-latex/johan-14.pdf, id=37122, 436.63126pt x 286.06876pt>
File: chap4_files/figure-latex/johan-14.pdf Graphic file (type pdf)
<use chap4_files/figure-latex/johan-14.pdf>
Package pdftex.def Info: chap4_files/figure-latex/johan-14.pdf used on input li
ne 1654.
(pdftex.def)             Requested size: 436.63019pt x 286.06805pt.

Underfull \hbox (badness 10000) in paragraph at lines 1656--1657
[]\T1/lmtt/m/n/10 ## debug en <text>#4: rug(docking[, i])   ## debug en <text>#
4: browser()   ## debug en
 []

<chap4_files/figure-latex/johan-15.pdf, id=37123, 436.63126pt x 286.06876pt>
File: chap4_files/figure-latex/johan-15.pdf Graphic file (type pdf)
<use chap4_files/figure-latex/johan-15.pdf>
Package pdftex.def Info: chap4_files/figure-latex/johan-15.pdf used on input li
ne 1658.
(pdftex.def)             Requested size: 436.63019pt x 286.06805pt.
[28 <./chap4_files/figure-latex/johan-13.pdf> <./chap4_files/figure-latex/johan
-14.pdf>]
Underfull \hbox (badness 10000) in paragraph at lines 1660--1661
[]\T1/lmtt/m/n/10 ## debug en <text>#4: rug(docking[, i])   ## debug en <text>#
4: browser()   ## debug en
 []

<chap4_files/figure-latex/johan-16.pdf, id=37144, 436.63126pt x 286.06876pt>
File: chap4_files/figure-latex/johan-16.pdf Graphic file (type pdf)
<use chap4_files/figure-latex/johan-16.pdf>
Package pdftex.def Info: chap4_files/figure-latex/johan-16.pdf used on input li
ne 1662.
(pdftex.def)             Requested size: 436.63019pt x 286.06805pt.

Underfull \hbox (badness 10000) in paragraph at lines 1664--1665
[]\T1/lmtt/m/n/10 ## debug en <text>#4: rug(docking[, i])   ## debug en <text>#
4: browser()   ## debug en
 []

<chap4_files/figure-latex/johan-17.pdf, id=37145, 436.63126pt x 286.06876pt>
File: chap4_files/figure-latex/johan-17.pdf Graphic file (type pdf)
<use chap4_files/figure-latex/johan-17.pdf>
Package pdftex.def Info: chap4_files/figure-latex/johan-17.pdf used on input li
ne 1666.
(pdftex.def)             Requested size: 436.63019pt x 286.06805pt.
[29 <./chap4_files/figure-latex/johan-15.pdf> <./chap4_files/figure-latex/johan
-16.pdf>]
Underfull \hbox (badness 10000) in paragraph at lines 1668--1669
[]\T1/lmtt/m/n/10 ## debug en <text>#4: rug(docking[, i])   ## debug en <text>#
4: browser()   ## debug en
 []

<chap4_files/figure-latex/johan-18.pdf, id=37166, 436.63126pt x 286.06876pt>
File: chap4_files/figure-latex/johan-18.pdf Graphic file (type pdf)
<use chap4_files/figure-latex/johan-18.pdf>
Package pdftex.def Info: chap4_files/figure-latex/johan-18.pdf used on input li
ne 1670.
(pdftex.def)             Requested size: 436.63019pt x 286.06805pt.

Underfull \hbox (badness 10000) in paragraph at lines 1672--1673
[]\T1/lmtt/m/n/10 ## debug en <text>#4: rug(docking[, i])   ## debug en <text>#
4: browser()   ## debug en
 []

<chap4_files/figure-latex/johan-19.pdf, id=37167, 436.63126pt x 286.06876pt>
File: chap4_files/figure-latex/johan-19.pdf Graphic file (type pdf)
<use chap4_files/figure-latex/johan-19.pdf>
Package pdftex.def Info: chap4_files/figure-latex/johan-19.pdf used on input li
ne 1674.
(pdftex.def)             Requested size: 436.63019pt x 286.06805pt.
[30 <./chap4_files/figure-latex/johan-17.pdf> <./chap4_files/figure-latex/johan
-18.pdf>]
Underfull \hbox (badness 10000) in paragraph at lines 1676--1677
[]\T1/lmtt/m/n/10 ## debug en <text>#4: rug(docking[, i])   ## debug en <text>#
4: browser()   ## debug en
 []

<chap4_files/figure-latex/johan-20.pdf, id=37188, 438.63875pt x 286.06876pt>
File: chap4_files/figure-latex/johan-20.pdf Graphic file (type pdf)
<use chap4_files/figure-latex/johan-20.pdf>
Package pdftex.def Info: chap4_files/figure-latex/johan-20.pdf used on input li
ne 1678.
(pdftex.def)             Requested size: 438.64435pt x 286.07242pt.
<chap4_files/figure-latex/johan-21.pdf, id=37189, 436.63126pt x 248.93pt>
File: chap4_files/figure-latex/johan-21.pdf Graphic file (type pdf)
<use chap4_files/figure-latex/johan-21.pdf>
Package pdftex.def Info: chap4_files/figure-latex/johan-21.pdf used on input li
ne 1684.
(pdftex.def)             Requested size: 436.63019pt x 248.92938pt.
[31 <./chap4_files/figure-latex/johan-19.pdf> <./chap4_files/figure-latex/johan
-20.pdf>]
Underfull \hbox (badness 10000) in paragraph at lines 1686--1688
[]\T1/lmtt/m/n/10 r   ## Leer sobre la incertidumbre del 2 y explicarla     ## 
Y leer el paper de Julian y
 []


<chap4_files/figure-latex/heatonPDF-1.pdf, id=37211, 459.7175pt x 314.17375pt>
File: chap4_files/figure-latex/heatonPDF-1.pdf Graphic file (type pdf)
<use chap4_files/figure-latex/heatonPDF-1.pdf>
Package pdftex.def Info: chap4_files/figure-latex/heatonPDF-1.pdf used on input
 line 1695.
(pdftex.def)             Requested size: 459.73741pt x 314.18735pt.
<chapter4/Figura1_4.pdf, id=37212, 597.50786pt x 845.04686pt>
File: chapter4/Figura1_4.pdf Graphic file (type pdf)
<use chapter4/Figura1_4.pdf>
Package pdftex.def Info: chapter4/Figura1_4.pdf used on input line 1699.
(pdftex.def)             Requested size: 459.91837pt x 650.456pt.

LaTeX Warning: Float too large for page by 23.97041pt on input line 1702.

<chapter4/PriAHeatPot.png, id=37213, 601.24625pt x 692.5875pt>
File: chapter4/PriAHeatPot.png Graphic file (type png)
<use chapter4/PriAHeatPot.png>
Package pdftex.def Info: chapter4/PriAHeatPot.png used on input line 1706.
(pdftex.def)             Requested size: 469.76834pt x 541.13548pt.
[32 <./chap4_files/figure-latex/johan-21.pdf> <./chap4_files/figure-latex/heato
nPDF-1.pdf>] [33 <./chapter4/Figura1_4.pdf>] [34 <./chapter4/PriAHeatPot.png>]
<chap4_files/figure-latex/substrateBox-1.pdf, id=37266, 459.7175pt x 313.17pt>
File: chap4_files/figure-latex/substrateBox-1.pdf Graphic file (type pdf)
<use chap4_files/figure-latex/substrateBox-1.pdf>
Package pdftex.def Info: chap4_files/figure-latex/substrateBox-1.pdf used on in
put line 1725.
(pdftex.def)             Requested size: 459.7304pt x 313.17877pt.
[35 <./chap4_files/figure-latex/substrateBox-1.pdf>]

LaTeX Warning: Command \texttimes invalid in math mode on input line 1741.


LaTeX Warning: Command \texttimes invalid in math mode on input line 1741.


Overfull \hbox (69.34259pt too wide) detected at line 1761
[][]
 []


Overfull \hbox (52.13461pt too wide) in paragraph at lines 1765--1791
 [][] 
 []

[36

] [37]
Package atveryend Info: Empty hook `BeforeClearDocument' on input line 1806.
[38

]
Package atveryend Info: Empty hook `AfterLastShipout' on input line 1806.
(./chap4.aux)
Package atveryend Info: Executing hook `AtVeryEndDocument' on input line 1806.
Package atveryend Info: Executing hook `AtEndAfterFileList' on input line 1806.

Package rerunfilecheck Info: File `chap4.out' has not changed.
(rerunfilecheck)             Checksum: 536E5EAA291D06F36402C3F01996D1C9;4278.

LaTeX Warning: There were multiply-defined labels.

Package atveryend Info: Empty hook `AtVeryVeryEnd' on input line 1806.
 ) 
Here is how much of TeX's memory you used:
 13942 strings out of 493304
 208455 string characters out of 6139870
 360967 words of memory out of 5000000
 17046 multiletter control sequences out of 15000+600000
 49930 words of font info for 82 fonts, out of 8000000 for 9000
 957 hyphenation exceptions out of 8191
 36i,9n,38p,1270b,439s stack positions out of 5000i,500n,10000p,200000b,80000s
{/usr/share/texmf/fonts/enc/dvips/lm/lm-ec.enc}{/usr/share/texmf/fonts/enc/dv
ips/lm/lm-mathsy.enc}{/usr/share/texmf/fonts/enc/dvips/lm/lm-ts1.enc}{/usr/shar
e/texmf/fonts/enc/dvips/lm/lm-mathit.enc}{/usr/share/texmf/fonts/enc/dvips/lm/l
m-rm.enc}</usr/share/texmf/fonts/type1/public/lm/lmbx10.pfb></usr/share/texmf/f
onts/type1/public/lm/lmbx12.pfb></usr/share/texmf/fonts/type1/public/lm/lmmi10.
pfb></usr/share/texmf/fonts/type1/public/lm/lmmi5.pfb></usr/share/texmf/fonts/t
ype1/public/lm/lmmi7.pfb></usr/share/texmf/fonts/type1/public/lm/lmr10.pfb></us
r/share/texmf/fonts/type1/public/lm/lmr7.pfb></usr/share/texmf/fonts/type1/publ
ic/lm/lmr8.pfb></usr/share/texmf/fonts/type1/public/lm/lmri10.pfb></usr/share/t
exmf/fonts/type1/public/lm/lmsy10.pfb></usr/share/texmf/fonts/type1/public/lm/l
msy7.pfb></usr/share/texmf/fonts/type1/public/lm/lmtk10.pfb></usr/share/texmf/f
onts/type1/public/lm/lmtt10.pfb></usr/share/texmf/fonts/type1/public/lm/lmtti10
.pfb>
Output written on chap4.pdf (38 pages, 12566760 bytes).
PDF statistics:
 37368 PDF objects out of 38293 (max. 8388607)
 24728 compressed objects within 248 object streams
 77 named destinations out of 1000 (max. 500000)
 10547 words of extra memory for PDF output out of 12000 (max. 10000000)

