\BOOKMARK [0][-]{chapter*.8}{Introducci\363n}{}% 1
\BOOKMARK [1][-]{subsection.0.0.1}{Funcion biologica de la promiscuidad enzimatica}{chapter*.8}% 2
\BOOKMARK [2][-]{subsection.0.0.2}{Relacion del pangenoma con la promiscuidad enzimatica}{subsection.0.0.1}% 3
\BOOKMARK [2][-]{subsection.0.0.3}{Modelos bioinformaticos de promiscuidad}{subsection.0.0.1}% 4
\BOOKMARK [2][-]{subsection.0.0.4}{Promiscuidad in vitro y promiscuidad in vivo}{subsection.0.0.1}% 5
\BOOKMARK [2][-]{subsection.0.0.5}{El papel de la dinamica molecular en la promiscuidad}{subsection.0.0.1}% 6
\BOOKMARK [2][-]{subsection.0.0.6}{Modelo biologico diversidad de Actinobacteria}{subsection.0.0.1}% 7
\BOOKMARK [2][-]{subsection.0.0.7}{Modelo metabolico biosintesis de aminoacidos.}{subsection.0.0.1}% 8
\BOOKMARK [2][-]{subsection.0.0.8}{Modelo biologico}{subsection.0.0.1}% 9
\BOOKMARK [2][-]{subsection.0.0.9}{Subsistemas metabolicos}{subsection.0.0.1}% 10
\BOOKMARK [0][-]{chapter*.9}{Antecedentes}{}% 11
\BOOKMARK [1][-]{section.0.1}{La promiscuidad puede abordarse a distintos niveles incluyendo enzima, familia y ruta de metab\363lica.}{chapter*.9}% 12
\BOOKMARK [1][-]{section.0.2}{Antecedentes conceptuales}{chapter*.9}% 13
\BOOKMARK [1][-]{section.0.3}{El establecimiento de un marco de conservaci\363n permite distinguir cambios}{chapter*.9}% 14
\BOOKMARK [1][-]{section.0.4}{La gen\363mica comparativa como herramienta en la distinci\363n de familias y enzimas promiscuas que participan en el metabolismo especializado.}{chapter*.9}% 15
\BOOKMARK [1][-]{section.0.5}{La gen\363mica comparativa como herramienta en la priorizaci\363n de clusters promiscuos}{chapter*.9}% 16
\BOOKMARK [2][-]{subsection.0.5.1}{Expansion y contextos genomicos como herramienta de anotacion funcional}{section.0.5}% 17
\BOOKMARK [2][-]{subsection.0.5.2}{Contexto y vecindades genomicas}{section.0.5}% 18
\BOOKMARK [1][-]{section.0.6}{Estudio de una familia PriA}{chapter*.9}% 19
\BOOKMARK [2][-]{subsection.0.6.1}{Caracterizacion in vivo}{section.0.6}% 20
\BOOKMARK [2][-]{subsection.0.6.2}{Caracterizacion bioquimica in vitro.}{section.0.6}% 21
\BOOKMARK [2][-]{subsection.0.6.3}{Modelado de dinamica molecular}{section.0.6}% 22
\BOOKMARK [0][-]{chapter*.12}{Pregunta biol\363gica}{}% 23
\BOOKMARK [0][-]{chapter*.13}{Objetivos}{}% 24
\BOOKMARK [1][-]{section.0.7}{Objetivo General}{chapter*.13}% 25
\BOOKMARK [1][-]{section.0.8}{Objetivos particulares}{chapter*.13}% 26
\BOOKMARK [0][-]{chapter*.14}{Estrategias}{}% 27
\BOOKMARK [1][-]{section*.15}{Obtener informacion genomica del phylum Actinobacteria.}{chapter*.14}% 28
\BOOKMARK [2][-]{subsection.0.8.1}{Anotar consistentemente las secuencias codificantes de estos genomas.}{section*.15}% 29
\BOOKMARK [3][-]{section*.16}{Establecer las relaciones filogeneticas de los genomas colectados.}{subsection.0.8.1}% 30
\BOOKMARK [2][-]{subsection.0.8.2}{La promiscuidad en familias enzimaticas.}{section*.15}% 31
\BOOKMARK [3][-]{section*.18}{Promiscuidad in vitro dentro de miembros de una familia promiscua de enzimas.}{subsection.0.8.2}% 32
\BOOKMARK [3][-]{section*.19}{Sistematizar Evomining para convertirla una plataforma descargable y utilizable en cualquier set de datos bacterianos relacionados taxonomicamente proporcionados por el usuario.}{subsection.0.8.2}% 33
\BOOKMARK [3][-]{section*.20}{Seleccionar miembros homologos de la familia de enzimas.}{subsection.0.8.2}% 34
\BOOKMARK [3][-]{section*.21}{Medir cineticas enzimaticas, contexto genomico, vecindad genomica, flexibilidad y numero de conformeros.}{subsection.0.8.2}% 35
\BOOKMARK [3][-]{section*.22}{Determinar posibles correlaciones entre los datos producidos.}{subsection.0.8.2}% 36
\BOOKMARK [2][-]{subsection.0.8.3}{Desarrollar una metodologia para la deteccion in vivo de promiscuidad enzimatica.}{section*.15}% 37
\BOOKMARK [0][-]{chapter*.23}{Metodologia}{}% 38
\BOOKMARK [1][-]{subsection.0.8.4}{La promiscuidad en familias enzimaticas.}{chapter*.23}% 39
\BOOKMARK [2][-]{section*.24}{Actinobacteria genomica}{subsection.0.8.4}% 40
\BOOKMARK [3][-]{section*.25}{Annotation}{section*.24}% 41
\BOOKMARK [3][-]{section*.26}{Genomic DB phylogeny}{section*.24}% 42
\BOOKMARK [2][-]{subsection.0.8.5}{Identificar cambios en la vecindad genomica en familias selectas de enzimas de metabolismo central.}{subsection.0.8.4}% 43
\BOOKMARK [3][-]{section*.27}{Organizar y presentar los datos en una plataforma.}{subsection.0.8.5}% 44
\BOOKMARK [2][-]{subsection.0.8.6}{Promiscuidad in vitro}{subsection.0.8.4}% 45
\BOOKMARK [3][-]{section*.28}{Datos cineticos:}{subsection.0.8.6}% 46
\BOOKMARK [3][-]{section*.29}{Dinamica molecular}{subsection.0.8.6}% 47
\BOOKMARK [2][-]{subsection.0.8.7}{Promiscuidad in vivo}{subsection.0.8.4}% 48
\BOOKMARK [2][-]{subsection.0.8.8}{Consideraciones}{subsection.0.8.4}% 49
\BOOKMARK [0][-]{chapter.1}{Chapter 1: Orthocores}{}% 50
