This is pdfTeX, Version 3.14159265-2.6-1.40.16 (TeX Live 2015/Debian) (preloaded format=pdflatex 2018.10.17)  11 JUN 2019 00:45
entering extended mode
 restricted \write18 enabled.
 %&-line parsing enabled.
**tesis.tex
(./tesis.tex
LaTeX2e <2016/02/01>
Babel <3.9q> and hyphenation patterns for 81 language(s) loaded.
(./reedthesis.cls
Document Class: reedthesis 2004/01/27 The Reed College Thesis Class
(/usr/share/texlive/texmf-dist/tex/latex/base/book.cls
Document Class: book 2014/09/29 v1.4h Standard LaTeX document class
(/usr/share/texlive/texmf-dist/tex/latex/base/bk12.clo
File: bk12.clo 2014/09/29 v1.4h Standard LaTeX file (size option)
)
\c@part=\count79
\c@chapter=\count80
\c@section=\count81
\c@subsection=\count82
\c@subsubsection=\count83
\c@paragraph=\count84
\c@subparagraph=\count85
\c@figure=\count86
\c@table=\count87
\abovecaptionskip=\skip41
\belowcaptionskip=\skip42
\bibindent=\dimen102
) (/usr/share/texlive/texmf-dist/tex/latex/fancyhdr/fancyhdr.sty
\fancy@headwidth=\skip43
\f@ncyO@elh=\skip44
\f@ncyO@erh=\skip45
\f@ncyO@olh=\skip46
\f@ncyO@orh=\skip47
\f@ncyO@elf=\skip48
\f@ncyO@erf=\skip49
\f@ncyO@olf=\skip50
\f@ncyO@orf=\skip51
) (/usr/share/texlive/texmf-dist/tex/latex/fancyvrb/fancyvrb.sty
Package: fancyvrb 2008/02/07

Style option: `fancyvrb' v2.7a, with DG/SPQR fixes, and firstline=lastline fix 
<2008/02/07> (tvz) (/usr/share/texlive/texmf-dist/tex/latex/graphics/keyval.sty
Package: keyval 2014/10/28 v1.15 key=value parser (DPC)
\KV@toks@=\toks14
)
\FV@CodeLineNo=\count88
\FV@InFile=\read1
\FV@TabBox=\box26
\c@FancyVerbLine=\count89
\FV@StepNumber=\count90
\FV@OutFile=\write3
) (/usr/share/texlive/texmf-dist/tex/generic/ifxetex/ifxetex.sty
Package: ifxetex 2010/09/12 v0.6 Provides ifxetex conditional
) (/usr/share/texlive/texmf-dist/tex/generic/oberdiek/ifluatex.sty
Package: ifluatex 2010/03/01 v1.3 Provides the ifluatex switch (HO)
Package ifluatex Info: LuaTeX not detected.
) (/usr/share/texlive/texmf-dist/tex/latex/base/fixltx2e.sty
Package: fixltx2e 2015/06/22 v2.0b fixes to LaTeX (obsolete)

Package fixltx2e Warning: fixltx2e is not required with releases after 2015
(fixltx2e)                All fixes are now in the LaTeX kernel.
(fixltx2e)                See the latexrelease package for details.

) (/usr/share/texlive/texmf-dist/tex/latex/base/fontenc.sty
Package: fontenc 2005/09/27 v1.99g Standard LaTeX package
(/usr/share/texlive/texmf-dist/tex/latex/base/t1enc.def
File: t1enc.def 2005/09/27 v1.99g Standard LaTeX file
LaTeX Font Info:    Redeclaring font encoding T1 on input line 48.
)) (/usr/share/texlive/texmf-dist/tex/latex/base/inputenc.sty
Package: inputenc 2015/03/17 v1.2c Input encoding file
\inpenc@prehook=\toks15
\inpenc@posthook=\toks16
(/usr/share/texlive/texmf-dist/tex/latex/base/utf8.def
File: utf8.def 2015/12/03 v1.1r UTF-8 support for inputenc
Now handling font encoding OML ...
... no UTF-8 mapping file for font encoding OML
Now handling font encoding T1 ...
... processing UTF-8 mapping file for font encoding T1
(/usr/share/texlive/texmf-dist/tex/latex/base/t1enc.dfu
File: t1enc.dfu 2015/12/03 v1.1r UTF-8 support for inputenc
   defining Unicode char U+00A0 (decimal 160)
   defining Unicode char U+00A1 (decimal 161)
   defining Unicode char U+00A3 (decimal 163)
   defining Unicode char U+00AB (decimal 171)
   defining Unicode char U+00AD (decimal 173)
   defining Unicode char U+00BB (decimal 187)
   defining Unicode char U+00BF (decimal 191)
   defining Unicode char U+00C0 (decimal 192)
   defining Unicode char U+00C1 (decimal 193)
   defining Unicode char U+00C2 (decimal 194)
   defining Unicode char U+00C3 (decimal 195)
   defining Unicode char U+00C4 (decimal 196)
   defining Unicode char U+00C5 (decimal 197)
   defining Unicode char U+00C6 (decimal 198)
   defining Unicode char U+00C7 (decimal 199)
   defining Unicode char U+00C8 (decimal 200)
   defining Unicode char U+00C9 (decimal 201)
   defining Unicode char U+00CA (decimal 202)
   defining Unicode char U+00CB (decimal 203)
   defining Unicode char U+00CC (decimal 204)
   defining Unicode char U+00CD (decimal 205)
   defining Unicode char U+00CE (decimal 206)
   defining Unicode char U+00CF (decimal 207)
   defining Unicode char U+00D0 (decimal 208)
   defining Unicode char U+00D1 (decimal 209)
   defining Unicode char U+00D2 (decimal 210)
   defining Unicode char U+00D3 (decimal 211)
   defining Unicode char U+00D4 (decimal 212)
   defining Unicode char U+00D5 (decimal 213)
   defining Unicode char U+00D6 (decimal 214)
   defining Unicode char U+00D8 (decimal 216)
   defining Unicode char U+00D9 (decimal 217)
   defining Unicode char U+00DA (decimal 218)
   defining Unicode char U+00DB (decimal 219)
   defining Unicode char U+00DC (decimal 220)
   defining Unicode char U+00DD (decimal 221)
   defining Unicode char U+00DE (decimal 222)
   defining Unicode char U+00DF (decimal 223)
   defining Unicode char U+00E0 (decimal 224)
   defining Unicode char U+00E1 (decimal 225)
   defining Unicode char U+00E2 (decimal 226)
   defining Unicode char U+00E3 (decimal 227)
   defining Unicode char U+00E4 (decimal 228)
   defining Unicode char U+00E5 (decimal 229)
   defining Unicode char U+00E6 (decimal 230)
   defining Unicode char U+00E7 (decimal 231)
   defining Unicode char U+00E8 (decimal 232)
   defining Unicode char U+00E9 (decimal 233)
   defining Unicode char U+00EA (decimal 234)
   defining Unicode char U+00EB (decimal 235)
   defining Unicode char U+00EC (decimal 236)
   defining Unicode char U+00ED (decimal 237)
   defining Unicode char U+00EE (decimal 238)
   defining Unicode char U+00EF (decimal 239)
   defining Unicode char U+00F0 (decimal 240)
   defining Unicode char U+00F1 (decimal 241)
   defining Unicode char U+00F2 (decimal 242)
   defining Unicode char U+00F3 (decimal 243)
   defining Unicode char U+00F4 (decimal 244)
   defining Unicode char U+00F5 (decimal 245)
   defining Unicode char U+00F6 (decimal 246)
   defining Unicode char U+00F8 (decimal 248)
   defining Unicode char U+00F9 (decimal 249)
   defining Unicode char U+00FA (decimal 250)
   defining Unicode char U+00FB (decimal 251)
   defining Unicode char U+00FC (decimal 252)
   defining Unicode char U+00FD (decimal 253)
   defining Unicode char U+00FE (decimal 254)
   defining Unicode char U+00FF (decimal 255)
   defining Unicode char U+0100 (decimal 256)
   defining Unicode char U+0101 (decimal 257)
   defining Unicode char U+0102 (decimal 258)
   defining Unicode char U+0103 (decimal 259)
   defining Unicode char U+0104 (decimal 260)
   defining Unicode char U+0105 (decimal 261)
   defining Unicode char U+0106 (decimal 262)
   defining Unicode char U+0107 (decimal 263)
   defining Unicode char U+0108 (decimal 264)
   defining Unicode char U+0109 (decimal 265)
   defining Unicode char U+010A (decimal 266)
   defining Unicode char U+010B (decimal 267)
   defining Unicode char U+010C (decimal 268)
   defining Unicode char U+010D (decimal 269)
   defining Unicode char U+010E (decimal 270)
   defining Unicode char U+010F (decimal 271)
   defining Unicode char U+0110 (decimal 272)
   defining Unicode char U+0111 (decimal 273)
   defining Unicode char U+0112 (decimal 274)
   defining Unicode char U+0113 (decimal 275)
   defining Unicode char U+0114 (decimal 276)
   defining Unicode char U+0115 (decimal 277)
   defining Unicode char U+0116 (decimal 278)
   defining Unicode char U+0117 (decimal 279)
   defining Unicode char U+0118 (decimal 280)
   defining Unicode char U+0119 (decimal 281)
   defining Unicode char U+011A (decimal 282)
   defining Unicode char U+011B (decimal 283)
   defining Unicode char U+011C (decimal 284)
   defining Unicode char U+011D (decimal 285)
   defining Unicode char U+011E (decimal 286)
   defining Unicode char U+011F (decimal 287)
   defining Unicode char U+0120 (decimal 288)
   defining Unicode char U+0121 (decimal 289)
   defining Unicode char U+0122 (decimal 290)
   defining Unicode char U+0123 (decimal 291)
   defining Unicode char U+0124 (decimal 292)
   defining Unicode char U+0125 (decimal 293)
   defining Unicode char U+0128 (decimal 296)
   defining Unicode char U+0129 (decimal 297)
   defining Unicode char U+012A (decimal 298)
   defining Unicode char U+012B (decimal 299)
   defining Unicode char U+012C (decimal 300)
   defining Unicode char U+012D (decimal 301)
   defining Unicode char U+012E (decimal 302)
   defining Unicode char U+012F (decimal 303)
   defining Unicode char U+0130 (decimal 304)
   defining Unicode char U+0131 (decimal 305)
   defining Unicode char U+0132 (decimal 306)
   defining Unicode char U+0133 (decimal 307)
   defining Unicode char U+0134 (decimal 308)
   defining Unicode char U+0135 (decimal 309)
   defining Unicode char U+0136 (decimal 310)
   defining Unicode char U+0137 (decimal 311)
   defining Unicode char U+0139 (decimal 313)
   defining Unicode char U+013A (decimal 314)
   defining Unicode char U+013B (decimal 315)
   defining Unicode char U+013C (decimal 316)
   defining Unicode char U+013D (decimal 317)
   defining Unicode char U+013E (decimal 318)
   defining Unicode char U+0141 (decimal 321)
   defining Unicode char U+0142 (decimal 322)
   defining Unicode char U+0143 (decimal 323)
   defining Unicode char U+0144 (decimal 324)
   defining Unicode char U+0145 (decimal 325)
   defining Unicode char U+0146 (decimal 326)
   defining Unicode char U+0147 (decimal 327)
   defining Unicode char U+0148 (decimal 328)
   defining Unicode char U+014A (decimal 330)
   defining Unicode char U+014B (decimal 331)
   defining Unicode char U+014C (decimal 332)
   defining Unicode char U+014D (decimal 333)
   defining Unicode char U+014E (decimal 334)
   defining Unicode char U+014F (decimal 335)
   defining Unicode char U+0150 (decimal 336)
   defining Unicode char U+0151 (decimal 337)
   defining Unicode char U+0152 (decimal 338)
   defining Unicode char U+0153 (decimal 339)
   defining Unicode char U+0154 (decimal 340)
   defining Unicode char U+0155 (decimal 341)
   defining Unicode char U+0156 (decimal 342)
   defining Unicode char U+0157 (decimal 343)
   defining Unicode char U+0158 (decimal 344)
   defining Unicode char U+0159 (decimal 345)
   defining Unicode char U+015A (decimal 346)
   defining Unicode char U+015B (decimal 347)
   defining Unicode char U+015C (decimal 348)
   defining Unicode char U+015D (decimal 349)
   defining Unicode char U+015E (decimal 350)
   defining Unicode char U+015F (decimal 351)
   defining Unicode char U+0160 (decimal 352)
   defining Unicode char U+0161 (decimal 353)
   defining Unicode char U+0162 (decimal 354)
   defining Unicode char U+0163 (decimal 355)
   defining Unicode char U+0164 (decimal 356)
   defining Unicode char U+0165 (decimal 357)
   defining Unicode char U+0168 (decimal 360)
   defining Unicode char U+0169 (decimal 361)
   defining Unicode char U+016A (decimal 362)
   defining Unicode char U+016B (decimal 363)
   defining Unicode char U+016C (decimal 364)
   defining Unicode char U+016D (decimal 365)
   defining Unicode char U+016E (decimal 366)
   defining Unicode char U+016F (decimal 367)
   defining Unicode char U+0170 (decimal 368)
   defining Unicode char U+0171 (decimal 369)
   defining Unicode char U+0172 (decimal 370)
   defining Unicode char U+0173 (decimal 371)
   defining Unicode char U+0174 (decimal 372)
   defining Unicode char U+0175 (decimal 373)
   defining Unicode char U+0176 (decimal 374)
   defining Unicode char U+0177 (decimal 375)
   defining Unicode char U+0178 (decimal 376)
   defining Unicode char U+0179 (decimal 377)
   defining Unicode char U+017A (decimal 378)
   defining Unicode char U+017B (decimal 379)
   defining Unicode char U+017C (decimal 380)
   defining Unicode char U+017D (decimal 381)
   defining Unicode char U+017E (decimal 382)
   defining Unicode char U+01CD (decimal 461)
   defining Unicode char U+01CE (decimal 462)
   defining Unicode char U+01CF (decimal 463)
   defining Unicode char U+01D0 (decimal 464)
   defining Unicode char U+01D1 (decimal 465)
   defining Unicode char U+01D2 (decimal 466)
   defining Unicode char U+01D3 (decimal 467)
   defining Unicode char U+01D4 (decimal 468)
   defining Unicode char U+01E2 (decimal 482)
   defining Unicode char U+01E3 (decimal 483)
   defining Unicode char U+01E6 (decimal 486)
   defining Unicode char U+01E7 (decimal 487)
   defining Unicode char U+01E8 (decimal 488)
   defining Unicode char U+01E9 (decimal 489)
   defining Unicode char U+01EA (decimal 490)
   defining Unicode char U+01EB (decimal 491)
   defining Unicode char U+01F0 (decimal 496)
   defining Unicode char U+01F4 (decimal 500)
   defining Unicode char U+01F5 (decimal 501)
   defining Unicode char U+0218 (decimal 536)
   defining Unicode char U+0219 (decimal 537)
   defining Unicode char U+021A (decimal 538)
   defining Unicode char U+021B (decimal 539)
   defining Unicode char U+01E02 (decimal 7682)
   defining Unicode char U+01E03 (decimal 7683)
   defining Unicode char U+200C (decimal 8204)
   defining Unicode char U+2013 (decimal 8211)
   defining Unicode char U+2014 (decimal 8212)
   defining Unicode char U+2018 (decimal 8216)
   defining Unicode char U+2019 (decimal 8217)
   defining Unicode char U+201A (decimal 8218)
   defining Unicode char U+201C (decimal 8220)
   defining Unicode char U+201D (decimal 8221)
   defining Unicode char U+201E (decimal 8222)
   defining Unicode char U+2030 (decimal 8240)
   defining Unicode char U+2031 (decimal 8241)
   defining Unicode char U+2039 (decimal 8249)
   defining Unicode char U+203A (decimal 8250)
   defining Unicode char U+2423 (decimal 9251)
)
Now handling font encoding OT1 ...
... processing UTF-8 mapping file for font encoding OT1
(/usr/share/texlive/texmf-dist/tex/latex/base/ot1enc.dfu
File: ot1enc.dfu 2015/12/03 v1.1r UTF-8 support for inputenc
   defining Unicode char U+00A0 (decimal 160)
   defining Unicode char U+00A1 (decimal 161)
   defining Unicode char U+00A3 (decimal 163)
   defining Unicode char U+00AD (decimal 173)
   defining Unicode char U+00B8 (decimal 184)
   defining Unicode char U+00BF (decimal 191)
   defining Unicode char U+00C5 (decimal 197)
   defining Unicode char U+00C6 (decimal 198)
   defining Unicode char U+00D8 (decimal 216)
   defining Unicode char U+00DF (decimal 223)
   defining Unicode char U+00E6 (decimal 230)
   defining Unicode char U+00EC (decimal 236)
   defining Unicode char U+00ED (decimal 237)
   defining Unicode char U+00EE (decimal 238)
   defining Unicode char U+00EF (decimal 239)
   defining Unicode char U+00F8 (decimal 248)
   defining Unicode char U+0131 (decimal 305)
   defining Unicode char U+0141 (decimal 321)
   defining Unicode char U+0142 (decimal 322)
   defining Unicode char U+0152 (decimal 338)
   defining Unicode char U+0153 (decimal 339)
   defining Unicode char U+0174 (decimal 372)
   defining Unicode char U+0175 (decimal 373)
   defining Unicode char U+0176 (decimal 374)
   defining Unicode char U+0177 (decimal 375)
   defining Unicode char U+0218 (decimal 536)
   defining Unicode char U+0219 (decimal 537)
   defining Unicode char U+021A (decimal 538)
   defining Unicode char U+021B (decimal 539)
   defining Unicode char U+2013 (decimal 8211)
   defining Unicode char U+2014 (decimal 8212)
   defining Unicode char U+2018 (decimal 8216)
   defining Unicode char U+2019 (decimal 8217)
   defining Unicode char U+201C (decimal 8220)
   defining Unicode char U+201D (decimal 8221)
)
Now handling font encoding OMS ...
... processing UTF-8 mapping file for font encoding OMS
(/usr/share/texlive/texmf-dist/tex/latex/base/omsenc.dfu
File: omsenc.dfu 2015/12/03 v1.1r UTF-8 support for inputenc
   defining Unicode char U+00A7 (decimal 167)
   defining Unicode char U+00B6 (decimal 182)
   defining Unicode char U+00B7 (decimal 183)
   defining Unicode char U+2020 (decimal 8224)
   defining Unicode char U+2021 (decimal 8225)
   defining Unicode char U+2022 (decimal 8226)
)
Now handling font encoding OMX ...
... no UTF-8 mapping file for font encoding OMX
Now handling font encoding U ...
... no UTF-8 mapping file for font encoding U
   defining Unicode char U+00A9 (decimal 169)
   defining Unicode char U+00AA (decimal 170)
   defining Unicode char U+00AE (decimal 174)
   defining Unicode char U+00BA (decimal 186)
   defining Unicode char U+02C6 (decimal 710)
   defining Unicode char U+02DC (decimal 732)
   defining Unicode char U+200C (decimal 8204)
   defining Unicode char U+2026 (decimal 8230)
   defining Unicode char U+2122 (decimal 8482)
   defining Unicode char U+2423 (decimal 9251)
)) (/usr/share/texlive/texmf-dist/tex/latex/upquote/upquote.sty
Package: upquote 2012/04/19 v1.3 upright-quote and grave-accent glyphs in verba
tim
(/usr/share/texlive/texmf-dist/tex/latex/base/textcomp.sty
Package: textcomp 2005/09/27 v1.99g Standard LaTeX package
Package textcomp Info: Sub-encoding information:
(textcomp)               5 = only ISO-Adobe without \textcurrency
(textcomp)               4 = 5 + \texteuro
(textcomp)               3 = 4 + \textohm
(textcomp)               2 = 3 + \textestimated + \textcurrency
(textcomp)               1 = TS1 - \textcircled - \t
(textcomp)               0 = TS1 (full)
(textcomp)             Font families with sub-encoding setting implement
(textcomp)             only a restricted character set as indicated.
(textcomp)             Family '?' is the default used for unknown fonts.
(textcomp)             See the documentation for details.
Package textcomp Info: Setting ? sub-encoding to TS1/1 on input line 79.
(/usr/share/texlive/texmf-dist/tex/latex/base/ts1enc.def
File: ts1enc.def 2001/06/05 v3.0e (jk/car/fm) Standard LaTeX file
Now handling font encoding TS1 ...
... processing UTF-8 mapping file for font encoding TS1
(/usr/share/texlive/texmf-dist/tex/latex/base/ts1enc.dfu
File: ts1enc.dfu 2015/12/03 v1.1r UTF-8 support for inputenc
   defining Unicode char U+00A2 (decimal 162)
   defining Unicode char U+00A3 (decimal 163)
   defining Unicode char U+00A4 (decimal 164)
   defining Unicode char U+00A5 (decimal 165)
   defining Unicode char U+00A6 (decimal 166)
   defining Unicode char U+00A7 (decimal 167)
   defining Unicode char U+00A8 (decimal 168)
   defining Unicode char U+00A9 (decimal 169)
   defining Unicode char U+00AA (decimal 170)
   defining Unicode char U+00AC (decimal 172)
   defining Unicode char U+00AE (decimal 174)
   defining Unicode char U+00AF (decimal 175)
   defining Unicode char U+00B0 (decimal 176)
   defining Unicode char U+00B1 (decimal 177)
   defining Unicode char U+00B2 (decimal 178)
   defining Unicode char U+00B3 (decimal 179)
   defining Unicode char U+00B4 (decimal 180)
   defining Unicode char U+00B5 (decimal 181)
   defining Unicode char U+00B6 (decimal 182)
   defining Unicode char U+00B7 (decimal 183)
   defining Unicode char U+00B9 (decimal 185)
   defining Unicode char U+00BA (decimal 186)
   defining Unicode char U+00BC (decimal 188)
   defining Unicode char U+00BD (decimal 189)
   defining Unicode char U+00BE (decimal 190)
   defining Unicode char U+00D7 (decimal 215)
   defining Unicode char U+00F7 (decimal 247)
   defining Unicode char U+0192 (decimal 402)
   defining Unicode char U+02C7 (decimal 711)
   defining Unicode char U+02D8 (decimal 728)
   defining Unicode char U+02DD (decimal 733)
   defining Unicode char U+0E3F (decimal 3647)
   defining Unicode char U+2016 (decimal 8214)
   defining Unicode char U+2020 (decimal 8224)
   defining Unicode char U+2021 (decimal 8225)
   defining Unicode char U+2022 (decimal 8226)
   defining Unicode char U+2030 (decimal 8240)
   defining Unicode char U+2031 (decimal 8241)
   defining Unicode char U+203B (decimal 8251)
   defining Unicode char U+203D (decimal 8253)
   defining Unicode char U+2044 (decimal 8260)
   defining Unicode char U+204E (decimal 8270)
   defining Unicode char U+2052 (decimal 8274)
   defining Unicode char U+20A1 (decimal 8353)
   defining Unicode char U+20A4 (decimal 8356)
   defining Unicode char U+20A6 (decimal 8358)
   defining Unicode char U+20A9 (decimal 8361)
   defining Unicode char U+20AB (decimal 8363)
   defining Unicode char U+20AC (decimal 8364)
   defining Unicode char U+20B1 (decimal 8369)
   defining Unicode char U+2103 (decimal 8451)
   defining Unicode char U+2116 (decimal 8470)
   defining Unicode char U+2117 (decimal 8471)
   defining Unicode char U+211E (decimal 8478)
   defining Unicode char U+2120 (decimal 8480)
   defining Unicode char U+2122 (decimal 8482)
   defining Unicode char U+2126 (decimal 8486)
   defining Unicode char U+2127 (decimal 8487)
   defining Unicode char U+212E (decimal 8494)
   defining Unicode char U+2190 (decimal 8592)
   defining Unicode char U+2191 (decimal 8593)
   defining Unicode char U+2192 (decimal 8594)
   defining Unicode char U+2193 (decimal 8595)
   defining Unicode char U+2329 (decimal 9001)
   defining Unicode char U+232A (decimal 9002)
   defining Unicode char U+2422 (decimal 9250)
   defining Unicode char U+25E6 (decimal 9702)
   defining Unicode char U+25EF (decimal 9711)
   defining Unicode char U+266A (decimal 9834)
))
LaTeX Info: Redefining \oldstylenums on input line 334.
Package textcomp Info: Setting cmr sub-encoding to TS1/0 on input line 349.
Package textcomp Info: Setting cmss sub-encoding to TS1/0 on input line 350.
Package textcomp Info: Setting cmtt sub-encoding to TS1/0 on input line 351.
Package textcomp Info: Setting cmvtt sub-encoding to TS1/0 on input line 352.
Package textcomp Info: Setting cmbr sub-encoding to TS1/0 on input line 353.
Package textcomp Info: Setting cmtl sub-encoding to TS1/0 on input line 354.
Package textcomp Info: Setting ccr sub-encoding to TS1/0 on input line 355.
Package textcomp Info: Setting ptm sub-encoding to TS1/4 on input line 356.
Package textcomp Info: Setting pcr sub-encoding to TS1/4 on input line 357.
Package textcomp Info: Setting phv sub-encoding to TS1/4 on input line 358.
Package textcomp Info: Setting ppl sub-encoding to TS1/3 on input line 359.
Package textcomp Info: Setting pag sub-encoding to TS1/4 on input line 360.
Package textcomp Info: Setting pbk sub-encoding to TS1/4 on input line 361.
Package textcomp Info: Setting pnc sub-encoding to TS1/4 on input line 362.
Package textcomp Info: Setting pzc sub-encoding to TS1/4 on input line 363.
Package textcomp Info: Setting bch sub-encoding to TS1/4 on input line 364.
Package textcomp Info: Setting put sub-encoding to TS1/5 on input line 365.
Package textcomp Info: Setting uag sub-encoding to TS1/5 on input line 366.
Package textcomp Info: Setting ugq sub-encoding to TS1/5 on input line 367.
Package textcomp Info: Setting ul8 sub-encoding to TS1/4 on input line 368.
Package textcomp Info: Setting ul9 sub-encoding to TS1/4 on input line 369.
Package textcomp Info: Setting augie sub-encoding to TS1/5 on input line 370.
Package textcomp Info: Setting dayrom sub-encoding to TS1/3 on input line 371.
Package textcomp Info: Setting dayroms sub-encoding to TS1/3 on input line 372.

Package textcomp Info: Setting pxr sub-encoding to TS1/0 on input line 373.
Package textcomp Info: Setting pxss sub-encoding to TS1/0 on input line 374.
Package textcomp Info: Setting pxtt sub-encoding to TS1/0 on input line 375.
Package textcomp Info: Setting txr sub-encoding to TS1/0 on input line 376.
Package textcomp Info: Setting txss sub-encoding to TS1/0 on input line 377.
Package textcomp Info: Setting txtt sub-encoding to TS1/0 on input line 378.
Package textcomp Info: Setting lmr sub-encoding to TS1/0 on input line 379.
Package textcomp Info: Setting lmdh sub-encoding to TS1/0 on input line 380.
Package textcomp Info: Setting lmss sub-encoding to TS1/0 on input line 381.
Package textcomp Info: Setting lmssq sub-encoding to TS1/0 on input line 382.
Package textcomp Info: Setting lmvtt sub-encoding to TS1/0 on input line 383.
Package textcomp Info: Setting lmtt sub-encoding to TS1/0 on input line 384.
Package textcomp Info: Setting qhv sub-encoding to TS1/0 on input line 385.
Package textcomp Info: Setting qag sub-encoding to TS1/0 on input line 386.
Package textcomp Info: Setting qbk sub-encoding to TS1/0 on input line 387.
Package textcomp Info: Setting qcr sub-encoding to TS1/0 on input line 388.
Package textcomp Info: Setting qcs sub-encoding to TS1/0 on input line 389.
Package textcomp Info: Setting qpl sub-encoding to TS1/0 on input line 390.
Package textcomp Info: Setting qtm sub-encoding to TS1/0 on input line 391.
Package textcomp Info: Setting qzc sub-encoding to TS1/0 on input line 392.
Package textcomp Info: Setting qhvc sub-encoding to TS1/0 on input line 393.
Package textcomp Info: Setting futs sub-encoding to TS1/4 on input line 394.
Package textcomp Info: Setting futx sub-encoding to TS1/4 on input line 395.
Package textcomp Info: Setting futj sub-encoding to TS1/4 on input line 396.
Package textcomp Info: Setting hlh sub-encoding to TS1/3 on input line 397.
Package textcomp Info: Setting hls sub-encoding to TS1/3 on input line 398.
Package textcomp Info: Setting hlst sub-encoding to TS1/3 on input line 399.
Package textcomp Info: Setting hlct sub-encoding to TS1/5 on input line 400.
Package textcomp Info: Setting hlx sub-encoding to TS1/5 on input line 401.
Package textcomp Info: Setting hlce sub-encoding to TS1/5 on input line 402.
Package textcomp Info: Setting hlcn sub-encoding to TS1/5 on input line 403.
Package textcomp Info: Setting hlcw sub-encoding to TS1/5 on input line 404.
Package textcomp Info: Setting hlcf sub-encoding to TS1/5 on input line 405.
Package textcomp Info: Setting pplx sub-encoding to TS1/3 on input line 406.
Package textcomp Info: Setting pplj sub-encoding to TS1/3 on input line 407.
Package textcomp Info: Setting ptmx sub-encoding to TS1/4 on input line 408.
Package textcomp Info: Setting ptmj sub-encoding to TS1/4 on input line 409.
)) (/usr/share/texlive/texmf-dist/tex/latex/microtype/microtype.sty
Package: microtype 2013/05/23 v2.5a Micro-typographical refinements (RS)
\MT@toks=\toks17
\MT@count=\count91
LaTeX Info: Redefining \textls on input line 766.
\MT@outer@kern=\dimen103
LaTeX Info: Redefining \textmicrotypecontext on input line 1285.
\MT@listname@count=\count92
(/usr/share/texlive/texmf-dist/tex/latex/microtype/microtype-pdftex.def
File: microtype-pdftex.def 2013/05/23 v2.5a Definitions specific to pdftex (RS)

LaTeX Info: Redefining \lsstyle on input line 915.
LaTeX Info: Redefining \lslig on input line 915.
\MT@outer@space=\skip52
)
Package microtype Info: Loading configuration file microtype.cfg.
(/usr/share/texlive/texmf-dist/tex/latex/microtype/microtype.cfg
File: microtype.cfg 2013/05/23 v2.5a microtype main configuration file (RS)
)) (/usr/share/texlive/texmf-dist/tex/latex/graphics/color.sty
Package: color 2016/01/03 v1.1b Standard LaTeX Color (DPC)
(/usr/share/texlive/texmf-dist/tex/latex/latexconfig/color.cfg
File: color.cfg 2007/01/18 v1.5 color configuration of teTeX/TeXLive
)
Package color Info: Driver file: pdftex.def on input line 143.
(/usr/share/texlive/texmf-dist/tex/latex/pdftex-def/pdftex.def
File: pdftex.def 2011/05/27 v0.06d Graphics/color for pdfTeX
(/usr/share/texlive/texmf-dist/tex/generic/oberdiek/infwarerr.sty
Package: infwarerr 2010/04/08 v1.3 Providing info/warning/error messages (HO)
) (/usr/share/texlive/texmf-dist/tex/generic/oberdiek/ltxcmds.sty
Package: ltxcmds 2011/11/09 v1.22 LaTeX kernel commands for general use (HO)
)
\Gread@gobject=\count93
)) (/usr/share/texlive/texmf-dist/tex/latex/framed/framed.sty
Package: framed 2011/10/22 v 0.96: framed or shaded text with page breaks
\OuterFrameSep=\skip53
\fb@frw=\dimen104
\fb@frh=\dimen105
\FrameRule=\dimen106
\FrameSep=\dimen107
)) (/usr/share/texlive/texmf-dist/tex/latex/graphics/graphicx.sty
Package: graphicx 2014/10/28 v1.0g Enhanced LaTeX Graphics (DPC,SPQR)
(/usr/share/texlive/texmf-dist/tex/latex/graphics/graphics.sty
Package: graphics 2016/01/03 v1.0q Standard LaTeX Graphics (DPC,SPQR)
(/usr/share/texlive/texmf-dist/tex/latex/graphics/trig.sty
Package: trig 2016/01/03 v1.10 sin cos tan (DPC)
) (/usr/share/texlive/texmf-dist/tex/latex/latexconfig/graphics.cfg
File: graphics.cfg 2010/04/23 v1.9 graphics configuration of TeX Live
)
Package graphics Info: Driver file: pdftex.def on input line 95.
)
\Gin@req@height=\dimen108
\Gin@req@width=\dimen109
) (/usr/share/texlive/texmf-dist/tex/latex/base/latexsym.sty
Package: latexsym 1998/08/17 v2.2e Standard LaTeX package (lasy symbols)
\symlasy=\mathgroup4
LaTeX Font Info:    Overwriting symbol font `lasy' in version `bold'
(Font)                  U/lasy/m/n --> U/lasy/b/n on input line 52.
) (/usr/share/texlive/texmf-dist/tex/latex/amsmath/amsmath.sty
Package: amsmath 2016/03/03 v2.15a AMS math features
\@mathmargin=\skip54
For additional information on amsmath, use the `?' option.
(/usr/share/texlive/texmf-dist/tex/latex/amsmath/amstext.sty
Package: amstext 2000/06/29 v2.01 AMS text
(/usr/share/texlive/texmf-dist/tex/latex/amsmath/amsgen.sty
File: amsgen.sty 1999/11/30 v2.0 generic functions
\@emptytoks=\toks18
\ex@=\dimen110
)) (/usr/share/texlive/texmf-dist/tex/latex/amsmath/amsbsy.sty
Package: amsbsy 1999/11/29 v1.2d Bold Symbols
\pmbraise@=\dimen111
) (/usr/share/texlive/texmf-dist/tex/latex/amsmath/amsopn.sty
Package: amsopn 1999/12/14 v2.01 operator names
)
\inf@bad=\count94
LaTeX Info: Redefining \frac on input line 199.
\uproot@=\count95
\leftroot@=\count96
LaTeX Info: Redefining \overline on input line 297.
\classnum@=\count97
\DOTSCASE@=\count98
LaTeX Info: Redefining \ldots on input line 394.
LaTeX Info: Redefining \dots on input line 397.
LaTeX Info: Redefining \cdots on input line 518.
\Mathstrutbox@=\box27
\strutbox@=\box28
\big@size=\dimen112
LaTeX Font Info:    Redeclaring font encoding OML on input line 630.
LaTeX Font Info:    Redeclaring font encoding OMS on input line 631.
\macc@depth=\count99
\c@MaxMatrixCols=\count100
\dotsspace@=\muskip10
\c@parentequation=\count101
\dspbrk@lvl=\count102
\tag@help=\toks19
\row@=\count103
\column@=\count104
\maxfields@=\count105
\andhelp@=\toks20
\eqnshift@=\dimen113
\alignsep@=\dimen114
\tagshift@=\dimen115
\tagwidth@=\dimen116
\totwidth@=\dimen117
\lineht@=\dimen118
\@envbody=\toks21
\multlinegap=\skip55
\multlinetaggap=\skip56
\mathdisplay@stack=\toks22
LaTeX Info: Redefining \[ on input line 2735.
LaTeX Info: Redefining \] on input line 2736.
) (/usr/share/texlive/texmf-dist/tex/latex/amsfonts/amssymb.sty
Package: amssymb 2013/01/14 v3.01 AMS font symbols
(/usr/share/texlive/texmf-dist/tex/latex/amsfonts/amsfonts.sty
Package: amsfonts 2013/01/14 v3.01 Basic AMSFonts support
\symAMSa=\mathgroup5
\symAMSb=\mathgroup6
LaTeX Font Info:    Overwriting math alphabet `\mathfrak' in version `bold'
(Font)                  U/euf/m/n --> U/euf/b/n on input line 106.
)) (/usr/share/texlive/texmf-dist/tex/latex/amscls/amsthm.sty
Package: amsthm 2015/03/04 v2.20.2
\thm@style=\toks23
\thm@bodyfont=\toks24
\thm@headfont=\toks25
\thm@notefont=\toks26
\thm@headpunct=\toks27
\thm@preskip=\skip57
\thm@postskip=\skip58
\thm@headsep=\skip59
\dth@everypar=\toks28
) (/usr/share/texlive/texmf-dist/tex/latex/tools/longtable.sty
Package: longtable 2014/10/28 v4.11 Multi-page Table package (DPC)
\LTleft=\skip60
\LTright=\skip61
\LTpre=\skip62
\LTpost=\skip63
\LTchunksize=\count106
\LTcapwidth=\dimen119
\LT@head=\box29
\LT@firsthead=\box30
\LT@foot=\box31
\LT@lastfoot=\box32
\LT@cols=\count107
\LT@rows=\count108
\c@LT@tables=\count109
\c@LT@chunks=\count110
\LT@p@ftn=\toks29
) (/usr/share/texlive/texmf-dist/tex/latex/booktabs/booktabs.sty
Package: booktabs 2005/04/14 v1.61803 publication quality tables
\heavyrulewidth=\dimen120
\lightrulewidth=\dimen121
\cmidrulewidth=\dimen122
\belowrulesep=\dimen123
\belowbottomsep=\dimen124
\aboverulesep=\dimen125
\abovetopsep=\dimen126
\cmidrulesep=\dimen127
\cmidrulekern=\dimen128
\defaultaddspace=\dimen129
\@cmidla=\count111
\@cmidlb=\count112
\@aboverulesep=\dimen130
\@belowrulesep=\dimen131
\@thisruleclass=\count113
\@lastruleclass=\count114
\@thisrulewidth=\dimen132
) (/usr/share/texlive/texmf-dist/tex/latex/setspace/setspace.sty
Package: setspace 2011/12/19 v6.7a set line spacing
) (./chemarr.sty
Package: chemarr 2001/06/22 v1.1 Chemical reaction arrows (HO)
) (/usr/share/texlive/texmf-dist/tex/latex/url/url.sty
\Urlmuskip=\muskip11
Package: url 2013/09/16  ver 3.4  Verb mode for urls, etc.
) (/usr/share/texlive/texmf-dist/tex/latex/hyperref/hyperref.sty
Package: hyperref 2012/11/06 v6.83m Hypertext links for LaTeX
(/usr/share/texlive/texmf-dist/tex/generic/oberdiek/hobsub-hyperref.sty
Package: hobsub-hyperref 2012/05/28 v1.13 Bundle oberdiek, subset hyperref (HO)

(/usr/share/texlive/texmf-dist/tex/generic/oberdiek/hobsub-generic.sty
Package: hobsub-generic 2012/05/28 v1.13 Bundle oberdiek, subset generic (HO)
Package: hobsub 2012/05/28 v1.13 Construct package bundles (HO)
Package hobsub Info: Skipping package `infwarerr' (already loaded).
Package hobsub Info: Skipping package `ltxcmds' (already loaded).
Package hobsub Info: Skipping package `ifluatex' (already loaded).
Package: ifvtex 2010/03/01 v1.5 Detect VTeX and its facilities (HO)
Package ifvtex Info: VTeX not detected.
Package: intcalc 2007/09/27 v1.1 Expandable calculations with integers (HO)
Package: ifpdf 2011/01/30 v2.3 Provides the ifpdf switch (HO)
Package ifpdf Info: pdfTeX in PDF mode is detected.
Package: etexcmds 2011/02/16 v1.5 Avoid name clashes with e-TeX commands (HO)
Package etexcmds Info: Could not find \expanded.
(etexcmds)             That can mean that you are not using pdfTeX 1.50 or
(etexcmds)             that some package has redefined \expanded.
(etexcmds)             In the latter case, load this package earlier.
Package: kvsetkeys 2012/04/25 v1.16 Key value parser (HO)
Package: kvdefinekeys 2011/04/07 v1.3 Define keys (HO)
Package: pdftexcmds 2011/11/29 v0.20 Utility functions of pdfTeX for LuaTeX (HO
)
Package pdftexcmds Info: LuaTeX not detected.
Package pdftexcmds Info: \pdf@primitive is available.
Package pdftexcmds Info: \pdf@ifprimitive is available.
Package pdftexcmds Info: \pdfdraftmode found.
Package: pdfescape 2011/11/25 v1.13 Implements pdfTeX's escape features (HO)
Package: bigintcalc 2012/04/08 v1.3 Expandable calculations on big integers (HO
)
Package: bitset 2011/01/30 v1.1 Handle bit-vector datatype (HO)
Package: uniquecounter 2011/01/30 v1.2 Provide unlimited unique counter (HO)
)
Package hobsub Info: Skipping package `hobsub' (already loaded).
Package: letltxmacro 2010/09/02 v1.4 Let assignment for LaTeX macros (HO)
Package: hopatch 2012/05/28 v1.2 Wrapper for package hooks (HO)
Package: xcolor-patch 2011/01/30 xcolor patch
Package: atveryend 2011/06/30 v1.8 Hooks at the very end of document (HO)
Package atveryend Info: \enddocument detected (standard20110627).
Package: atbegshi 2011/10/05 v1.16 At begin shipout hook (HO)
Package: refcount 2011/10/16 v3.4 Data extraction from label references (HO)
Package: hycolor 2011/01/30 v1.7 Color options for hyperref/bookmark (HO)
) (/usr/share/texlive/texmf-dist/tex/latex/oberdiek/auxhook.sty
Package: auxhook 2011/03/04 v1.3 Hooks for auxiliary files (HO)
) (/usr/share/texlive/texmf-dist/tex/latex/oberdiek/kvoptions.sty
Package: kvoptions 2011/06/30 v3.11 Key value format for package options (HO)
)
\@linkdim=\dimen133
\Hy@linkcounter=\count115
\Hy@pagecounter=\count116
(/usr/share/texlive/texmf-dist/tex/latex/hyperref/pd1enc.def
File: pd1enc.def 2012/11/06 v6.83m Hyperref: PDFDocEncoding definition (HO)
Now handling font encoding PD1 ...
... no UTF-8 mapping file for font encoding PD1
)
\Hy@SavedSpaceFactor=\count117
(/usr/share/texlive/texmf-dist/tex/latex/latexconfig/hyperref.cfg
File: hyperref.cfg 2002/06/06 v1.2 hyperref configuration of TeXLive
)
Package hyperref Info: Hyper figures OFF on input line 4443.
Package hyperref Info: Link nesting OFF on input line 4448.
Package hyperref Info: Hyper index ON on input line 4451.
Package hyperref Info: Plain pages OFF on input line 4458.
Package hyperref Info: Backreferencing OFF on input line 4463.
Package hyperref Info: Implicit mode ON; LaTeX internals redefined.
Package hyperref Info: Bookmarks ON on input line 4688.
\c@Hy@tempcnt=\count118
LaTeX Info: Redefining \url on input line 5041.
\XeTeXLinkMargin=\dimen134
\Fld@menulength=\count119
\Field@Width=\dimen135
\Fld@charsize=\dimen136
Package hyperref Info: Hyper figures OFF on input line 6295.
Package hyperref Info: Link nesting OFF on input line 6300.
Package hyperref Info: Hyper index ON on input line 6303.
Package hyperref Info: backreferencing OFF on input line 6310.
Package hyperref Info: Link coloring OFF on input line 6315.
Package hyperref Info: Link coloring with OCG OFF on input line 6320.
Package hyperref Info: PDF/A mode OFF on input line 6325.
LaTeX Info: Redefining \ref on input line 6365.
LaTeX Info: Redefining \pageref on input line 6369.
\Hy@abspage=\count120
\c@Item=\count121
\c@Hfootnote=\count122
)

Package hyperref Message: Driver (autodetected): hpdftex.

(/usr/share/texlive/texmf-dist/tex/latex/hyperref/hpdftex.def
File: hpdftex.def 2012/11/06 v6.83m Hyperref driver for pdfTeX
\Fld@listcount=\count123
\c@bookmark@seq@number=\count124
(/usr/share/texlive/texmf-dist/tex/latex/oberdiek/rerunfilecheck.sty
Package: rerunfilecheck 2011/04/15 v1.7 Rerun checks for auxiliary files (HO)
Package uniquecounter Info: New unique counter `rerunfilecheck' on input line 2
82.
)
\Hy@SectionHShift=\skip64
) (/usr/share/texmf/tex/latex/lm/lmodern.sty
Package: lmodern 2009/10/30 v1.6 Latin Modern Fonts
LaTeX Font Info:    Overwriting symbol font `operators' in version `normal'
(Font)                  OT1/cmr/m/n --> OT1/lmr/m/n on input line 22.
LaTeX Font Info:    Overwriting symbol font `letters' in version `normal'
(Font)                  OML/cmm/m/it --> OML/lmm/m/it on input line 23.
LaTeX Font Info:    Overwriting symbol font `symbols' in version `normal'
(Font)                  OMS/cmsy/m/n --> OMS/lmsy/m/n on input line 24.
LaTeX Font Info:    Overwriting symbol font `largesymbols' in version `normal'
(Font)                  OMX/cmex/m/n --> OMX/lmex/m/n on input line 25.
LaTeX Font Info:    Overwriting symbol font `operators' in version `bold'
(Font)                  OT1/cmr/bx/n --> OT1/lmr/bx/n on input line 26.
LaTeX Font Info:    Overwriting symbol font `letters' in version `bold'
(Font)                  OML/cmm/b/it --> OML/lmm/b/it on input line 27.
LaTeX Font Info:    Overwriting symbol font `symbols' in version `bold'
(Font)                  OMS/cmsy/b/n --> OMS/lmsy/b/n on input line 28.
LaTeX Font Info:    Overwriting symbol font `largesymbols' in version `bold'
(Font)                  OMX/cmex/m/n --> OMX/lmex/m/n on input line 29.
LaTeX Font Info:    Overwriting math alphabet `\mathbf' in version `normal'
(Font)                  OT1/cmr/bx/n --> OT1/lmr/bx/n on input line 31.
LaTeX Font Info:    Overwriting math alphabet `\mathsf' in version `normal'
(Font)                  OT1/cmss/m/n --> OT1/lmss/m/n on input line 32.
LaTeX Font Info:    Overwriting math alphabet `\mathit' in version `normal'
(Font)                  OT1/cmr/m/it --> OT1/lmr/m/it on input line 33.
LaTeX Font Info:    Overwriting math alphabet `\mathtt' in version `normal'
(Font)                  OT1/cmtt/m/n --> OT1/lmtt/m/n on input line 34.
LaTeX Font Info:    Overwriting math alphabet `\mathbf' in version `bold'
(Font)                  OT1/cmr/bx/n --> OT1/lmr/bx/n on input line 35.
LaTeX Font Info:    Overwriting math alphabet `\mathsf' in version `bold'
(Font)                  OT1/cmss/bx/n --> OT1/lmss/bx/n on input line 36.
LaTeX Font Info:    Overwriting math alphabet `\mathit' in version `bold'
(Font)                  OT1/cmr/bx/it --> OT1/lmr/bx/it on input line 37.
LaTeX Font Info:    Overwriting math alphabet `\mathtt' in version `bold'
(Font)                  OT1/cmtt/m/n --> OT1/lmtt/m/n on input line 38.
) (/usr/share/texlive/texmf-dist/tex/latex/rotating/rotating.sty
Package: rotating 2009/03/28 v2.16a rotated objects in LaTeX
(/usr/share/texlive/texmf-dist/tex/latex/base/ifthen.sty
Package: ifthen 2014/09/29 v1.1c Standard LaTeX ifthen package (DPC)
)
\c@r@tfl@t=\count125
\rotFPtop=\skip65
\rotFPbot=\skip66
\rot@float@box=\box33
\rot@mess@toks=\toks30
) (/usr/share/texlive/texmf-dist/tex/latex/caption/caption.sty
Package: caption 2016/02/21 v3.3-144 Customizing captions (AR)
(/usr/share/texlive/texmf-dist/tex/latex/caption/caption3.sty
Package: caption3 2016/02/04 v1.7-139 caption3 kernel (AR)
Package caption3 Info: TeX engine: e-TeX on input line 67.
\captionmargin=\dimen137
\captionmargin@=\dimen138
\captionwidth=\dimen139
\caption@tempdima=\dimen140
\caption@indent=\dimen141
\caption@parindent=\dimen142
\caption@hangindent=\dimen143
)
\c@ContinuedFloat=\count126
Package caption Info: hyperref package is loaded.
Package caption Info: longtable package is loaded.
(/usr/share/texlive/texmf-dist/tex/latex/caption/ltcaption.sty
Package: ltcaption 2013/06/09 v1.4-94 longtable captions (AR)
)
Package caption Info: rotating package is loaded.
) (/usr/share/texlive/texmf-dist/tex/latex/parskip/parskip.sty
Package: parskip 2001/04/09 non-zero parskip adjustments
) (./tesis.aux)
\openout1 = `tesis.aux'.

LaTeX Font Info:    Checking defaults for OML/cmm/m/it on input line 145.
LaTeX Font Info:    ... okay on input line 145.
LaTeX Font Info:    Checking defaults for T1/cmr/m/n on input line 145.
LaTeX Font Info:    ... okay on input line 145.
LaTeX Font Info:    Checking defaults for OT1/cmr/m/n on input line 145.
LaTeX Font Info:    ... okay on input line 145.
LaTeX Font Info:    Checking defaults for OMS/cmsy/m/n on input line 145.
LaTeX Font Info:    ... okay on input line 145.
LaTeX Font Info:    Checking defaults for OMX/cmex/m/n on input line 145.
LaTeX Font Info:    ... okay on input line 145.
LaTeX Font Info:    Checking defaults for U/cmr/m/n on input line 145.
LaTeX Font Info:    ... okay on input line 145.
LaTeX Font Info:    Checking defaults for TS1/cmr/m/n on input line 145.
LaTeX Font Info:    Try loading font information for TS1+cmr on input line 145.

(/usr/share/texlive/texmf-dist/tex/latex/base/ts1cmr.fd
File: ts1cmr.fd 2014/09/29 v2.5h Standard LaTeX font definitions
)
LaTeX Font Info:    ... okay on input line 145.
LaTeX Font Info:    Checking defaults for PD1/pdf/m/n on input line 145.
LaTeX Font Info:    ... okay on input line 145.
LaTeX Font Info:    Try loading font information for T1+lmr on input line 145.
(/usr/share/texmf/tex/latex/lm/t1lmr.fd
File: t1lmr.fd 2009/10/30 v1.6 Font defs for Latin Modern
)
LaTeX Info: Redefining \microtypecontext on input line 145.
Package microtype Info: Generating PDF output.
Package microtype Info: Character protrusion enabled (level 2).
Package microtype Info: Using protrusion set `basicmath'.
Package microtype Info: Automatic font expansion enabled (level 2),
(microtype)             stretch: 20, shrink: 20, step: 1, non-selected.
Package microtype Info: Using default expansion set `basictext'.
Package microtype Info: No adjustment of tracking.
Package microtype Info: No adjustment of interword spacing.
Package microtype Info: No adjustment of character kerning.
(/usr/share/texlive/texmf-dist/tex/latex/microtype/mt-cmr.cfg
File: mt-cmr.cfg 2013/05/19 v2.2 microtype config. file: Computer Modern Roman 
(RS)
) (/usr/share/texlive/texmf-dist/tex/context/base/supp-pdf.mkii
[Loading MPS to PDF converter (version 2006.09.02).]
\scratchcounter=\count127
\scratchdimen=\dimen144
\scratchbox=\box34
\nofMPsegments=\count128
\nofMParguments=\count129
\everyMPshowfont=\toks31
\MPscratchCnt=\count130
\MPscratchDim=\dimen145
\MPnumerator=\count131
\makeMPintoPDFobject=\count132
\everyMPtoPDFconversion=\toks32
) (/usr/share/texlive/texmf-dist/tex/latex/oberdiek/epstopdf-base.sty
Package: epstopdf-base 2010/02/09 v2.5 Base part for package epstopdf
(/usr/share/texlive/texmf-dist/tex/latex/oberdiek/grfext.sty
Package: grfext 2010/08/19 v1.1 Manage graphics extensions (HO)
)
Package grfext Info: Graphics extension search list:
(grfext)             [.png,.pdf,.jpg,.mps,.jpeg,.jbig2,.jb2,.PNG,.PDF,.JPG,.JPE
G,.JBIG2,.JB2,.eps]
(grfext)             \AppendGraphicsExtensions on input line 452.
(/usr/share/texlive/texmf-dist/tex/latex/latexconfig/epstopdf-sys.cfg
File: epstopdf-sys.cfg 2010/07/13 v1.3 Configuration of (r)epstopdf for TeX Liv
e
))
\AtBeginShipoutBox=\box35
Package hyperref Info: Link coloring OFF on input line 145.
(/usr/share/texlive/texmf-dist/tex/latex/hyperref/nameref.sty
Package: nameref 2012/10/27 v2.43 Cross-referencing by name of section
(/usr/share/texlive/texmf-dist/tex/generic/oberdiek/gettitlestring.sty
Package: gettitlestring 2010/12/03 v1.4 Cleanup title references (HO)
)
\c@section@level=\count133
)
LaTeX Info: Redefining \ref on input line 145.
LaTeX Info: Redefining \pageref on input line 145.
LaTeX Info: Redefining \nameref on input line 145.
(./tesis.out) (./tesis.out)
\@outlinefile=\write4
\openout4 = `tesis.out'.

Package caption Info: Begin \AtBeginDocument code.
Package caption Info: End \AtBeginDocument code.
LaTeX Font Info:    Try loading font information for OT1+lmr on input line 149.

(/usr/share/texmf/tex/latex/lm/ot1lmr.fd
File: ot1lmr.fd 2009/10/30 v1.6 Font defs for Latin Modern
)
LaTeX Font Info:    Try loading font information for OML+lmm on input line 149.

(/usr/share/texmf/tex/latex/lm/omllmm.fd
File: omllmm.fd 2009/10/30 v1.6 Font defs for Latin Modern
)
LaTeX Font Info:    Try loading font information for OMS+lmsy on input line 149
.
(/usr/share/texmf/tex/latex/lm/omslmsy.fd
File: omslmsy.fd 2009/10/30 v1.6 Font defs for Latin Modern
)
LaTeX Font Info:    Try loading font information for OMX+lmex on input line 149
.
(/usr/share/texmf/tex/latex/lm/omxlmex.fd
File: omxlmex.fd 2009/10/30 v1.6 Font defs for Latin Modern
)
LaTeX Font Info:    External font `lmex10' loaded for size
(Font)              <12> on input line 149.
LaTeX Font Info:    External font `lmex10' loaded for size
(Font)              <8> on input line 149.
LaTeX Font Info:    External font `lmex10' loaded for size
(Font)              <6> on input line 149.
LaTeX Font Info:    Try loading font information for U+lasy on input line 149.
(/usr/share/texlive/texmf-dist/tex/latex/base/ulasy.fd
File: ulasy.fd 1998/08/17 v2.2e LaTeX symbol font definitions
)
LaTeX Font Info:    Try loading font information for U+msa on input line 149.
(/usr/share/texlive/texmf-dist/tex/latex/amsfonts/umsa.fd
File: umsa.fd 2013/01/14 v3.01 AMS symbols A
) (/usr/share/texlive/texmf-dist/tex/latex/microtype/mt-msa.cfg
File: mt-msa.cfg 2006/02/04 v1.1 microtype config. file: AMS symbols (a) (RS)
)
LaTeX Font Info:    Try loading font information for U+msb on input line 149.
(/usr/share/texlive/texmf-dist/tex/latex/amsfonts/umsb.fd
File: umsb.fd 2013/01/14 v3.01 AMS symbols B
) (/usr/share/texlive/texmf-dist/tex/latex/microtype/mt-msb.cfg
File: mt-msb.cfg 2005/06/01 v1.0 microtype config. file: AMS symbols (b) (RS)
) [1
Non-PDF special ignored!
Non-PDF special ignored!


{/var/lib/texmf/fonts/map/pdftex/updmap/pdftex.map}] [2

] [3] [4

] [1


] [2


] [3] [4


] (./tesis.toc [5] [6] [7]

Package hyperref Warning: Suppressing empty link on input line 116.


Underfull \vbox (badness 2426) has occurred while \output is active []

[8])
\tf@toc=\write5
\openout5 = `tesis.toc'.

[9] [10

] (./tesis.lot)
\tf@lot=\write6
\openout6 = `tesis.lot'.

[11] [12

] (./tesis.lof
Underfull \vbox (badness 1067) has occurred while \output is active []

[13])
\tf@lof=\write7
\openout7 = `tesis.lof'.

[14] [15

] [16


] [17] [18


]pdfTeX warning (ext4): destination with the same identifier (name{page.1}) has
 been already used, duplicate ignored
<to be read again> 
                   \relax 
l.248 
       [1

]

Package hyperref Warning: Difference (2) between bookmark levels is greater 
(hyperref)                than one, level fixed on input line 291.


Package Fancyhdr Warning: \headheight is too small (12.0pt): 
 Make it at least 14.49998pt.
 We now make it that large for the rest of the document.
 This may cause the page layout to be inconsistent, however.

pdfTeX warning (ext4): destination with the same identifier (name{page.2}) has 
been already used, duplicate ignored
<to be read again> 
                   \relax 
l.315 
       [2]pdfTeX warning (ext4): destination with the same identifier (name{pag
e.3}) has been already used, duplicate ignored
<to be read again> 
                   \relax 
l.376 
       [3]pdfTeX warning (ext4): destination with the same identifier (name{pag
e.4}) has been already used, duplicate ignored
<to be read again> 
                   \relax 
l.429   \subsection
                   {El papel de la dinamica molecular en la [4] [5]
LaTeX Font Info:    Try loading font information for T1+lmtt on input line 554.

(/usr/share/texmf/tex/latex/lm/t1lmtt.fd
File: t1lmtt.fd 2009/10/30 v1.6 Font defs for Latin Modern
)
Underfull \vbox (badness 3148) has occurred while \output is active []

[6] [7] [8


] <chapter0/NivelesPromiscuidad.png, id=1026, 792.0676pt x 560.01994pt>
File: chapter0/NivelesPromiscuidad.png Graphic file (type png)
<use chapter0/NivelesPromiscuidad.png>
Package pdftex.def Info: chapter0/NivelesPromiscuidad.png used on input line 60
4.
(pdftex.def)             Requested size: 792.06566pt x 560.01857pt.

Overfull \hbox (41.62422pt too wide) in paragraph at lines 604--605
 [][] 
 []


LaTeX Warning: Citation `@nobeli_protein_2009' undefined on input line 610.


LaTeX Warning: Citation `@lamble_archaea_promiscuou_pathways_2003' undefined on
 input line 610.


LaTeX Warning: Citation `@weng_promiscuity_specialized_pathways_2012' undefined
 on input line 610.


LaTeX Warning: Citation `@baronagomez_occurrence_2003' undefined on input line 
610.


LaTeX Warning: Citation `@juarez-vazquez_evolution_2017' undefined on input lin
e 610.


Underfull \vbox (badness 10000) has occurred while \output is active []

[9 <./chapter0/NivelesPromiscuidad.png>] <chapter0/AntecedentesConceptuales.png
, id=1038, 963.6pt x 542.025pt>
File: chapter0/AntecedentesConceptuales.png Graphic file (type png)
<use chapter0/AntecedentesConceptuales.png>
Package pdftex.def Info: chapter0/AntecedentesConceptuales.png used on input li
ne 651.
(pdftex.def)             Requested size: 963.59766pt x 542.02367pt.

Overfull \hbox (48.17883pt too wide) in paragraph at lines 651--652
 [][] 
 []


LaTeX Warning: Citation `@carbonell_molecular_2010' undefined on input line 656
.


LaTeX Warning: Citation `@juarez-vazquez_evolution_2017' undefined on input lin
e 656.


LaTeX Warning: Citation `@noda_tesis_2012' undefined on input line 656.


LaTeX Warning: Citation `@soskine_mutational_2010' undefined on input line 656.



LaTeX Warning: Citation `@aharoni_evolvability_2005' undefined on input line 65
6.


LaTeX Warning: Citation `@bloom_neutral_2007' undefined on input line 656.


LaTeX Warning: Citation `@zhao__function_prediction_neighbourhood_2014' undefin
ed on input line 656.


LaTeX Warning: Citation `@juarez-vazquez_evolution_2017' undefined on input lin
e 656.


LaTeX Warning: Citation `@martinez-nunez_lifestyle_2015' undefined on input lin
e 656.


LaTeX Warning: Citation `@zou_evolution_2015' undefined on input line 656.


LaTeX Warning: Citation `@gatti-lafranconi_flexibility_2013' undefined on input
 line 656.

[10]
Underfull \hbox (badness 10000) in paragraph at lines 703--707

 []


Underfull \vbox (badness 10000) has occurred while \output is active []

[11 <./chapter0/AntecedentesConceptuales.png (PNG copy)>]
Underfull \vbox (badness 10000) has occurred while \output is active []

[12]

Package Fancyhdr Warning: \headheight is too small (14.49998pt): 
 Make it at least 27.11652pt.
 We now make it that large for the rest of the document.
 This may cause the page layout to be inconsistent, however.

[13] [14]
Underfull \vbox (badness 10000) has occurred while \output is active []

[15]
Underfull \vbox (badness 1325) has occurred while \output is active []

[16] [17] [18] [19


] [20


] [21] [22


]

Package hyperref Warning: Difference (3) between bookmark levels is greater 
(hyperref)                than one, level fixed on input line 1090.

[23] [24] [25] [26


]

Package hyperref Warning: Difference (2) between bookmark levels is greater 
(hyperref)                than one, level fixed on input line 1196.


Package hyperref Warning: Difference (2) between bookmark levels is greater 
(hyperref)                than one, level fixed on input line 1198.

[27] [28]

Package amsmath Warning: Foreign command \over;
(amsmath)                \frac or \genfrac should be used instead
(amsmath)                 on input line 1300.

[29]
Underfull \vbox (badness 1072) has occurred while \output is active []

[30] [31] [32] [33] [34

]
Chapter 1.
<chapter1/coreWiki.png, id=1330, 1038.88126pt x 359.3425pt>
File: chapter1/coreWiki.png Graphic file (type png)
<use chapter1/coreWiki.png>
Package pdftex.def Info: chapter1/coreWiki.png used on input line 1547.
(pdftex.def)             Requested size: 1038.87872pt x 359.34161pt.

Overfull \hbox (2.70715pt too wide) in paragraph at lines 1547--1548
 [][] 
 []

[35 <./chapter1/coreWiki.png>] <chapter1/Metabolismo-Pangenoma.png, id=1338, 60
1.24625pt x 261.97874pt>
File: chapter1/Metabolismo-Pangenoma.png Graphic file (type png)
<use chapter1/Metabolismo-Pangenoma.png>
Package pdftex.def Info: chapter1/Metabolismo-Pangenoma.png used on input line 
1611.
(pdftex.def)             Requested size: 601.24477pt x 261.9781pt.

Overfull \hbox (17.31357pt too wide) in paragraph at lines 1611--1612
 [][] 
 []

LaTeX Font Info:    External font `lmex10' loaded for size
(Font)              <10> on input line 1612.
LaTeX Font Info:    External font `lmex10' loaded for size
(Font)              <7> on input line 1612.
LaTeX Font Info:    External font `lmex10' loaded for size
(Font)              <5> on input line 1612.
[36] [37 <./chapter1/Metabolismo-Pangenoma.png>] <chapter1/CoreMarcadores.png, 
id=1349, 578.66776pt x 456.97658pt>
File: chapter1/CoreMarcadores.png Graphic file (type png)
<use chapter1/CoreMarcadores.png>
Package pdftex.def Info: chapter1/CoreMarcadores.png used on input line 1654.
(pdftex.def)             Requested size: 578.66634pt x 456.97545pt.

Overfull \hbox (29.31483pt too wide) in paragraph at lines 1654--1655
 [][] 
 []


Underfull \vbox (badness 10000) has occurred while \output is active []

[38] [39 <./chapter1/CoreMarcadores.png>] <chapter1/Best-n-directional.png, id=
1363, 691.58376pt x 210.7875pt>
File: chapter1/Best-n-directional.png Graphic file (type png)
<use chapter1/Best-n-directional.png>
Package pdftex.def Info: chapter1/Best-n-directional.png used on input line 173
2.
(pdftex.def)             Requested size: 691.58206pt x 210.78699pt.
[40] [41 <./chapter1/Best-n-directional.png>] [42] <chapter1/Nostoc.png, id=137
9, 1060.96375pt x 795.97375pt>
File: chapter1/Nostoc.png Graphic file (type png)
<use chapter1/Nostoc.png>
Package pdftex.def Info: chapter1/Nostoc.png used on input line 1866.
(pdftex.def)             Requested size: 1060.96115pt x 795.97182pt.

Overfull \hbox (43.80928pt too wide) in paragraph at lines 1866--1867
 [][] 
 []


Underfull \hbox (badness 1072) in paragraph at lines 1885--1885
[]\T1/lmr/bx/n/14.4 Identificacin de genes mar-cadores de Clav-ibac-ter
 []

[43] [44 <./chapter1/Nostoc.png>] <chapter1/Marcadores-Clavibacter.png, id=1391
, 963.6pt x 542.025pt>
File: chapter1/Marcadores-Clavibacter.png Graphic file (type png)
<use chapter1/Marcadores-Clavibacter.png>
Package pdftex.def Info: chapter1/Marcadores-Clavibacter.png used on input line
 1905.
(pdftex.def)             Requested size: 963.59766pt x 542.02367pt.

Overfull \hbox (48.17883pt too wide) in paragraph at lines 1905--1906
 [][] 
 []

[45 <./chapter1/Marcadores-Clavibacter.png (PNG copy)>] <chapter1/clv.png, id=1
399, 758.20982pt x 363.35056pt>
File: chapter1/clv.png Graphic file (type png)
<use chapter1/clv.png>
Package pdftex.def Info: chapter1/clv.png used on input line 1925.
(pdftex.def)             Requested size: 758.20798pt x 363.34967pt.

Overfull \hbox (21.30942pt too wide) in paragraph at lines 1925--1926
 [][] 
 []

[46 <./chapter1/clv.png>] <chapter1/CoreGenomeMicrobioma.png, id=1407, 867.24pt
 x 1011.78pt>
File: chapter1/CoreGenomeMicrobioma.png Graphic file (type png)
<use chapter1/CoreGenomeMicrobioma.png>
Package pdftex.def Info: chapter1/CoreGenomeMicrobioma.png used on input line 1
979.
(pdftex.def)             Requested size: 867.2379pt x 1011.77753pt.
[47] [48 <./chapter1/CoreGenomeMicrobioma.png>] <chapter1/Clavisual.png, id=141
9, 982.67125pt x 401.5pt>
File: chapter1/Clavisual.png Graphic file (type png)
<use chapter1/Clavisual.png>
Package pdftex.def Info: chapter1/Clavisual.png used on input line 2042.
(pdftex.def)             Requested size: 982.66885pt x 401.49901pt.

Underfull \hbox (badness 5756) in paragraph at lines 2048--2048
[]\T1/lmr/bx/n/14.4 El pangenoma de Clav-ibac-ter Michi-ga-nen-sis es
 []

[49 <./chapter1/Clavisual.png>] <chapter1/bpga-pangenoma.png, id=1426, 986.6862
5pt x 379.4175pt>
File: chapter1/bpga-pangenoma.png Graphic file (type png)
<use chapter1/bpga-pangenoma.png>
Package pdftex.def Info: chapter1/bpga-pangenoma.png used on input line 2068.
(pdftex.def)             Requested size: 986.68384pt x 379.41656pt.

Overfull \hbox (59.72192pt too wide) in paragraph at lines 2068--2069
 [][] 
 []

<chapter1/Venn_chart.pdf, id=1428, 803.0pt x 638.385pt>
File: chapter1/Venn_chart.pdf Graphic file (type pdf)
<use chapter1/Venn_chart.pdf>
Package pdftex.def Info: chapter1/Venn_chart.pdf used on input line 2080.
(pdftex.def)             Requested size: 802.99805pt x 638.38342pt.

Overfull \hbox (48.18373pt too wide) in paragraph at lines 2080--2081
 [][] 
 []

[50 <./chapter1/bpga-pangenoma.png>] [51 <./chapter1/Venn_chart.pdf>] [52] [53]
[54

]
Chapter 2.

Underfull \hbox (badness 1975) in paragraph at lines 2275--2275
[]\T1/lmr/bx/n/17.28 EvoMining es un mtodo para en-con-trar
 []


Overfull \hbox (10.02635pt too wide) in paragraph at lines 2280--2280
[]\T1/lmr/bx/n/17.28 Consideraciones evo-lu-ti-vas en min-era genmica
 []


Underfull \vbox (badness 10000) has occurred while \output is active []

[55] <chapter2/FigurasPaper/Figure1.pdf, id=1500, 642.4pt x 481.8pt>
File: chapter2/FigurasPaper/Figure1.pdf Graphic file (type pdf)
<use chapter2/FigurasPaper/Figure1.pdf>
Package pdftex.def Info: chapter2/FigurasPaper/Figure1.pdf used on input line 2
302.
(pdftex.def)             Requested size: 642.39844pt x 481.79881pt.

Overfull \hbox (16.05695pt too wide) in paragraph at lines 2302--2303
 [][] 
 []


Underfull \hbox (badness 1997) in paragraph at lines 2311--2311
[]\T1/lmr/bx/n/14.4 EvoMining es un paradigma que per-mite ubicar
 []


Underfull \vbox (badness 10000) has occurred while \output is active []

[56] [57 <./chapter2/FigurasPaper/Figure1.pdf>] [58] <chapter2/FigurasPaper/Fig
ure2.pdf, id=1881, 845.04686pt x 597.50786pt>
File: chapter2/FigurasPaper/Figure2.pdf Graphic file (type pdf)
<use chapter2/FigurasPaper/Figure2.pdf>
Package pdftex.def Info: chapter2/FigurasPaper/Figure2.pdf used on input line 2
387.
(pdftex.def)             Requested size: 845.0448pt x 597.5064pt.

Overfull \hbox (73.41203pt too wide) in paragraph at lines 2387--2388
 [][] 
 []


Underfull \hbox (badness 1331) in paragraph at lines 2393--2393
[]\T1/lmr/bx/n/14.4 Algoritmo de re-con-struc-cin filo-gentica y vi-su-al-
 []

[59] [60 <./chapter2/FigurasPaper/Figure2.pdf>] <chapter2/zenodo_1219709.png, i
d=10398, 149.41635pt x 16.00443pt>
File: chapter2/zenodo_1219709.png Graphic file (type png)
<use chapter2/zenodo_1219709.png>
Package pdftex.def Info: chapter2/zenodo_1219709.png used on input line 2484.
(pdftex.def)             Requested size: 149.41597pt x 16.00436pt.
[61]
File: chapter2/zenodo_1219709.png Graphic file (type png)
<use chapter2/zenodo_1219709.png>
Package pdftex.def Info: chapter2/zenodo_1219709.png used on input line 2551.
(pdftex.def)             Requested size: 149.41597pt x 16.00436pt.
[62 <./chapter2/zenodo_1219709.png>] <chapter2/FigurasPaper/Figure3.pdf, id=104
21, 845.04686pt x 597.50786pt>
File: chapter2/FigurasPaper/Figure3.pdf Graphic file (type pdf)
<use chapter2/FigurasPaper/Figure3.pdf>
Package pdftex.def Info: chapter2/FigurasPaper/Figure3.pdf used on input line 2
595.
(pdftex.def)             Requested size: 845.0448pt x 597.5064pt.

Overfull \hbox (73.41203pt too wide) in paragraph at lines 2595--2596
 [][] 
 []

[63] [64 <./chapter2/FigurasPaper/Figure3.pdf>]
Underfull \hbox (badness 1490) in paragraph at lines 2622--2630
[]\T1/lmr/m/n/12 (+20) Esta ob-ser-vacin es con-gru-ente con que las ar-chaeoc
i-nas, dice-topiper-az-i-nas,
 []

[65] <chapter2/FigurasPaper/Figure4.pdf, id=11313, 597.50786pt x 845.04686pt>
File: chapter2/FigurasPaper/Figure4.pdf Graphic file (type pdf)
<use chapter2/FigurasPaper/Figure4.pdf>
Package pdftex.def Info: chapter2/FigurasPaper/Figure4.pdf used on input line 2
685.
(pdftex.def)             Requested size: 597.5064pt x 845.0448pt.

Overfull \hbox (44.38693pt too wide) in paragraph at lines 2685--2686
 [][] 
 []


LaTeX Warning: Float too large for page by 49.3584pt on input line 2688.

[66] [67 <./chapter2/FigurasPaper/Figure4.pdf>] <chapter2/FigurasPaper/Figure5.
pdf, id=11370, 845.04686pt x 597.50786pt>
File: chapter2/FigurasPaper/Figure5.pdf Graphic file (type pdf)
<use chapter2/FigurasPaper/Figure5.pdf>
Package pdftex.def Info: chapter2/FigurasPaper/Figure5.pdf used on input line 2
752.
(pdftex.def)             Requested size: 845.0448pt x 597.5064pt.

Overfull \hbox (73.41203pt too wide) in paragraph at lines 2752--2753
 [][] 
 []

[68] [69 <./chapter2/FigurasPaper/Figure5.pdf>] [70] <chapter2/FigurasPaper/Fig
ure6.pdf, id=11469, 597.50786pt x 845.04686pt>
File: chapter2/FigurasPaper/Figure6.pdf Graphic file (type pdf)
<use chapter2/FigurasPaper/Figure6.pdf>
Package pdftex.def Info: chapter2/FigurasPaper/Figure6.pdf used on input line 2
902.
(pdftex.def)             Requested size: 597.5064pt x 845.0448pt.

Overfull \hbox (44.38693pt too wide) in paragraph at lines 2902--2903
 [][] 
 []


LaTeX Warning: Float too large for page by 49.3584pt on input line 2905.


Underfull \vbox (badness 4967) has occurred while \output is active []

[71] [72 <./chapter2/FigurasPaper/Figure6.pdf>] <chapter2/FigurasPaper/Figure7.
pdf, id=11696, 792.23143pt x 560.16362pt>
File: chapter2/FigurasPaper/Figure7.pdf Graphic file (type pdf)
<use chapter2/FigurasPaper/Figure7.pdf>
Package pdftex.def Info: chapter2/FigurasPaper/Figure7.pdf used on input line 2
954.
(pdftex.def)             Requested size: 792.22949pt x 560.16225pt.

Overfull \hbox (14.5115pt too wide) in paragraph at lines 2954--2955
 [][] 
 []


LaTeX Warning: Float too large for page by 7.106pt on input line 2957.

<EvoMining/supplementary/AroB.png, id=11704, 1136.245pt x 604.2575pt>
File: EvoMining/supplementary/AroB.png Graphic file (type png)
<use EvoMining/supplementary/AroB.png>
Package pdftex.def Info: EvoMining/supplementary/AroB.png used on input line 29
86.
(pdftex.def)             Requested size: 1136.24222pt x 604.25603pt.

Overfull \hbox (111.77141pt too wide) in paragraph at lines 2986--2987
 [][] 
 []

[73] [74 <./chapter2/FigurasPaper/Figure7.pdf>]
Underfull \vbox (badness 10000) has occurred while \output is active []

[75 <./EvoMining/supplementary/AroB.png>] [76] [77]
Overfull \hbox (3.7167pt too wide) in paragraph at lines 3229--3231
[]|\T1/lmr/m/n/12 (-20) 1183_AGC09526|  
 []


Overfull \hbox (4.2813pt too wide) in paragraph at lines 3238--3240
[]|\T1/lmr/m/n/12 (-20) 1156_ADD83004|  
 []


Overfull \hbox (3.63832pt too wide) in paragraph at lines 3247--3249
[]|\T1/lmr/m/n/12 (-20) 1140_ACO31277|  
 []


Overfull \hbox (3.63832pt too wide) in paragraph at lines 3256--3258
[]|\T1/lmr/m/n/12 (-20) 1140_ACO31282|  
 []


Overfull \hbox (0.9199pt too wide) in paragraph at lines 3265--3267
[]|\T1/lmr/m/n/12 (-20) 715_ABW87795|  
 []


Overfull \hbox (4.67714pt too wide) in paragraph at lines 3274--3276
[]|\T1/lmr/m/n/12 (-20) 1205_KGO40485|  
 []


Overfull \hbox (4.67714pt too wide) in paragraph at lines 3283--3285
[]|\T1/lmr/m/n/12 (-20) 1205_KGO40482|  
 []


Overfull \hbox (3.7167pt too wide) in paragraph at lines 3292--3294
[]|\T1/lmr/m/n/12 (-20) 1183_AGC09525|  
 []


Overfull \hbox (3.64034pt too wide) in paragraph at lines 3310--3312
[]|\T1/lmr/m/n/12 (-20) 1070_CAN89617|  
 []


Underfull \vbox (badness 10000) has occurred while \output is active []

[78] [79] [80

]
Chapter 3.
<chapter3/Corason-pipe.pdf, id=12239, 768.22438pt x 475.16103pt>
File: chapter3/Corason-pipe.pdf Graphic file (type pdf)
<use chapter3/Corason-pipe.pdf>
Package pdftex.def Info: chapter3/Corason-pipe.pdf used on input line 3330.
(pdftex.def)             Requested size: 768.22252pt x 475.15987pt.

Overfull \hbox (27.31819pt too wide) in paragraph at lines 3330--3331
 [][] 
 []

<chapter3/ISBATalk.png, id=12241, 963.6pt x 542.025pt>
File: chapter3/ISBATalk.png Graphic file (type png)
<use chapter3/ISBATalk.png>
Package pdftex.def Info: chapter3/ISBATalk.png used on input line 3370.
(pdftex.def)             Requested size: 963.59766pt x 542.02367pt.
[81] [82 <./chapter3/Corason-pipe.pdf>] [83 <./chapter3/ISBATalk.png (PNG copy)
>] <chapter3/des.png, id=12269, 670.505pt x 609.27625pt>
File: chapter3/des.png Graphic file (type png)
<use chapter3/des.png>
Package pdftex.def Info: chapter3/des.png used on input line 3450.
(pdftex.def)             Requested size: 670.50337pt x 609.27475pt.
<chapter3/Coelicolor.pdf, id=12271, 1053.9375pt x 677.53125pt>
File: chapter3/Coelicolor.pdf Graphic file (type pdf)
<use chapter3/Coelicolor.pdf>
Package pdftex.def Info: chapter3/Coelicolor.pdf used on input line 3459.
(pdftex.def)             Requested size: 1053.93494pt x 677.52959pt.
<chapter3/azoxy.png, id=12273, 1120.185pt x 343.2825pt>
File: chapter3/azoxy.png Graphic file (type png)
<use chapter3/azoxy.png>
Package pdftex.def Info: chapter3/azoxy.png used on input line 3468.
(pdftex.def)             Requested size: 1120.18227pt x 343.28165pt.

Overfull \hbox (14.44606pt too wide) in paragraph at lines 3468--3469
 [][] 
 []

<chapter3/PseudomonasTauD.pdf, id=12275, 597.50786pt x 626.34pt>
File: chapter3/PseudomonasTauD.pdf Graphic file (type pdf)
<use chapter3/PseudomonasTauD.pdf>
Package pdftex.def Info: chapter3/PseudomonasTauD.pdf used on input line 3477.
(pdftex.def)             Requested size: 597.5064pt x 626.33846pt.

Overfull \hbox (104.13211pt too wide) in paragraph at lines 3477--3478
 [][] 
 []

<chapter3/corason_fig1.png, id=12277, 1604.99625pt x 879.285pt>
File: chapter3/corason_fig1.png Graphic file (type png)
<use chapter3/corason_fig1.png>
Package pdftex.def Info: chapter3/corason_fig1.png used on input line 3486.
(pdftex.def)             Requested size: 1604.99234pt x 879.28287pt.

Overfull \hbox (47.8826pt too wide) in paragraph at lines 3486--3487
 [][] 
 []

[84] <chapter3/figura5.pdf, id=12283, 614.295pt x 794.97pt>
File: chapter3/figura5.pdf Graphic file (type pdf)
<use chapter3/figura5.pdf>
Package pdftex.def Info: chapter3/figura5.pdf used on input line 3495.
(pdftex.def)             Requested size: 614.29349pt x 794.96806pt.

Overfull \hbox (57.81667pt too wide) in paragraph at lines 3495--3496
 [][] 
 []


LaTeX Warning: Float too large for page by 9.29686pt on input line 3498.

[85 <./chapter3/des.png>] [86 <./chapter3/Coelicolor.pdf> <./chapter3/azoxy.png
>] [87 <./chapter3/PseudomonasTauD.pdf>]
Underfull \vbox (badness 10000) has occurred while \output is active []

[88 <./chapter3/corason_fig1.png>] [89 <./chapter3/figura5.pdf>] [90] [91]
Underfull \hbox (badness 4391) in paragraph at lines 3653--3653
[]\T1/lmr/bx/n/17.28 CORASON se adapt a la her-ramienta
 []


Underfull \hbox (badness 5417) in paragraph at lines 3669--3669
[]\T1/lmr/bx/n/17.28 BiG SCAPE y CORA-SON iden-ti-fi-caron
 []

[92]
Underfull \vbox (badness 10000) has occurred while \output is active []

[93] [94]

Package Fancyhdr Warning: \headheight is too small (27.11652pt): 
 Make it at least 41.61652pt.
 We now make it that large for the rest of the document.
 This may cause the page layout to be inconsistent, however.

[95] [96]
Chapter 4.

LaTeX Font Warning: Command \tiny invalid in math mode on input line 3894.


LaTeX Font Warning: Command \tiny invalid in math mode on input line 3895.


LaTeX Font Warning: Command \tiny invalid in math mode on input line 3895.


LaTeX Font Warning: Command \tiny invalid in math mode on input line 3896.


Overfull \hbox (15.56046pt too wide) in paragraph at lines 3904--3906
[]|\T1/lmr/m/n/12 (-20) Familia|  
 []


Overfull \hbox (7.22774pt too wide) in paragraph at lines 3906--3908
[]|\T1/lmr/m/n/12 (-20) HisA 
 []


Overfull \hbox (18.40479pt too wide) in paragraph at lines 3906--3908
\OML/lmm/m/it/12 in vivo$|  
 []


Overfull \hbox (7.99748pt too wide) in paragraph at lines 3908--3910
[]|\T1/lmr/m/n/12 (-20) TrpF 
 []


Overfull \hbox (18.40479pt too wide) in paragraph at lines 3908--3910
\OML/lmm/m/it/12 in vivo$|  
 []


LaTeX Font Warning: Command \tiny invalid in math mode on input line 3911.


LaTeX Font Warning: Command \tiny invalid in math mode on input line 3911.


Overfull \hbox (19.46986pt too wide) in paragraph at lines 3910--3912
[]|$\OML/lmm/m/it/12 K[]$ 
 []


Overfull \hbox (21.45905pt too wide) in paragraph at lines 3910--3912
[]$|  
 []


LaTeX Font Warning: Command \tiny invalid in math mode on input line 3913.


LaTeX Font Warning: Command \tiny invalid in math mode on input line 3913.


Overfull \hbox (19.46986pt too wide) in paragraph at lines 3912--3914
[]|$\OML/lmm/m/it/12 K[]$ 
 []


LaTeX Font Warning: Command \tiny invalid in math mode on input line 3917.


LaTeX Font Warning: Command \tiny invalid in math mode on input line 3917.


Overfull \hbox (9.06367pt too wide) in paragraph at lines 3916--3918
[]|$\OML/lmm/m/it/12 K[]$ 
 []


Overfull \hbox (25.79286pt too wide) in paragraph at lines 3916--3918
[]$|  
 []


LaTeX Font Warning: Command \tiny invalid in math mode on input line 3919.


LaTeX Font Warning: Command \tiny invalid in math mode on input line 3919.


Overfull \hbox (9.06367pt too wide) in paragraph at lines 3918--3920
[]|$\OML/lmm/m/it/12 K[]$ 
 []


Overfull \hbox (4.60515pt too wide) in paragraph at lines 3918--3920
[]$|  
 []


Overfull \hbox (12.33131pt too wide) in paragraph at lines 3920--3922
[]|\T1/lmr/m/n/12 (-20) TrpF 
 []


Overfull \hbox (8.39127pt too wide) in paragraph at lines 3920--3922
[]$|  
 []


Overfull \hbox (4.59578pt too wide) in paragraph at lines 3922--3924
[]|\T1/lmr/m/n/12 (-20) Referencia|  
 []


Overfull \hbox (3.32205pt too wide) in paragraph at lines 3929--3931
[]|\T1/lmr/m/n/12 (-20) HisA|  
 []


Overfull \hbox (4.0448pt too wide) in paragraph at lines 3952--3954
[]|\T1/lmr/m/n/12 (-20) TrpF|  
 []


Overfull \hbox (7.46313pt too wide) in paragraph at lines 3968--3970
[]|\T1/lmr/m/n/12 (-20) 2.82|  
 []


Overfull \hbox (10.36812pt too wide) in paragraph at lines 3973--3975
[]|\T1/lmr/m/it/12 (-20) Mycobacterium 
 []


Overfull \hbox (2.4608pt too wide) in paragraph at lines 3975--3977
[]|\T1/lmr/m/n/12 (-20) PriA|  
 []

LaTeX Font Info:    Try loading font information for TS1+lmr on input line 3982
.
(/usr/share/texmf/tex/latex/lm/ts1lmr.fd
File: ts1lmr.fd 2009/10/30 v1.6 Font defs for Latin Modern
)
Overfull \hbox (7.46313pt too wide) in paragraph at lines 3991--3993
[]|\T1/lmr/m/n/12 (-20) 0.39|  
 []


Overfull \hbox (10.36812pt too wide) in paragraph at lines 3997--3999
[]|\T1/lmr/m/it/12 (-20) Mycobacterium 
 []


Overfull \hbox (2.4608pt too wide) in paragraph at lines 3999--4001
[]|\T1/lmr/m/n/12 (-20) PriA|  
 []


Overfull \hbox (7.46313pt too wide) in paragraph at lines 4015--4017
[]|\T1/lmr/m/n/12 (-20) 0.17|  
 []


Overfull \hbox (2.4608pt too wide) in paragraph at lines 4022--4024
[]|\T1/lmr/m/n/12 (-20) PriA|  
 []


Overfull \hbox (7.46313pt too wide) in paragraph at lines 4038--4040
[]|\T1/lmr/m/n/12 (-20) 0.34|  
 []


Overfull \hbox (2.4608pt too wide) in paragraph at lines 4046--4048
[]|\T1/lmr/m/n/12 (-20) PriA|  
 []


Overfull \hbox (1.70564pt too wide) in paragraph at lines 4062--4064
[]|\T1/lmr/m/n/12 (-20) 0.7|  
 []


Overfull \hbox (2.4608pt too wide) in paragraph at lines 4070--4072
[]|\T1/lmr/m/n/12 (-20) PriA|  
 []


Overfull \hbox (1.70564pt too wide) in paragraph at lines 4086--4088
[]|\T1/lmr/m/n/12 (-20) 0.7|  
 []


Overfull \hbox (1.98355pt too wide) in paragraph at lines 4094--4096
[]|\T1/lmr/m/n/12 (-20) PriB|  
 []


Overfull \hbox (7.46313pt too wide) in paragraph at lines 4110--4112
[]|\T1/lmr/m/n/12 (-20) 0.14|  
 []


Overfull \hbox (1.98355pt too wide) in paragraph at lines 4118--4120
[]|\T1/lmr/m/n/12 (-20) PriB|  
 []


Overfull \hbox (4.25262pt too wide) in paragraph at lines 4130--4132
[]|\T1/lmr/m/n/12 (-20) 129.6 
 []


Overfull \hbox (18.97812pt too wide) in paragraph at lines 4134--4136
[]|\T1/lmr/m/n/12 (-20) 0.0022|  
 []


Overfull \hbox (1.98355pt too wide) in paragraph at lines 4142--4144
[]|\T1/lmr/m/n/12 (-20) PriB|  
 []


Overfull \hbox (1.98355pt too wide) in paragraph at lines 4166--4168
[]|\T1/lmr/m/n/12 (-20) PriB|  
 []


Overfull \hbox (20.20752pt too wide) in paragraph at lines 4188--4190
[]|\T1/lmr/m/it/12 (-20) Corynebacterium 
 []


Overfull \hbox (20.65889pt too wide) in paragraph at lines 4190--4192
[]|\T1/lmr/m/n/12 (-20) subHisA|  
 []


Overfull \hbox (20.20752pt too wide) in paragraph at lines 4211--4213
[]|\T1/lmr/m/it/12 (-20) Corynebacterium 
 []


Overfull \hbox (2.4608pt too wide) in paragraph at lines 4213--4215
[]|\T1/lmr/m/n/12 (-20) PriA|  
 []


Overfull \hbox (7.46313pt too wide) in paragraph at lines 4229--4231
[]|\T1/lmr/m/n/12 (-20) 0.31|  
 []


Overfull \hbox (20.20752pt too wide) in paragraph at lines 4234--4236
[]|\T1/lmr/m/it/12 (-20) Corynebacterium 
 []


Overfull \hbox (20.65889pt too wide) in paragraph at lines 4236--4238
[]|\T1/lmr/m/n/12 (-20) subHisA|  
 []


Overfull \hbox (20.20752pt too wide) in paragraph at lines 4257--4259
[]|\T1/lmr/m/it/12 (-20) Corynebacterium 
 []


Overfull \hbox (20.65889pt too wide) in paragraph at lines 4259--4261
[]|\T1/lmr/m/n/12 (-20) subHisA|  
 []


Overfull \hbox (18.97812pt too wide) in paragraph at lines 4275--4277
[]|\T1/lmr/m/n/12 (-20) 0.0004|  
 []


Overfull \hbox (1.98355pt too wide) in paragraph at lines 4282--4284
[]|\T1/lmr/m/n/12 (-20) PriB|  
 []


Overfull \hbox (21.38164pt too wide) in paragraph at lines 4306--4308
[]|\T1/lmr/m/n/12 (-20) subTrpF|  
 []


Overfull \hbox (7.46313pt too wide) in paragraph at lines 4322--4324
[]|\T1/lmr/m/n/12 (-20) 0.02|  
 []


Overfull \hbox (2.4608pt too wide) in paragraph at lines 4330--4332
[]|\T1/lmr/m/n/12 (-20) PriA|  
 []


Overfull \hbox (7.46313pt too wide) in paragraph at lines 4346--4348
[]|\T1/lmr/m/n/12 (-20) 0.01|  
 []


Overfull \hbox (2.4608pt too wide) in paragraph at lines 4354--4356
[]|\T1/lmr/m/n/12 (-20) PriA|  
 []


Overfull \hbox (21.38164pt too wide) in paragraph at lines 4378--4380
[]|\T1/lmr/m/n/12 (-20) subTrpF|  
 []


Overfull \hbox (18.97812pt too wide) in paragraph at lines 4394--4396
[]|\T1/lmr/m/n/12 (-20) 0.0001|  
 []

[97

]
Overfull \hbox (2.4608pt too wide) in paragraph at lines 4402--4404
[]|\T1/lmr/m/n/12 (-20) PriA|  
 []


Overfull \hbox (7.46313pt too wide) in paragraph at lines 4418--4420
[]|\T1/lmr/m/n/12 (-20) 0.02|  
 []


Overfull \hbox (13.75032pt too wide) in paragraph at lines 4424--4426
[]|\T1/lmr/m/it/12 (-20) Bifidobacterium 
 []


Overfull \hbox (2.4608pt too wide) in paragraph at lines 4426--4428
[]|\T1/lmr/m/n/12 (-20) PriA|  
 []


Overfull \hbox (1.70564pt too wide) in paragraph at lines 4442--4444
[]|\T1/lmr/m/n/12 (-20) 0.1|  
 []


Overfull \hbox (13.75032pt too wide) in paragraph at lines 4448--4450
[]|\T1/lmr/m/it/12 (-20) Bifidobacterium 
 []


Overfull \hbox (2.4608pt too wide) in paragraph at lines 4450--4452
[]|\T1/lmr/m/n/12 (-20) PriA|  
 []


Overfull \hbox (7.46313pt too wide) in paragraph at lines 4466--4468
[]|\T1/lmr/m/n/12 (-20) 0.04|  
 []


Overfull \hbox (13.75032pt too wide) in paragraph at lines 4472--4474
[]|\T1/lmr/m/it/12 (-20) Bifidobacterium 
 []


Overfull \hbox (2.4608pt too wide) in paragraph at lines 4474--4476
[]|\T1/lmr/m/n/12 (-20) PriA|  
 []


Overfull \hbox (1.70564pt too wide) in paragraph at lines 4490--4492
[]|\T1/lmr/m/n/12 (-20) 0.3|  
 []


Overfull \hbox (42.60593pt too wide) in paragraph at lines 4498--4500
[]|\T1/lmr/m/n/12 (-20) Metagenoma|  
 []


Overfull \hbox (7.46313pt too wide) in paragraph at lines 4514--4516
[]|\T1/lmr/m/n/12 (-20) 0.09|  
 []


Overfull \hbox (6.03015pt too wide) in paragraph at lines 4519--4521
[]|\T1/lmr/m/n/12 (-20) CAM1_A81G|  
 []


Overfull \hbox (42.60593pt too wide) in paragraph at lines 4521--4523
[]|\T1/lmr/m/n/12 (-20) Metagenoma|  
 []


Overfull \hbox (7.46313pt too wide) in paragraph at lines 4537--4539
[]|\T1/lmr/m/n/12 (-20) 0.06|  
 []


Overfull \hbox (3.39297pt too wide) in paragraph at lines 4542--4544
[]|\T1/lmr/m/n/12 (-20) CAM1_A81S|  
 []


Overfull \hbox (42.60593pt too wide) in paragraph at lines 4544--4546
[]|\T1/lmr/m/n/12 (-20) Metagenoma|  
 []


Overfull \hbox (7.46313pt too wide) in paragraph at lines 4560--4562
[]|\T1/lmr/m/n/12 (-20) 0.02|  
 []


Overfull \hbox (42.60593pt too wide) in paragraph at lines 4567--4569
[]|\T1/lmr/m/n/12 (-20) Metagenoma|  
 []


Overfull \hbox (15.45303pt too wide) in paragraph at lines 4588--4590
[]|\T1/lmr/m/n/12 (-20) PriA_Ancestral|  
 []


Overfull \hbox (26.03612pt too wide) in paragraph at lines 4590--4592
[]|\T1/lmr/m/n/12 (-20) Ancestral|  
 []


Overfull \hbox (12.55028pt too wide) in paragraph at lines 4596--4598
[]|\T1/lmr/m/n/12 (-20) 9.4\TS1/lmr/m/n/12 \T1/lmr/m/n/12 (-20) 1.6|  
 []


Overfull \hbox (24.06526pt too wide) in paragraph at lines 4598--4600
[]|\T1/lmr/m/n/12 (-20) 0.3\TS1/lmr/m/n/12 \T1/lmr/m/n/12 (-20) 0.009|  
 []


Overfull \hbox (16.8841pt too wide) in paragraph at lines 4602--4604
[]|\T1/lmr/m/n/12 (-20) 4.3\TS1/lmr/m/n/12 \T1/lmr/m/n/12 (-20) 0.4|  
 []


Overfull \hbox (22.64159pt too wide) in paragraph at lines 4604--4606
[]|\T1/lmr/m/n/12 (-20) 0.6\TS1/lmr/m/n/12 \T1/lmr/m/n/12 (-20) 0.02|  
 []


Overfull \hbox (7.46313pt too wide) in paragraph at lines 4606--4608
[]|\T1/lmr/m/n/12 (-20) 0.13|  
 []


Overfull \hbox (11.93126pt too wide) in paragraph at lines 4611--4613
[]|\T1/lmr/m/n/12 (-20) PriA_SubHisA|  
 []


Overfull \hbox (26.03612pt too wide) in paragraph at lines 4613--4615
[]|\T1/lmr/m/n/12 (-20) Ancestral|  
 []


Overfull \hbox (18.30777pt too wide) in paragraph at lines 4619--4621
[]|\T1/lmr/m/n/12 (-20) 3.7\TS1/lmr/m/n/12 \T1/lmr/m/n/12 (-20) 1.01|  
 []


Overfull \hbox (18.30777pt too wide) in paragraph at lines 4621--4623
[]|\T1/lmr/m/n/12 (-20) 0.5\TS1/lmr/m/n/12 \T1/lmr/m/n/12 (-20) 0.03|  
 []


Overfull \hbox (35.50658pt too wide) in paragraph at lines 4634--4636
[]|\T1/lmr/m/n/12 (-20) SubHisA_Ancestral|  
 []


Overfull \hbox (26.03612pt too wide) in paragraph at lines 4636--4638
[]|\T1/lmr/m/n/12 (-20) Ancestral|  
 []


Overfull \hbox (12.55028pt too wide) in paragraph at lines 4642--4644
[]|\T1/lmr/m/n/12 (-20) 6.3\TS1/lmr/m/n/12 \T1/lmr/m/n/12 (-20) 0.7|  
 []


Overfull \hbox (24.06526pt too wide) in paragraph at lines 4644--4646
[]|\T1/lmr/m/n/12 (-20) 0.15\TS1/lmr/m/n/12 \T1/lmr/m/n/12 (-20) 0.03|  
 []


Overfull \hbox (11.93126pt too wide) in paragraph at lines 4657--4659
[]|\T1/lmr/m/n/12 (-20) SubHisA_PriA|  
 []


Overfull \hbox (26.03612pt too wide) in paragraph at lines 4659--4661
[]|\T1/lmr/m/n/12 (-20) Ancestral|  
 []


Overfull \hbox (121.94263pt too wide) in paragraph at lines 4665--4667
[]|\T1/lmr/m/n/12 (-20) 27.7784793333\TS1/lmr/m/n/12 \T1/lmr/m/n/12 (-20) 3.45
28417221|  
 []


Overfull \hbox (29.82275pt too wide) in paragraph at lines 4667--4669
[]|\T1/lmr/m/n/12 (-20) 0.05\TS1/lmr/m/n/12 \T1/lmr/m/n/12 (-20) 0.005|  
 []


Overfull \hbox (10.30386pt too wide) in paragraph at lines 4671--4673
[]|\T1/lmr/m/n/12 (-20) 167.82|  
 []


Overfull \hbox (34.15657pt too wide) in paragraph at lines 4673--4675
[]|\T1/lmr/m/n/12 (-20) 0.03\TS1/lmr/m/n/12 \T1/lmr/m/n/12 (-20) 0.002|  
 []


Overfull \hbox (18.97812pt too wide) in paragraph at lines 4675--4677
[]|\T1/lmr/m/n/12 (-20) 0.0001|  
 []

[98] [99] [100]
Underfull \hbox (badness 1838) in paragraph at lines 4741--4741
[]\T1/lmr/bx/n/17.28 PriA como mod-elo de fa-milia en-z-imtica
 []


Package hyperref Warning: Difference (2) between bookmark levels is greater 
(hyperref)                than one, level fixed on input line 4743.

<chapter4/PriAExpansiones.png, id=12492, 569.1575pt x 165.04567pt>
File: chapter4/PriAExpansiones.png Graphic file (type png)
<use chapter4/PriAExpansiones.png>
Package pdftex.def Info: chapter4/PriAExpansiones.png used on input line 4754.
(pdftex.def)             Requested size: 569.15611pt x 165.04524pt.

Overfull \hbox (21.70662pt too wide) in paragraph at lines 4754--4755
 [][] 
 []


Overfull \hbox (176.77762pt too wide) in alignment at lines 4761--4768
 [] [] [] [] [] [] [] 
 []


Overfull \hbox (176.77762pt too wide) in alignment at lines 4768--4773
 [] [] [] [] [] [] [] 
 []


Overfull \hbox (176.77762pt too wide) in alignment at lines 4773--4784
 [] [] [] [] [] [] [] 
 []

[101

 <./chapter4/PriAExpansiones.png>] <chapter4/PriAEvoMining.pdf, id=12506, 597.2
3125pt x 511.9125pt>
File: chapter4/PriAEvoMining.pdf Graphic file (type pdf)
<use chapter4/PriAEvoMining.pdf>
Package pdftex.def Info: chapter4/PriAEvoMining.pdf used on input line 4812.
(pdftex.def)             Requested size: 597.22978pt x 511.91125pt.

Overfull \hbox (163.60979pt too wide) in paragraph at lines 4812--4813
 [][] 
 []

<chapter4/PriAEvoMiningCopies.pdf, id=12507, 597.23125pt x 511.9125pt>
File: chapter4/PriAEvoMiningCopies.pdf Graphic file (type pdf)
<use chapter4/PriAEvoMiningCopies.pdf>
Package pdftex.def Info: chapter4/PriAEvoMiningCopies.pdf used on input line 48
19.
(pdftex.def)             Requested size: 597.22978pt x 511.91125pt.

Overfull \hbox (44.16565pt too wide) in paragraph at lines 4819--4820
 [][] 
 []

[102] [103 <./chapter4/PriAEvoMining.pdf>] [104 <./chapter4/PriAEvoMiningCopies
.pdf>] <conclusion/Solocirculos.png, id=12571, 574.145pt x 504.88625pt>
File: conclusion/Solocirculos.png Graphic file (type png)
<use conclusion/Solocirculos.png>
Package pdftex.def Info: conclusion/Solocirculos.png used on input line 4849.
(pdftex.def)             Requested size: 574.1436pt x 504.885pt.
<conclusion/SolocirculosPRA.png, id=12572, 530.98375pt x 508.90125pt>
File: conclusion/SolocirculosPRA.png Graphic file (type png)
<use conclusion/SolocirculosPRA.png>
Package pdftex.def Info: conclusion/SolocirculosPRA.png used on input line 4856
.
(pdftex.def)             Requested size: 530.98244pt x 508.90001pt.
<conclusion/SolocirculosPRO.png, id=12573, 551.05875pt x 482.80376pt>
File: conclusion/SolocirculosPRO.png Graphic file (type png)
<use conclusion/SolocirculosPRO.png>
Package pdftex.def Info: conclusion/SolocirculosPRO.png used on input line 4863
.
(pdftex.def)             Requested size: 551.05739pt x 482.80258pt.
<chapter4/Couplings/PriAMutations.pdf, id=12574, 597.23125pt x 795.97375pt>
File: chapter4/Couplings/PriAMutations.pdf Graphic file (type pdf)
<use chapter4/Couplings/PriAMutations.pdf>
Package pdftex.def Info: chapter4/Couplings/PriAMutations.pdf used on input lin
e 4873.
(pdftex.def)             Requested size: 597.22978pt x 795.97182pt.

Overfull \hbox (163.60979pt too wide) in paragraph at lines 4873--4874
 [][] 
 []


LaTeX Warning: Float too large for page by 169.29181pt on input line 4876.


<chapter4/Couplings/PriACouplingFoldings.png, id=12575, 795.97375pt x 681.54625
pt>
File: chapter4/Couplings/PriACouplingFoldings.png Graphic file (type png)
<use chapter4/Couplings/PriACouplingFoldings.png>
Package pdftex.def Info: chapter4/Couplings/PriACouplingFoldings.png used on in
put line 4883.
(pdftex.def)             Requested size: 795.97182pt x 681.54459pt.

Overfull \hbox (362.35182pt too wide) in paragraph at lines 4883--4884
 [][] 
 []


LaTeX Warning: Float too large for page by 54.86458pt on input line 4886.

<chapter4/Geles/PriAAbril30.png, id=12576, 600.2425pt x 442.65375pt>
File: chapter4/Geles/PriAAbril30.png Graphic file (type png)
<use chapter4/Geles/PriAAbril30.png>
Package pdftex.def Info: chapter4/Geles/PriAAbril30.png used on input line 4894
.
(pdftex.def)             Requested size: 600.24103pt x 442.65265pt.

Underfull \hbox (badness 2809) in paragraph at lines 4901--4901
\T1/lmr/bx/n/17.28 qumi-ca-mente pare-ci-dos a PRA y PRO-
 []


Underfull \vbox (badness 10000) has occurred while \output is active []

[105

 <./conclusion/Solocirculos.png>] [106 <./conclusion/SolocirculosPRA.png>] [107
 <./conclusion/SolocirculosPRO.png>] [108 <./chapter4/Couplings/PriAMutations.p
df>] [109 <./chapter4/Couplings/PriACouplingFoldings.png (PNG copy)>] [110 <./c
hapter4/Geles/PriAAbril30.png>] <chapter4/MutantControl.png, id=12616, 391.4625
pt x 234.8775pt>
File: chapter4/MutantControl.png Graphic file (type png)
<use chapter4/MutantControl.png>
Package pdftex.def Info: chapter4/MutantControl.png used on input line 4964.
(pdftex.def)             Requested size: 391.46153pt x 234.87692pt.
[111

 <./chapter4/MutantControl.png>] [112

]pdfTeX warning (ext4): destination with the same identifier (name{section.4.1}
) has been already used, duplicate ignored
<to be read again> 
                   \relax 
l.4991   \section{Discusion}
                            \label{discusion-1}

Package hyperref Warning: Difference (2) between bookmark levels is greater 
(hyperref)                than one, level fixed on input line 5003.

[113

] [114

]
Appendix A.

Package hyperref Warning: Difference (3) between bookmark levels is greater 
(hyperref)                than one, level fixed on input line 5019.

LaTeX Font Info:    Font shape `T1/lmtt/bx/n' in size <12> not available
(Font)              Font shape `T1/lmtt/b/n' tried instead on input line 5027.

Package hyperref Warning: Suppressing empty link on input line 5038.


Package hyperref Warning: Difference (2) between bookmark levels is greater 
(hyperref)                than one, level fixed on input line 5038.

[115] [116]
Appendix B.

Underfull \hbox (badness 10000) in paragraph at lines 5081--5084
\T1/lmtt/m/n/12 sudo docker exec -i -t romantic_brahmagupta /bin/bash docker ex
ec -it
 []

[117

]
Overfull \hbox (54.20525pt too wide) in paragraph at lines 5100--5102
\T1/lmtt/m/n/12 docker run -i -t -v /home/nelly/GIT/EvoMining/:/var/www/html/Ev
oMining/exchange
 []


Overfull \hbox (295.02336pt too wide) in paragraph at lines 5106--5109
\T1/lmtt/m/n/12 http://10.10.100.234/EvoMining/cgi-bin/color_tree.pl?9&&/var/ww
w/html/EvoMining/exchange/CyanosBBH_MiBIG_DB.faa_CYANOS
 []

LaTeX Font Info:    Try loading font information for TS1+lmtt on input line 511
1.
(/usr/share/texmf/tex/latex/lm/ts1lmtt.fd
File: ts1lmtt.fd 2009/10/30 v1.6 Font defs for Latin Modern
)
Underfull \hbox (badness 10000) in paragraph at lines 5110--5114
\T1/lmtt/m/n/12 perl -MList::Util -e\TS1/lmtt/m/n/12 '\T1/lmtt/m/n/12 print $_ 
. " => " . $INC{$_} . "\n" for keys
 []

[118] [119] [120

]
Appendix C.

Underfull \hbox (badness 10000) in paragraph at lines 5161--5163

 []


Underfull \hbox (badness 10000) in paragraph at lines 5163--5166

 []

[121] [122

]
Underfull \hbox (badness 10000) in paragraph at lines 5201--5205
 \T1/lmr/m/n/12 (+20) Avail-able from: []$\T1/lmtt/m/n/12 https : / / www . sci
encedirect . com / science / article / pii /
 []

[123

]
Underfull \hbox (badness 2384) in paragraph at lines 5267--5273
 \T1/lmr/m/n/12 (+20) of Con-for-ma-tional Dy-nam-ics De-ter-mines the Con-ver-
sion of a Promis-cu-
 []


Underfull \hbox (badness 1117) in paragraph at lines 5267--5273
 \T1/lmr/m/n/12 (+20) ous Gen-er-al-ist into a Spe-cial-ist En-zyme. Molec-u-la
r Bi-ol-ogy and Evo-lu-
 []


Underfull \hbox (badness 10000) in paragraph at lines 5267--5273
 []$\T1/lmtt/m/n/12 https : / / academic . oup . com / mbe / article / 32 / 1 /
 132 / 2925568 / Evolution -[] of -[]
 []


Underfull \vbox (badness 10000) has occurred while \output is active []

[124]
Underfull \hbox (badness 10000) in paragraph at lines 5360--5365
 []$\T1/lmtt/m/n/12 https : / / academic . oup . com / mbe / article / 24 / 12 
/ 2716 / 978039 / Multicopy -[]
 []


Underfull \vbox (badness 10000) has occurred while \output is active []

[125]
Underfull \hbox (badness 10000) in paragraph at lines 5380--5386
 []$\T1/lmtt/m/n/12 https : / / academic . oup . com / mbe / article / 32 / 1 /
 100 / 2925554 / Differential -[]
 []


Underfull \vbox (badness 10000) has occurred while \output is active []

[126]
Underfull \hbox (badness 10000) in paragraph at lines 5433--5438
 []$\T1/lmtt/m/n/12 http : / / journals . plos . org / plosone / article ? id =
 10 . 1371 / journal . pone .
 []


Underfull \hbox (badness 10000) in paragraph at lines 5457--5463
 []$\T1/lmtt/m/n/12 https : / / academic . oup . com / mbe / article / 30 / 9 /
 2024 / 1000280 / Evolution -[]
 []


Underfull \vbox (badness 10000) has occurred while \output is active []

[127]
Underfull \hbox (badness 2717) in paragraph at lines 5516--5521
 \T1/lmr/m/n/12 (+20) G. Pro-tein Con-for-ma-tional Di-ver-sity Cor-re-lates wi
th Evo-lu-tion-ary Rate.
 []


Underfull \hbox (badness 10000) in paragraph at lines 5543--5548
 []$\T1/lmtt/m/n/12 https : / / academic . oup . com / nar / article / 41 / D1 
/ D358 / 1060216 / OrthoDB -[] a -[]
 []


Underfull \vbox (badness 10000) has occurred while \output is active []

[128]
Underfull \hbox (badness 10000) in paragraph at lines 5592--5597
 []$\T1/lmtt/m/n/12 http : / / www . nature . com / nature / journal / v502 / n
7473 / full / nature12576 .
 []


Underfull \vbox (badness 10000) has occurred while \output is active []

[129]
Underfull \vbox (badness 10000) has occurred while \output is active []

[130]
Underfull \vbox (badness 10000) has occurred while \output is active []

[131]
Underfull \vbox (badness 10000) has occurred while \output is active []

[132]
Underfull \hbox (badness 1496) in paragraph at lines 5820--5825
 \T1/lmr/m/n/12 (+20) from: []$\T1/lmtt/m/n/12 https : / / academic . oup . com
 / nar / article / 39 / suppl _ 1 / D670 / 2506543 /
 []


Underfull \hbox (badness 3792) in paragraph at lines 5856--5862
 \T1/lmr/m/n/12 (+20) Metabolic Re-con-struc-tion and Hy-poth-e-sis Test-ing in
 the Methanogenic
 []


Underfull \hbox (badness 3179) in paragraph at lines 5856--5862
 \T1/lmr/m/n/12 (+20) Ar-chaeon Methanosarcina ace-tivo-rans C2A. Jour-nal of B
ac-te-ri-ol-ogy [In-
 []


Underfull \hbox (badness 2150) in paragraph at lines 5856--5862
 \T1/lmr/m/n/12 (+20) ter-net]. 2012 Feb [cited 2016 Sep 16];194(4):855--65. Av
ail-able from:
 []


Underfull \vbox (badness 10000) has occurred while \output is active []

[133]
Underfull \hbox (badness 1478) in paragraph at lines 5922--5927
 \T1/lmr/m/n/12 (+20) Avail-able from: []$\T1/lmtt/m/n/12 http : / / www . natu
re . com / ncomms / 2015 / 150305 / ncomms7509 /
 []


Underfull \vbox (badness 10000) has occurred while \output is active []

[134]
Underfull \hbox (badness 10000) in paragraph at lines 5929--5934
 []$\T1/lmtt/m/n/12 http : / / www . nature . com / nature / journal / v499 / n
7459 / full / nature12352 .
 []


Underfull \hbox (badness 10000) in paragraph at lines 5944--5949
 []$\T1/lmtt/m/n/12 http : / / www . nature . com / nature / journal / v521 / n
7551 / full / nature14447 .
 []


Underfull \vbox (badness 10000) has occurred while \output is active []

[135]
Underfull \vbox (badness 10000) has occurred while \output is active []

[136]
Underfull \hbox (badness 1478) in paragraph at lines 6078--6083
 \T1/lmr/m/n/12 (+20) Avail-able from: []$\T1/lmtt/m/n/12 http : / / journals .
 plos . org / plosgenetics / article ? id = 10 .
 []


Underfull \vbox (badness 10000) has occurred while \output is active []

[137]
Underfull \hbox (badness 1097) in paragraph at lines 6168--6173
 \T1/lmr/m/n/12 (+20) ter-net]. 2008 Dec [cited 2017 Jan 26];36(21):6688--719. 
Avail-able from:
 []


Underfull \hbox (badness 10000) in paragraph at lines 6168--6173
 []$\T1/lmtt/m/n/12 https : / / academic . oup . com / nar / article / 36 / 21 
/ 6688 / 2410005 / Genomics -[]
 []


Underfull \vbox (badness 10000) has occurred while \output is active []

[138]
Overfull \hbox (1.5208pt too wide) in paragraph at lines 6230--6234
 \T1/lmr/m/n/12 (-20) terpene metabolism. Current Opinion in Plant Biology [Int
ernet]. 2006 Jun;9(3):297--
 []


Underfull \vbox (badness 10000) has occurred while \output is active []

[139]
Underfull \hbox (badness 3068) in paragraph at lines 6256--6261
 \T1/lmr/m/n/12 (+20) palin-dole/Ambiguine Bio-gen-e-sis Is Me-di-ated by a Cop
e Re-ar-range-ment,
 []


Underfull \hbox (badness 3271) in paragraph at lines 6256--6261
 \T1/lmr/m/n/12 (+20) C--C Bond-Forming Cas-cade. Jour-nal of the Amer-i-can Ch
em-i-cal So-
 []


Underfull \hbox (badness 3168) in paragraph at lines 6256--6261
 \T1/lmr/m/n/12 (+20) ci-ety [In-ter-net]. 2015 Dec;137(49):15366--9. Avail-abl
e from: []$\T1/lmtt/m/n/12 https :
 []

Package atveryend Info: Empty hook `BeforeClearDocument' on input line 6294.
[140]
Package atveryend Info: Empty hook `AfterLastShipout' on input line 6294.
(./tesis.aux)
Package atveryend Info: Executing hook `AtVeryEndDocument' on input line 6294.
Package atveryend Info: Executing hook `AtEndAfterFileList' on input line 6294.

Package rerunfilecheck Info: File `tesis.out' has not changed.
(rerunfilecheck)             Checksum: 5EDB6F8494CDCC6EF87C2EFE682CD0C9;13115.

LaTeX Warning: There were undefined references.

Package atveryend Info: Empty hook `AtVeryVeryEnd' on input line 6294.
 ) 
Here is how much of TeX's memory you used:
 12070 strings out of 493029
 190578 string characters out of 6136233
 356064 words of memory out of 5000000
 14555 multiletter control sequences out of 15000+600000
 95265 words of font info for 195 fonts, out of 8000000 for 9000
 1141 hyphenation exceptions out of 8191
 39i,12n,49p,1715b,460s stack positions out of 5000i,500n,10000p,200000b,80000s
{/usr/share/texmf/fonts/enc/dvips/lm/lm-ts1.enc}{/usr/share/texmf/fonts/enc/d
vips/lm/lm-ec.enc}{/usr/share/texmf/fonts/enc/dvips/lm/lm-mathsy.enc}{/usr/shar
e/texmf/fonts/enc/dvips/lm/lm-rm.enc}{/usr/share/texmf/fonts/enc/dvips/lm/lm-ma
thit.enc}{/usr/share/texmf/fonts/enc/dvips/lm/lm-mathex.enc}</usr/share/texmf/f
onts/type1/public/lm/lmbx12.pfb></usr/share/texmf/fonts/type1/public/lm/lmbxi10
.pfb></usr/share/texmf/fonts/type1/public/lm/lmex10.pfb></usr/share/texmf/fonts
/type1/public/lm/lmmi10.pfb></usr/share/texmf/fonts/type1/public/lm/lmmi12.pfb>
</usr/share/texmf/fonts/type1/public/lm/lmmi6.pfb></usr/share/texmf/fonts/type1
/public/lm/lmmi8.pfb></usr/share/texmf/fonts/type1/public/lm/lmr10.pfb></usr/sh
are/texmf/fonts/type1/public/lm/lmr12.pfb></usr/share/texmf/fonts/type1/public/
lm/lmr8.pfb></usr/share/texmf/fonts/type1/public/lm/lmri12.pfb></usr/share/texm
f/fonts/type1/public/lm/lmro12.pfb></usr/share/texmf/fonts/type1/public/lm/lmsy
10.pfb></usr/share/texmf/fonts/type1/public/lm/lmsy8.pfb></usr/share/texmf/font
s/type1/public/lm/lmtk10.pfb></usr/share/texmf/fonts/type1/public/lm/lmtt12.pfb
></usr/share/texmf/fonts/type1/public/lm/lmtti10.pfb>
Output written on tesis.pdf (162 pages, 17658398 bytes).
PDF statistics:
 13240 PDF objects out of 15390 (max. 8388607)
 9189 compressed objects within 92 object streams
 513 named destinations out of 1000 (max. 500000)
 15545 words of extra memory for PDF output out of 17280 (max. 10000000)

